*** Preprocessing ***
Preprocessing Done!
Read length: 100
Number of reads: 3258816
Reading file: data/SRR554369/input_clean.dna
Constructing dictionaries
Reordering reads
Reordering done, 251511 were unmatched
Writing to file
Done!
Read length: 100
Number of reads: 3258816
Encoding reads
Encoding done

7-Zip [64] 16.02 : Copyright (c) 1999-2016 Igor Pavlov : 2016-05-21
p7zip Version 16.02 (locale=en_IN.UTF-8,Utf16=on,HugeFiles=on,64 bits,80 CPUs Intel(R) Xeon(R) CPU E5-2698 v4 @ 2.20GHz (406F1),ASM,AES-NI)

Open archive: data/SRR554369/output/read_pos.txt.7z
--
Path = data/SRR554369/output/read_pos.txt.7z
Type = 7z
Physical Size = 1217021
Headers Size = 178
Method = LZMA2:22
Solid = -
Blocks = 1

Scanning the drive:
1 file, 3258816 bytes (3183 KiB)

Updating archive: data/SRR554369/output/read_pos.txt.7z

Items to compress: 1


Files read from disk: 1
Archive size: 1207493 bytes (1180 KiB)
Everything is Ok

7-Zip [64] 16.02 : Copyright (c) 1999-2016 Igor Pavlov : 2016-05-21
p7zip Version 16.02 (locale=en_IN.UTF-8,Utf16=on,HugeFiles=on,64 bits,80 CPUs Intel(R) Xeon(R) CPU E5-2698 v4 @ 2.20GHz (406F1),ASM,AES-NI)

Open archive: data/SRR554369/output/read_noise.txt.7z
--
Path = data/SRR554369/output/read_noise.txt.7z
Type = 7z
Physical Size = 706327
Headers Size = 178
Method = LZMA2:1536k
Solid = -
Blocks = 1

Scanning the drive:
1 file, 1039631 bytes (1016 KiB)

Updating archive: data/SRR554369/output/read_noise.txt.7z

Items to compress: 1


Files read from disk: 1
Archive size: 549417 bytes (537 KiB)
Everything is Ok

7-Zip [64] 16.02 : Copyright (c) 1999-2016 Igor Pavlov : 2016-05-21
p7zip Version 16.02 (locale=en_IN.UTF-8,Utf16=on,HugeFiles=on,64 bits,80 CPUs Intel(R) Xeon(R) CPU E5-2698 v4 @ 2.20GHz (406F1),ASM,AES-NI)

Open archive: data/SRR554369/output/read_noisepos.txt.7z
--
Path = data/SRR554369/output/read_noisepos.txt.7z
Type = 7z
Physical Size = 938126
Headers Size = 186
Method = LZMA2:1536k
Solid = -
Blocks = 1

Scanning the drive:
1 file, 899710 bytes (879 KiB)

Updating archive: data/SRR554369/output/read_noisepos.txt.7z

Items to compress: 1


Files read from disk: 1
Archive size: 677632 bytes (662 KiB)
Everything is Ok

7-Zip [64] 16.02 : Copyright (c) 1999-2016 Igor Pavlov : 2016-05-21
p7zip Version 16.02 (locale=en_IN.UTF-8,Utf16=on,HugeFiles=on,64 bits,80 CPUs Intel(R) Xeon(R) CPU E5-2698 v4 @ 2.20GHz (406F1),ASM,AES-NI)

Open archive: data/SRR554369/output/input_N.dna.7z
--
Path = data/SRR554369/output/input_N.dna.7z
Type = 7z
Physical Size = 1355075
Headers Size = 170
Method = LZMA2:6m
Solid = -
Blocks = 1

Scanning the drive:
1 file, 5749526 bytes (5615 KiB)

Updating archive: data/SRR554369/output/input_N.dna.7z

Items to compress: 1


Files read from disk: 1
Archive size: 1355075 bytes (1324 KiB)
Everything is Ok

7-Zip [64] 16.02 : Copyright (c) 1999-2016 Igor Pavlov : 2016-05-21
p7zip Version 16.02 (locale=en_IN.UTF-8,Utf16=on,HugeFiles=on,64 bits,80 CPUs Intel(R) Xeon(R) CPU E5-2698 v4 @ 2.20GHz (406F1),ASM,AES-NI)

Open archive: data/SRR554369/output/read_meta.txt.7z
--
Path = data/SRR554369/output/read_meta.txt.7z
Type = 7z
Physical Size = 186
Headers Size = 178
Method = LZMA2:12
Solid = -
Blocks = 1

Scanning the drive:
1 file, 4 bytes (1 KiB)

Updating archive: data/SRR554369/output/read_meta.txt.7z

Items to compress: 1


Files read from disk: 1
Archive size: 186 bytes (1 KiB)
Everything is Ok

7-Zip [64] 16.02 : Copyright (c) 1999-2016 Igor Pavlov : 2016-05-21
p7zip Version 16.02 (locale=en_IN.UTF-8,Utf16=on,HugeFiles=on,64 bits,80 CPUs Intel(R) Xeon(R) CPU E5-2698 v4 @ 2.20GHz (406F1),ASM,AES-NI)

Open archive: data/SRR554369/output/read_rev.txt.7z
--
Path = data/SRR554369/output/read_rev.txt.7z
Type = 7z
Physical Size = 426327
Headers Size = 178
Method = LZMA2:22
Solid = -
Blocks = 1

Scanning the drive:
1 file, 3258816 bytes (3183 KiB)

Updating archive: data/SRR554369/output/read_rev.txt.7z

Items to compress: 1


Files read from disk: 1
Archive size: 418544 bytes (409 KiB)
Everything is Ok
This is bsc, Block Sorting Compressor. Version 3.1.0. 8 July 2012.
Copyright (c) 2009-2012 Ilya Grebnov <Ilya.Grebnov@gmail.com>.

Compressing data/SRR554369/output/read_seq.txt(00%)data/SRR554369/output/read_seq.txt compressed 8012088 into 7332974 in 1.241 seconds.
	Command being timed: "./run.sh -pgc"
	User time (seconds): 273.82
	System time (seconds): 3.13
	Percent of CPU this job got: 587%
	Elapsed (wall clock) time (h:mm:ss or m:ss): 0:47.14
	Average shared text size (kbytes): 0
	Average unshared data size (kbytes): 0
	Average stack size (kbytes): 0
	Average total size (kbytes): 0
	Maximum resident set size (kbytes): 174020
	Average resident set size (kbytes): 0
	Major (requiring I/O) page faults: 7
	Minor (reclaiming a frame) page faults: 218455
	Voluntary context switches: 10581
	Involuntary context switches: 250
	Swaps: 0
	File system inputs: 1502648
	File system outputs: 3692360
	Socket messages sent: 0
	Socket messages received: 0
	Signals delivered: 0
	Page size (bytes): 4096
	Exit status: 0
