*** Preprocessing ***
Preprocessing Done!
Read length: 101
Number of reads: 3415401668
Reading file: data/ERP001775_1/input_clean.dna
Constructing dictionaries
Reordering reads
4:1000000
4:2000000
4:3000000
4:4000000
0:1000000
4:5000000
4:6000000
5:1000000
7:1000000
4:7000000
5:2000000
4:8000000
0:2000000
4:9000000
3:1000000
4:10000000
2:1000000
4:11000000
4:12000000
1:1000000
4:13000000
4:14000000
5:3000000
4:15000000
4:16000000
4:17000000
4:18000000
6:1000000
7:2000000
5:4000000
4:19000000
2:2000000
3:2000000
4:20000000
0:3000000
2:3000000
1:2000000
5:5000000
7:3000000
3:3000000
5:6000000
6:2000000
4:21000000
1:3000000
7:4000000
5:7000000
2:4000000
6:3000000
0:4000000
4:22000000
3:4000000
5:8000000
1:4000000
7:5000000
7:6000000
4:23000000
7:7000000
7:8000000
2:5000000
7:9000000
3:5000000
0:5000000
7:10000000
7:11000000
6:4000000
7:12000000
5:9000000
0:6000000
7:13000000
4:24000000
7:14000000
7:15000000
5:10000000
6:5000000
0:7000000
4:25000000
4:26000000
6:6000000
4:27000000
3:6000000
4:28000000
6:7000000
2:6000000
7:16000000
3:7000000
6:8000000
0:8000000
1:5000000
7:17000000
5:11000000
1:6000000
4:29000000
3:8000000
6:9000000
4:30000000
5:12000000
4:31000000
1:7000000
0:9000000
7:18000000
4:32000000
3:9000000
6:10000000
1:8000000
4:33000000
5:13000000
7:19000000
4:34000000
3:10000000
1:9000000
5:14000000
0:10000000
5:15000000
3:11000000
1:10000000
6:11000000
2:7000000
1:11000000
6:12000000
3:12000000
2:8000000
1:12000000
6:13000000
5:16000000
1:13000000
6:14000000
6:15000000
2:9000000
3:13000000
1:14000000
2:10000000
3:14000000
6:16000000
2:11000000
2:12000000
3:15000000
2:13000000
0:11000000
6:17000000
4:35000000
6:18000000
1:15000000
2:14000000
6:19000000
1:16000000
6:20000000
6:21000000
1:17000000
6:22000000
7:20000000
3:16000000
1:18000000
7:21000000
6:23000000
7:22000000
6:24000000
7:23000000
7:24000000
6:25000000
1:19000000
6:26000000
4:36000000
7:25000000
1:20000000
5:17000000
5:18000000
3:17000000
5:19000000
7:26000000
6:27000000
0:12000000
0:13000000
7:27000000
1:21000000
3:18000000
2:15000000
3:19000000
6:28000000
3:20000000
5:20000000
7:28000000
3:21000000
3:22000000
0:14000000
2:16000000
1:22000000
3:23000000
7:29000000
7:30000000
7:31000000
4:37000000
5:21000000
3:24000000
0:15000000
6:29000000
7:32000000
2:17000000
3:25000000
1:23000000
6:30000000
4:38000000
5:22000000
2:18000000
6:31000000
7:33000000
0:16000000
4:39000000
3:26000000
5:23000000
4:40000000
6:32000000
1:24000000
0:17000000
3:27000000
6:33000000
5:24000000
1:25000000
1:26000000
3:28000000
7:34000000
0:18000000
4:41000000
0:19000000
5:25000000
0:20000000
6:34000000
1:27000000
0:21000000
7:35000000
5:26000000
2:19000000
4:42000000
3:29000000
1:28000000
5:27000000
4:43000000
7:36000000
0:22000000
2:20000000
6:35000000
1:29000000
3:30000000
5:28000000
4:44000000
1:30000000
6:36000000
6:37000000
7:37000000
3:31000000
0:23000000
1:31000000
4:45000000
7:38000000
5:29000000
3:32000000
1:32000000
6:38000000
2:21000000
1:33000000
6:39000000
7:39000000
5:30000000
3:33000000
0:24000000
2:22000000
5:31000000
4:46000000
6:40000000
1:34000000
7:40000000
3:34000000
0:25000000
6:41000000
3:35000000
4:47000000
1:35000000
5:32000000
7:41000000
0:26000000
2:23000000
1:36000000
3:36000000
4:48000000
6:42000000
5:33000000
7:42000000
0:27000000
2:24000000
3:37000000
6:43000000
1:37000000
4:49000000
0:28000000
2:25000000
5:34000000
3:38000000
7:43000000
6:44000000
4:50000000
0:29000000
2:26000000
1:38000000
5:35000000
3:39000000
7:44000000
4:51000000
6:45000000
0:30000000
3:40000000
2:27000000
5:36000000
7:45000000
4:52000000
1:39000000
6:46000000
0:31000000
3:41000000
2:28000000
5:37000000
7:46000000
4:53000000
1:40000000
3:42000000
6:47000000
2:29000000
7:47000000
5:38000000
4:54000000
1:41000000
3:43000000
7:48000000
2:30000000
0:32000000
6:48000000
5:39000000
1:42000000
4:55000000
2:31000000
7:49000000
3:44000000
4:56000000
0:33000000
5:40000000
6:49000000
1:43000000
3:45000000
2:32000000
4:57000000
7:50000000
0:34000000
5:41000000
3:46000000
6:50000000
2:33000000
1:44000000
0:35000000
7:51000000
4:58000000
5:42000000
3:47000000
6:51000000
2:34000000
1:45000000
0:36000000
5:43000000
4:59000000
7:52000000
3:48000000
2:35000000
6:52000000
1:46000000
0:37000000
5:44000000
4:60000000
3:49000000
7:53000000
0:38000000
1:47000000
2:36000000
5:45000000
6:53000000
3:50000000
4:61000000
0:39000000
7:54000000
2:37000000
1:48000000
6:54000000
5:46000000
0:40000000
4:62000000
7:55000000
3:51000000
2:38000000
5:47000000
1:49000000
6:55000000
4:63000000
0:41000000
7:56000000
2:39000000
3:52000000
1:50000000
6:56000000
5:48000000
0:42000000
4:64000000
2:40000000
7:57000000
3:53000000
1:51000000
0:43000000
6:57000000
5:49000000
4:65000000
2:41000000
3:54000000
1:52000000
6:58000000
0:44000000
7:58000000
4:66000000
5:50000000
3:55000000
2:42000000
6:59000000
0:45000000
1:53000000
7:59000000
4:67000000
5:51000000
0:46000000
2:43000000
3:56000000
1:54000000
6:60000000
7:60000000
2:44000000
4:68000000
0:47000000
5:52000000
3:57000000
1:55000000
6:61000000
4:69000000
2:45000000
0:48000000
3:58000000
5:53000000
7:61000000
1:56000000
6:62000000
2:46000000
0:49000000
4:70000000
1:57000000
5:54000000
3:59000000
7:62000000
0:50000000
6:63000000
4:71000000
2:47000000
1:58000000
5:55000000
7:63000000
3:60000000
0:51000000
4:72000000
2:48000000
6:64000000
1:59000000
7:64000000
5:56000000
3:61000000
4:73000000
0:52000000
2:49000000
1:60000000
6:65000000
7:65000000
3:62000000
5:57000000
4:74000000
0:53000000
1:61000000
6:66000000
2:50000000
7:66000000
3:63000000
5:58000000
0:54000000
1:62000000
4:75000000
3:64000000
6:67000000
2:51000000
7:67000000
0:55000000
5:59000000
4:76000000
6:68000000
3:65000000
1:63000000
2:52000000
7:68000000
0:56000000
5:60000000
6:69000000
4:77000000
2:53000000
1:64000000
3:66000000
7:69000000
0:57000000
5:61000000
6:70000000
4:78000000
2:54000000
7:70000000
1:65000000
3:67000000
6:71000000
0:58000000
5:62000000
4:79000000
1:66000000
2:55000000
7:71000000
3:68000000
6:72000000
5:63000000
0:59000000
2:56000000
4:80000000
7:72000000
1:67000000
3:69000000
6:73000000
5:64000000
0:60000000
4:81000000
2:57000000
7:73000000
6:74000000
1:68000000
3:70000000
5:65000000
0:61000000
2:58000000
4:82000000
3:71000000
7:74000000
6:75000000
1:69000000
5:66000000
0:62000000
4:83000000
2:59000000
3:72000000
6:76000000
7:75000000
1:70000000
0:63000000
5:67000000
4:84000000
3:73000000
6:77000000
2:60000000
7:76000000
1:71000000
5:68000000
4:85000000
0:64000000
3:74000000
6:78000000
5:69000000
2:61000000
4:86000000
7:77000000
1:72000000
0:65000000
3:75000000
6:79000000
2:62000000
5:70000000
7:78000000
4:87000000
3:76000000
1:73000000
0:66000000
6:80000000
2:63000000
5:71000000
4:88000000
3:77000000
7:79000000
1:74000000
0:67000000
6:81000000
2:64000000
5:72000000
3:78000000
7:80000000
4:89000000
0:68000000
1:75000000
5:73000000
3:79000000
6:82000000
2:65000000
0:69000000
1:76000000
7:81000000
4:90000000
6:83000000
2:66000000
3:80000000
5:74000000
7:82000000
1:77000000
4:91000000
0:70000000
6:84000000
2:67000000
3:81000000
5:75000000
7:83000000
1:78000000
4:92000000
0:71000000
6:85000000
2:68000000
3:82000000
5:76000000
7:84000000
4:93000000
1:79000000
6:86000000
2:69000000
0:72000000
3:83000000
5:77000000
7:85000000
4:94000000
1:80000000
6:87000000
0:73000000
2:70000000
5:78000000
3:84000000
4:95000000
0:74000000
6:88000000
1:81000000
7:86000000
5:79000000
2:71000000
3:85000000
4:96000000
0:75000000
1:82000000
6:89000000
7:87000000
5:80000000
3:86000000
4:97000000
2:72000000
0:76000000
7:88000000
6:90000000
1:83000000
5:81000000
3:87000000
4:98000000
2:73000000
0:77000000
7:89000000
1:84000000
6:91000000
4:99000000
5:82000000
3:88000000
2:74000000
7:90000000
0:78000000
6:92000000
1:85000000
4:100000000
3:89000000
5:83000000
7:91000000
2:75000000
0:79000000
6:93000000
1:86000000
4:101000000
3:90000000
5:84000000
7:92000000
0:80000000
2:76000000
1:87000000
4:102000000
6:94000000
3:91000000
5:85000000
7:93000000
0:81000000
2:77000000
4:103000000
1:88000000
6:95000000
3:92000000
5:86000000
0:82000000
2:78000000
4:104000000
6:96000000
7:94000000
1:89000000
5:87000000
3:93000000
0:83000000
4:105000000
2:79000000
6:97000000
5:88000000
7:95000000
1:90000000
3:94000000
4:106000000
6:98000000
0:84000000
5:89000000
2:80000000
7:96000000
1:91000000
3:95000000
6:99000000
5:90000000
0:85000000
7:97000000
4:107000000
2:81000000
1:92000000
3:96000000
6:100000000
7:98000000
0:86000000
2:82000000
4:108000000
5:91000000
1:93000000
3:97000000
6:101000000
7:99000000
0:87000000
2:83000000
5:92000000
4:109000000
3:98000000
1:94000000
6:102000000
7:100000000
2:84000000
5:93000000
0:88000000
4:110000000
3:99000000
1:95000000
6:103000000
7:101000000
5:94000000
2:85000000
0:89000000
4:111000000
3:100000000
1:96000000
5:95000000
6:104000000
7:102000000
2:86000000
0:90000000
4:112000000
6:105000000
5:96000000
3:101000000
1:97000000
2:87000000
7:103000000
0:91000000
4:113000000
6:106000000
5:97000000
3:102000000
2:88000000
1:98000000
0:92000000
4:114000000
7:104000000
3:103000000
6:107000000
5:98000000
2:89000000
1:99000000
0:93000000
4:115000000
3:104000000
7:105000000
6:108000000
5:99000000
2:90000000
1:100000000
0:94000000
3:105000000
7:106000000
4:116000000
6:109000000
5:100000000
2:91000000
1:101000000
0:95000000
3:106000000
4:117000000
6:110000000
7:107000000
2:92000000
5:101000000
0:96000000
1:102000000
3:107000000
4:118000000
7:108000000
6:111000000
5:102000000
2:93000000
0:97000000
3:108000000
1:103000000
6:112000000
4:119000000
2:94000000
7:109000000
0:98000000
5:103000000
3:109000000
1:104000000
6:113000000
4:120000000
0:99000000
2:95000000
3:110000000
7:110000000
5:104000000
4:121000000
1:105000000
6:114000000
0:100000000
2:96000000
5:105000000
7:111000000
3:111000000
4:122000000
6:115000000
1:106000000
0:101000000
2:97000000
5:106000000
3:112000000
6:116000000
7:112000000
4:123000000
1:107000000
0:102000000
2:98000000
5:107000000
3:113000000
4:124000000
7:113000000
6:117000000
0:103000000
1:108000000
2:99000000
3:114000000
5:108000000
4:125000000
7:114000000
6:118000000
0:104000000
5:109000000
3:115000000
1:109000000
2:100000000
4:126000000
7:115000000
6:119000000
5:110000000
0:105000000
3:116000000
2:101000000
1:110000000
4:127000000
7:116000000
0:106000000
6:120000000
5:111000000
3:117000000
1:111000000
2:102000000
4:128000000
7:117000000
0:107000000
5:112000000
3:118000000
6:121000000
1:112000000
4:129000000
2:103000000
7:118000000
0:108000000
5:113000000
3:119000000
1:113000000
6:122000000
4:130000000
2:104000000
7:119000000
0:109000000
5:114000000
3:120000000
6:123000000
1:114000000
4:131000000
7:120000000
2:105000000
0:110000000
3:121000000
5:115000000
1:115000000
6:124000000
4:132000000
7:121000000
2:106000000
0:111000000
3:122000000
5:116000000
1:116000000
4:133000000
7:122000000
2:107000000
6:125000000
0:112000000
3:123000000
5:117000000
4:134000000
1:117000000
2:108000000
0:113000000
7:123000000
3:124000000
6:126000000
4:135000000
5:118000000
1:118000000
2:109000000
7:124000000
0:114000000
3:125000000
6:127000000
4:136000000
5:119000000
2:110000000
1:119000000
0:115000000
3:126000000
7:125000000
4:137000000
6:128000000
5:120000000
0:116000000
1:120000000
2:111000000
3:127000000
7:126000000
4:138000000
6:129000000
5:121000000
0:117000000
1:121000000
2:112000000
3:128000000
7:127000000
4:139000000
6:130000000
5:122000000
1:122000000
0:118000000
2:113000000
7:128000000
3:129000000
4:140000000
6:131000000
1:123000000
0:119000000
5:123000000
2:114000000
7:129000000
3:130000000
4:141000000
6:132000000
0:120000000
1:124000000
5:124000000
7:130000000
3:131000000
4:142000000
2:115000000
6:133000000
0:121000000
1:125000000
5:125000000
4:143000000
7:131000000
3:132000000
6:134000000
2:116000000
0:122000000
1:126000000
5:126000000
7:132000000
4:144000000
3:133000000
2:117000000
0:123000000
6:135000000
1:127000000
5:127000000
7:133000000
4:145000000
3:134000000
2:118000000
0:124000000
1:128000000
5:128000000
6:136000000
3:135000000
4:146000000
7:134000000
2:119000000
1:129000000
0:125000000
5:129000000
6:137000000
4:147000000
3:136000000
7:135000000
2:120000000
0:126000000
1:130000000
5:130000000
6:138000000
4:148000000
3:137000000
7:136000000
2:121000000
0:127000000
1:131000000
5:131000000
6:139000000
4:149000000
3:138000000
2:122000000
7:137000000
0:128000000
1:132000000
5:132000000
3:139000000
4:150000000
6:140000000
2:123000000
7:138000000
0:129000000
1:133000000
4:151000000
5:133000000
3:140000000
6:141000000
2:124000000
7:139000000
4:152000000
0:130000000
1:134000000
5:134000000
3:141000000
6:142000000
2:125000000
7:140000000
4:153000000
5:135000000
0:131000000
1:135000000
3:142000000
6:143000000
2:126000000
7:141000000
1:136000000
0:132000000
4:154000000
5:136000000
3:143000000
6:144000000
2:127000000
7:142000000
0:133000000
5:137000000
4:155000000
1:137000000
3:144000000
6:145000000
2:128000000
0:134000000
7:143000000
5:138000000
4:156000000
3:145000000
2:129000000
1:138000000
6:146000000
0:135000000
5:139000000
4:157000000
7:144000000
3:146000000
2:130000000
1:139000000
0:136000000
6:147000000
5:140000000
4:158000000
7:145000000
2:131000000
3:147000000
1:140000000
6:148000000
5:141000000
0:137000000
4:159000000
7:146000000
3:148000000
2:132000000
0:138000000
1:141000000
5:142000000
6:149000000
4:160000000
7:147000000
3:149000000
0:139000000
2:133000000
1:142000000
4:161000000
5:143000000
6:150000000
7:148000000
3:150000000
2:134000000
0:140000000
5:144000000
1:143000000
6:151000000
4:162000000
7:149000000
3:151000000
0:141000000
2:135000000
5:145000000
4:163000000
1:144000000
6:152000000
7:150000000
3:152000000
0:142000000
2:136000000
5:146000000
4:164000000
1:145000000
3:153000000
0:143000000
7:151000000
6:153000000
2:137000000
5:147000000
1:146000000
4:165000000
0:144000000
7:152000000
3:154000000
2:138000000
6:154000000
5:148000000
1:147000000
4:166000000
0:145000000
7:153000000
3:155000000
2:139000000
6:155000000
5:149000000
1:148000000
4:167000000
0:146000000
7:154000000
3:156000000
6:156000000
2:140000000
5:150000000
0:147000000
4:168000000
7:155000000
1:149000000
3:157000000
2:141000000
6:157000000
5:151000000
0:148000000
4:169000000
7:156000000
1:150000000
3:158000000
2:142000000
6:158000000
5:152000000
0:149000000
7:157000000
4:170000000
3:159000000
1:151000000
2:143000000
5:153000000
6:159000000
0:150000000
3:160000000
4:171000000
1:152000000
7:158000000
2:144000000
5:154000000
0:151000000
6:160000000
1:153000000
3:161000000
4:172000000
7:159000000
2:145000000
5:155000000
0:152000000
6:161000000
3:162000000
1:154000000
7:160000000
4:173000000
2:146000000
5:156000000
0:153000000
3:163000000
1:155000000
4:174000000
7:161000000
6:162000000
2:147000000
5:157000000
0:154000000
3:164000000
4:175000000
1:156000000
7:162000000
6:163000000
2:148000000
5:158000000
0:155000000
3:165000000
4:176000000
1:157000000
7:163000000
6:164000000
2:149000000
0:156000000
5:159000000
3:166000000
4:177000000
1:158000000
7:164000000
2:150000000
0:157000000
6:165000000
5:160000000
3:167000000
4:178000000
1:159000000
7:165000000
0:158000000
2:151000000
5:161000000
3:168000000
6:166000000
4:179000000
1:160000000
7:166000000
0:159000000
2:152000000
5:162000000
3:169000000
4:180000000
6:167000000
1:161000000
0:160000000
2:153000000
7:167000000
5:163000000
3:170000000
4:181000000
6:168000000
1:162000000
0:161000000
7:168000000
2:154000000
5:164000000
3:171000000
4:182000000
6:169000000
1:163000000
0:162000000
7:169000000
2:155000000
5:165000000
3:172000000
4:183000000
6:170000000
0:163000000
1:164000000
7:170000000
2:156000000
5:166000000
3:173000000
4:184000000
6:171000000
0:164000000
1:165000000
7:171000000
2:157000000
5:167000000
3:174000000
0:165000000
6:172000000
4:185000000
1:166000000
2:158000000
7:172000000
5:168000000
3:175000000
0:166000000
4:186000000
6:173000000
1:167000000
2:159000000
7:173000000
5:169000000
3:176000000
0:167000000
4:187000000
6:174000000
1:168000000
2:160000000
7:174000000
5:170000000
3:177000000
0:168000000
4:188000000
6:175000000
1:169000000
7:175000000
2:161000000
5:171000000
0:169000000
3:178000000
6:176000000
1:170000000
4:189000000
7:176000000
2:162000000
5:172000000
0:170000000
3:179000000
4:190000000
6:177000000
1:171000000
5:173000000
7:177000000
2:163000000
0:171000000
3:180000000
1:172000000
4:191000000
6:178000000
7:178000000
5:174000000
0:172000000
2:164000000
3:181000000
1:173000000
4:192000000
6:179000000
0:173000000
7:179000000
3:182000000
5:175000000
2:165000000
4:193000000
1:174000000
6:180000000
0:174000000
5:176000000
7:180000000
3:183000000
2:166000000
1:175000000
4:194000000
6:181000000
5:177000000
0:175000000
3:184000000
7:181000000
1:176000000
2:167000000
4:195000000
5:178000000
0:176000000
3:185000000
6:182000000
7:182000000
1:177000000
4:196000000
3:186000000
5:179000000
0:177000000
2:168000000
6:183000000
1:178000000
7:183000000
4:197000000
3:187000000
5:180000000
0:178000000
2:169000000
6:184000000
4:198000000
7:184000000
1:179000000
3:188000000
5:181000000
0:179000000
2:170000000
6:185000000
7:185000000
4:199000000
1:180000000
3:189000000
5:182000000
0:180000000
2:171000000
4:200000000
6:186000000
7:186000000
1:181000000
3:190000000
5:183000000
0:181000000
2:172000000
4:201000000
1:182000000
7:187000000
6:187000000
3:191000000
0:182000000
5:184000000
4:202000000
1:183000000
6:188000000
2:173000000
7:188000000
3:192000000
0:183000000
5:185000000
4:203000000
1:184000000
6:189000000
2:174000000
3:193000000
7:189000000
0:184000000
5:186000000
4:204000000
1:185000000
6:190000000
2:175000000
3:194000000
7:190000000
5:187000000
4:205000000
0:185000000
3:195000000
1:186000000
2:176000000
6:191000000
5:188000000
7:191000000
4:206000000
0:186000000
1:187000000
2:177000000
3:196000000
6:192000000
5:189000000
7:192000000
0:187000000
4:207000000
1:188000000
2:178000000
3:197000000
6:193000000
5:190000000
7:193000000
0:188000000
4:208000000
3:198000000
1:189000000
2:179000000
6:194000000
5:191000000
7:194000000
0:189000000
4:209000000
1:190000000
3:199000000
2:180000000
6:195000000
5:192000000
7:195000000
0:190000000
4:210000000
1:191000000
3:200000000
6:196000000
5:193000000
2:181000000
7:196000000
0:191000000
3:201000000
4:211000000
1:192000000
6:197000000
5:194000000
2:182000000
7:197000000
0:192000000
3:202000000
4:212000000
1:193000000
6:198000000
5:195000000
2:183000000
0:193000000
7:198000000
3:203000000
1:194000000
4:213000000
6:199000000
5:196000000
2:184000000
0:194000000
3:204000000
7:199000000
4:214000000
1:195000000
6:200000000
5:197000000
0:195000000
2:185000000
3:205000000
4:215000000
7:200000000
1:196000000
6:201000000
0:196000000
5:198000000
2:186000000
4:216000000
1:197000000
3:206000000
7:201000000
6:202000000
5:199000000
2:187000000
0:197000000
4:217000000
1:198000000
3:207000000
7:202000000
6:203000000
0:198000000
5:200000000
2:188000000
1:199000000
4:218000000
3:208000000
7:203000000
6:204000000
5:201000000
0:199000000
1:200000000
4:219000000
2:189000000
3:209000000
7:204000000
6:205000000
5:202000000
0:200000000
4:220000000
1:201000000
3:210000000
2:190000000
7:205000000
6:206000000
5:203000000
0:201000000
4:221000000
3:211000000
1:202000000
2:191000000
7:206000000
6:207000000
5:204000000
0:202000000
4:222000000
1:203000000
3:212000000
2:192000000
7:207000000
6:208000000
0:203000000
4:223000000
5:205000000
1:204000000
3:213000000
2:193000000
7:208000000
6:209000000
5:206000000
0:204000000
1:205000000
4:224000000
3:214000000
2:194000000
7:209000000
6:210000000
5:207000000
1:206000000
0:205000000
4:225000000
3:215000000
2:195000000
7:210000000
6:211000000
5:208000000
1:207000000
4:226000000
3:216000000
0:206000000
7:211000000
2:196000000
6:212000000
5:209000000
1:208000000
4:227000000
3:217000000
7:212000000
0:207000000
2:197000000
5:210000000
6:213000000
4:228000000
1:209000000
3:218000000
0:208000000
7:213000000
5:211000000
2:198000000
6:214000000
4:229000000
1:210000000
3:219000000
0:209000000
7:214000000
2:199000000
5:212000000
6:215000000
4:230000000
1:211000000
0:210000000
3:220000000
7:215000000
5:213000000
2:200000000
4:231000000
1:212000000
6:216000000
0:211000000
3:221000000
7:216000000
5:214000000
4:232000000
1:213000000
2:201000000
3:222000000
6:217000000
0:212000000
7:217000000
5:215000000
4:233000000
1:214000000
6:218000000
0:213000000
2:202000000
3:223000000
7:218000000
4:234000000
5:216000000
0:214000000
1:215000000
6:219000000
3:224000000
2:203000000
7:219000000
5:217000000
4:235000000
1:216000000
0:215000000
3:225000000
6:220000000
2:204000000
7:220000000
4:236000000
5:218000000
3:226000000
0:216000000
6:221000000
1:217000000
2:205000000
7:221000000
4:237000000
5:219000000
3:227000000
6:222000000
0:217000000
1:218000000
2:206000000
7:222000000
4:238000000
5:220000000
3:228000000
1:219000000
6:223000000
0:218000000
4:239000000
2:207000000
7:223000000
3:229000000
1:220000000
0:219000000
5:221000000
6:224000000
4:240000000
2:208000000
1:221000000
3:230000000
7:224000000
5:222000000
0:220000000
6:225000000
4:241000000
2:209000000
1:222000000
3:231000000
7:225000000
5:223000000
0:221000000
4:242000000
6:226000000
3:232000000
1:223000000
5:224000000
2:210000000
0:222000000
7:226000000
4:243000000
6:227000000
3:233000000
0:223000000
5:225000000
1:224000000
2:211000000
7:227000000
4:244000000
6:228000000
3:234000000
0:224000000
5:226000000
1:225000000
2:212000000
4:245000000
6:229000000
7:228000000
3:235000000
0:225000000
1:226000000
5:227000000
2:213000000
4:246000000
6:230000000
3:236000000
7:229000000
1:227000000
5:228000000
0:226000000
2:214000000
4:247000000
6:231000000
3:237000000
1:228000000
7:230000000
2:215000000
5:229000000
0:227000000
4:248000000
3:238000000
6:232000000
0:228000000
1:229000000
5:230000000
2:216000000
4:249000000
7:231000000
6:233000000
3:239000000
5:231000000
0:229000000
4:250000000
1:230000000
7:232000000
2:217000000
6:234000000
3:240000000
5:232000000
4:251000000
1:231000000
0:230000000
2:218000000
7:233000000
6:235000000
3:241000000
1:232000000
0:231000000
5:233000000
4:252000000
2:219000000
7:234000000
3:242000000
6:236000000
0:232000000
1:233000000
2:220000000
4:253000000
5:234000000
7:235000000
6:237000000
3:243000000
0:233000000
1:234000000
2:221000000
5:235000000
4:254000000
7:236000000
6:238000000
3:244000000
1:235000000
0:234000000
4:255000000
5:236000000
2:222000000
3:245000000
7:237000000
6:239000000
1:236000000
5:237000000
0:235000000
4:256000000
2:223000000
3:246000000
6:240000000
7:238000000
1:237000000
4:257000000
5:238000000
2:224000000
0:236000000
3:247000000
6:241000000
7:239000000
2:225000000
4:258000000
5:239000000
1:238000000
0:237000000
3:248000000
6:242000000
7:240000000
4:259000000
2:226000000
5:240000000
0:238000000
1:239000000
3:249000000
6:243000000
7:241000000
2:227000000
4:260000000
5:241000000
0:239000000
3:250000000
1:240000000
6:244000000
2:228000000
7:242000000
4:261000000
0:240000000
5:242000000
1:241000000
3:251000000
6:245000000
7:243000000
4:262000000
2:229000000
0:241000000
5:243000000
3:252000000
1:242000000
6:246000000
4:263000000
2:230000000
7:244000000
0:242000000
5:244000000
1:243000000
3:253000000
6:247000000
4:264000000
2:231000000
3:254000000
5:245000000
0:243000000
7:245000000
1:244000000
6:248000000
4:265000000
2:232000000
0:244000000
1:245000000
3:255000000
5:246000000
7:246000000
6:249000000
4:266000000
2:233000000
3:256000000
5:247000000
0:245000000
1:246000000
7:247000000
6:250000000
4:267000000
0:246000000
2:234000000
5:248000000
3:257000000
1:247000000
7:248000000
4:268000000
6:251000000
2:235000000
0:247000000
5:249000000
1:248000000
3:258000000
7:249000000
4:269000000
6:252000000
0:248000000
5:250000000
2:236000000
3:259000000
1:249000000
7:250000000
4:270000000
6:253000000
2:237000000
0:249000000
5:251000000
1:250000000
3:260000000
7:251000000
4:271000000
6:254000000
0:250000000
2:238000000
5:252000000
3:261000000
1:251000000
7:252000000
6:255000000
4:272000000
0:251000000
2:239000000
5:253000000
1:252000000
3:262000000
6:256000000
7:253000000
4:273000000
0:252000000
5:254000000
2:240000000
1:253000000
3:263000000
7:254000000
6:257000000
4:274000000
0:253000000
5:255000000
3:264000000
2:241000000
1:254000000
4:275000000
7:255000000
6:258000000
0:254000000
5:256000000
3:265000000
4:276000000
1:255000000
2:242000000
6:259000000
7:256000000
0:255000000
3:266000000
5:257000000
4:277000000
1:256000000
2:243000000
6:260000000
7:257000000
0:256000000
3:267000000
5:258000000
4:278000000
1:257000000
2:244000000
6:261000000
0:257000000
7:258000000
5:259000000
3:268000000
4:279000000
1:258000000
6:262000000
0:258000000
2:245000000
7:259000000
5:260000000
3:269000000
4:280000000
1:259000000
0:259000000
5:261000000
6:263000000
7:260000000
2:246000000
3:270000000
4:281000000
1:260000000
6:264000000
0:260000000
5:262000000
2:247000000
7:261000000
3:271000000
4:282000000
1:261000000
0:261000000
5:263000000
3:272000000
6:265000000
7:262000000
4:283000000
2:248000000
0:262000000
1:262000000
5:264000000
6:266000000
3:273000000
4:284000000
2:249000000
7:263000000
0:263000000
5:265000000
1:263000000
6:267000000
4:285000000
3:274000000
2:250000000
7:264000000
0:264000000
5:266000000
6:268000000
1:264000000
3:275000000
4:286000000
2:251000000
7:265000000
0:265000000
5:267000000
4:287000000
3:276000000
1:265000000
6:269000000
2:252000000
7:266000000
0:266000000
5:268000000
4:288000000
3:277000000
1:266000000
6:270000000
2:253000000
7:267000000
0:267000000
4:289000000
5:269000000
3:278000000
1:267000000
6:271000000
7:268000000
2:254000000
0:268000000
4:290000000
5:270000000
3:279000000
7:269000000
1:268000000
6:272000000
2:255000000
0:269000000
4:291000000
5:271000000
3:280000000
7:270000000
1:269000000
6:273000000
2:256000000
0:270000000
5:272000000
4:292000000
3:281000000
7:271000000
6:274000000
1:270000000
2:257000000
0:271000000
5:273000000
4:293000000
3:282000000
7:272000000
6:275000000
1:271000000
2:258000000
0:272000000
5:274000000
3:283000000
4:294000000
7:273000000
1:272000000
6:276000000
0:273000000
2:259000000
5:275000000
3:284000000
1:273000000
7:274000000
4:295000000
6:277000000
0:274000000
2:260000000
5:276000000
3:285000000
1:274000000
7:275000000
4:296000000
6:278000000
0:275000000
2:261000000
5:277000000
3:286000000
1:275000000
7:276000000
0:276000000
4:297000000
6:279000000
2:262000000
5:278000000
3:287000000
1:276000000
7:277000000
0:277000000
4:298000000
6:280000000
2:263000000
5:279000000
3:288000000
1:277000000
7:278000000
0:278000000
4:299000000
6:281000000
2:264000000
3:289000000
5:280000000
1:278000000
7:279000000
0:279000000
4:300000000
6:282000000
3:290000000
2:265000000
5:281000000
1:279000000
0:280000000
4:301000000
7:280000000
6:283000000
3:291000000
2:266000000
5:282000000
0:281000000
1:280000000
4:302000000
7:281000000
3:292000000
1:281000000
2:267000000
4:303000000
0:282000000
5:283000000
7:282000000
3:293000000
4:304000000
0:283000000
1:282000000
2:268000000
5:284000000
7:283000000
3:294000000
2:269000000
1:283000000
4:305000000
0:284000000
5:285000000
7:284000000
3:295000000
0:285000000
4:306000000
1:284000000
2:270000000
7:285000000
5:286000000
3:296000000
0:286000000
4:307000000
1:285000000
7:286000000
5:287000000
2:271000000
3:297000000
6:284000000
0:287000000
4:308000000
7:287000000
1:286000000
2:272000000
5:288000000
3:298000000
6:285000000
0:288000000
4:309000000
7:288000000
1:287000000
2:273000000
5:289000000
6:286000000
3:299000000
0:289000000
4:310000000
7:289000000
1:288000000
5:290000000
2:274000000
6:287000000
4:311000000
3:300000000
0:290000000
1:289000000
7:290000000
5:291000000
4:312000000
6:288000000
2:275000000
3:301000000
1:290000000
0:291000000
7:291000000
5:292000000
4:313000000
3:302000000
1:291000000
6:289000000
2:276000000
0:292000000
7:292000000
4:314000000
3:303000000
1:292000000
5:293000000
0:293000000
6:290000000
2:277000000
7:293000000
4:315000000
3:304000000
1:293000000
0:294000000
5:294000000
6:291000000
2:278000000
7:294000000
4:316000000
1:294000000
0:295000000
3:305000000
6:292000000
5:295000000
7:295000000
2:279000000
4:317000000
1:295000000
0:296000000
3:306000000
6:293000000
5:296000000
7:296000000
2:280000000
4:318000000
1:296000000
3:307000000
0:297000000
6:294000000
5:297000000
7:297000000
2:281000000
4:319000000
1:297000000
3:308000000
6:295000000
0:298000000
7:298000000
5:298000000
2:282000000
4:320000000
1:298000000
3:309000000
6:296000000
0:299000000
7:299000000
5:299000000
2:283000000
4:321000000
1:299000000
0:300000000
3:310000000
6:297000000
7:300000000
2:284000000
4:322000000
1:300000000
5:300000000
0:301000000
3:311000000
6:298000000
7:301000000
2:285000000
4:323000000
1:301000000
5:301000000
3:312000000
0:302000000
7:302000000
6:299000000
2:286000000
4:324000000
1:302000000
3:313000000
5:302000000
7:303000000
0:303000000
6:300000000
2:287000000
4:325000000
1:303000000
3:314000000
0:304000000
5:303000000
7:304000000
2:288000000
6:301000000
4:326000000
1:304000000
3:315000000
0:305000000
5:304000000
7:305000000
4:327000000
2:289000000
6:302000000
1:305000000
3:316000000
0:306000000
7:306000000
4:328000000
5:305000000
2:290000000
1:306000000
3:317000000
6:303000000
0:307000000
4:329000000
1:307000000
7:307000000
3:318000000
5:306000000
2:291000000
0:308000000
6:304000000
7:308000000
4:330000000
1:308000000
3:319000000
2:292000000
0:309000000
5:307000000
6:305000000
4:331000000
7:309000000
1:309000000
3:320000000
2:293000000
0:310000000
6:306000000
5:308000000
4:332000000
7:310000000
3:321000000
1:310000000
2:294000000
0:311000000
6:307000000
5:309000000
4:333000000
7:311000000
1:311000000
3:322000000
0:312000000
2:295000000
6:308000000
5:310000000
4:334000000
7:312000000
1:312000000
0:313000000
3:323000000
2:296000000
5:311000000
4:335000000
6:309000000
7:313000000
1:313000000
0:314000000
3:324000000
2:297000000
4:336000000
5:312000000
6:310000000
1:314000000
7:314000000
0:315000000
3:325000000
2:298000000
4:337000000
5:313000000
7:315000000
1:315000000
3:326000000
0:316000000
6:311000000
2:299000000
4:338000000
5:314000000
7:316000000
1:316000000
3:327000000
0:317000000
2:300000000
6:312000000
4:339000000
1:317000000
5:315000000
3:328000000
7:317000000
0:318000000
2:301000000
4:340000000
6:313000000
5:316000000
1:318000000
3:329000000
7:318000000
0:319000000
2:302000000
4:341000000
6:314000000
3:330000000
1:319000000
5:317000000
0:320000000
7:319000000
2:303000000
4:342000000
6:315000000
3:331000000
1:320000000
5:318000000
0:321000000
7:320000000
2:304000000
4:343000000
6:316000000
3:332000000
1:321000000
0:322000000
5:319000000
7:321000000
2:305000000
4:344000000
6:317000000
3:333000000
1:322000000
5:320000000
0:323000000
2:306000000
7:322000000
4:345000000
6:318000000
3:334000000
1:323000000
5:321000000
0:324000000
7:323000000
4:346000000
2:307000000
6:319000000
3:335000000
1:324000000
5:322000000
0:325000000
7:324000000
4:347000000
2:308000000
6:320000000
1:325000000
3:336000000
0:326000000
7:325000000
5:323000000
4:348000000
2:309000000
6:321000000
3:337000000
1:326000000
5:324000000
0:327000000
7:326000000
4:349000000
3:338000000
2:310000000
6:322000000
1:327000000
0:328000000
5:325000000
7:327000000
4:350000000
3:339000000
1:328000000
2:311000000
6:323000000
0:329000000
7:328000000
5:326000000
4:351000000
3:340000000
1:329000000
2:312000000
0:330000000
6:324000000
7:329000000
5:327000000
1:330000000
4:352000000
3:341000000
0:331000000
6:325000000
7:330000000
2:313000000
5:328000000
1:331000000
4:353000000
3:342000000
0:332000000
7:331000000
6:326000000
5:329000000
4:354000000
2:314000000
1:332000000
3:343000000
0:333000000
7:332000000
6:327000000
5:330000000
1:333000000
4:355000000
2:315000000
3:344000000
0:334000000
7:333000000
6:328000000
5:331000000
1:334000000
4:356000000
2:316000000
3:345000000
7:334000000
0:335000000
6:329000000
5:332000000
1:335000000
4:357000000
2:317000000
3:346000000
7:335000000
0:336000000
6:330000000
5:333000000
1:336000000
4:358000000
2:318000000
3:347000000
7:336000000
0:337000000
5:334000000
6:331000000
4:359000000
1:337000000
3:348000000
2:319000000
7:337000000
0:338000000
5:335000000
6:332000000
4:360000000
1:338000000
3:349000000
2:320000000
7:338000000
6:333000000
0:339000000
5:336000000
4:361000000
1:339000000
3:350000000
2:321000000
7:339000000
0:340000000
5:337000000
4:362000000
6:334000000
1:340000000
3:351000000
7:340000000
2:322000000
4:363000000
5:338000000
0:341000000
1:341000000
6:335000000
3:352000000
7:341000000
5:339000000
2:323000000
1:342000000
4:364000000
6:336000000
0:342000000
3:353000000
7:342000000
5:340000000
1:343000000
4:365000000
2:324000000
0:343000000
6:337000000
3:354000000
7:343000000
5:341000000
4:366000000
1:344000000
3:355000000
0:344000000
6:338000000
2:325000000
7:344000000
4:367000000
5:342000000
1:345000000
3:356000000
0:345000000
2:326000000
6:339000000
7:345000000
4:368000000
5:343000000
1:346000000
3:357000000
0:346000000
2:327000000
6:340000000
7:346000000
4:369000000
5:344000000
3:358000000
1:347000000
0:347000000
2:328000000
6:341000000
7:347000000
4:370000000
5:345000000
0:348000000
3:359000000
1:348000000
2:329000000
6:342000000
4:371000000
7:348000000
0:349000000
3:360000000
5:346000000
1:349000000
2:330000000
6:343000000
4:372000000
7:349000000
5:347000000
3:361000000
0:350000000
1:350000000
4:373000000
6:344000000
2:331000000
7:350000000
3:362000000
5:348000000
0:351000000
1:351000000
4:374000000
7:351000000
6:345000000
0:352000000
2:332000000
3:363000000
1:352000000
5:349000000
4:375000000
0:353000000
7:352000000
3:364000000
2:333000000
6:346000000
1:353000000
4:376000000
0:354000000
2:334000000
7:353000000
3:365000000
1:354000000
6:347000000
5:350000000
4:377000000
0:355000000
2:335000000
3:366000000
7:354000000
1:355000000
5:351000000
6:348000000
4:378000000
3:367000000
0:356000000
1:356000000
2:336000000
7:355000000
5:352000000
6:349000000
4:379000000
3:368000000
0:357000000
1:357000000
2:337000000
7:356000000
5:353000000
6:350000000
4:380000000
0:358000000
3:369000000
1:358000000
2:338000000
7:357000000
5:354000000
6:351000000
4:381000000
0:359000000
3:370000000
7:358000000
2:339000000
1:359000000
5:355000000
6:352000000
4:382000000
3:371000000
0:360000000
7:359000000
2:340000000
1:360000000
5:356000000
4:383000000
6:353000000
3:372000000
0:361000000
7:360000000
1:361000000
2:341000000
5:357000000
4:384000000
6:354000000
0:362000000
3:373000000
1:362000000
7:361000000
2:342000000
5:358000000
4:385000000
3:374000000
6:355000000
0:363000000
1:363000000
2:343000000
7:362000000
5:359000000
4:386000000
3:375000000
6:356000000
0:364000000
1:364000000
7:363000000
2:344000000
5:360000000
4:387000000
3:376000000
6:357000000
0:365000000
1:365000000
7:364000000
2:345000000
5:361000000
4:388000000
3:377000000
6:358000000
1:366000000
0:366000000
4:389000000
7:365000000
3:378000000
2:346000000
5:362000000
6:359000000
0:367000000
1:367000000
4:390000000
7:366000000
3:379000000
2:347000000
5:363000000
6:360000000
0:368000000
1:368000000
4:391000000
3:380000000
7:367000000
2:348000000
5:364000000
1:369000000
6:361000000
0:369000000
3:381000000
4:392000000
7:368000000
2:349000000
5:365000000
1:370000000
0:370000000
6:362000000
4:393000000
3:382000000
7:369000000
2:350000000
0:371000000
1:371000000
5:366000000
6:363000000
3:383000000
4:394000000
7:370000000
2:351000000
0:372000000
5:367000000
6:364000000
4:395000000
3:384000000
7:371000000
1:372000000
2:352000000
0:373000000
5:368000000
4:396000000
3:385000000
7:372000000
6:365000000
1:373000000
0:374000000
2:353000000
3:386000000
4:397000000
5:369000000
6:366000000
1:374000000
7:373000000
2:354000000
0:375000000
3:387000000
4:398000000
5:370000000
6:367000000
1:375000000
7:374000000
2:355000000
0:376000000
3:388000000
5:371000000
4:399000000
6:368000000
1:376000000
7:375000000
2:356000000
0:377000000
3:389000000
5:372000000
4:400000000
6:369000000
1:377000000
2:357000000
7:376000000
0:378000000
3:390000000
5:373000000
4:401000000
1:378000000
6:370000000
2:358000000
7:377000000
3:391000000
0:379000000
4:402000000
5:374000000
1:379000000
6:371000000
2:359000000
3:392000000
7:378000000
0:380000000
4:403000000
5:375000000
1:380000000
6:372000000
2:360000000
3:393000000
4:404000000
7:379000000
0:381000000
5:376000000
1:381000000
2:361000000
6:373000000
3:394000000
4:405000000
0:382000000
5:377000000
7:380000000
1:382000000
2:362000000
3:395000000
6:374000000
0:383000000
4:406000000
7:381000000
1:383000000
5:378000000
2:363000000
3:396000000
6:375000000
4:407000000
0:384000000
1:384000000
5:379000000
2:364000000
7:382000000
3:397000000
6:376000000
4:408000000
0:385000000
5:380000000
1:385000000
2:365000000
3:398000000
7:383000000
6:377000000
4:409000000
0:386000000
1:386000000
5:381000000
2:366000000
7:384000000
3:399000000
6:378000000
4:410000000
0:387000000
1:387000000
2:367000000
5:382000000
7:385000000
6:379000000
3:400000000
4:411000000
0:388000000
2:368000000
1:388000000
5:383000000
7:386000000
6:380000000
4:412000000
3:401000000
0:389000000
2:369000000
1:389000000
5:384000000
4:413000000
6:381000000
7:387000000
3:402000000
0:390000000
1:390000000
2:370000000
5:385000000
7:388000000
4:414000000
6:382000000
0:391000000
3:403000000
1:391000000
2:371000000
5:386000000
4:415000000
7:389000000
6:383000000
0:392000000
2:372000000
3:404000000
1:392000000
4:416000000
5:387000000
7:390000000
6:384000000
0:393000000
1:393000000
2:373000000
3:405000000
4:417000000
5:388000000
7:391000000
1:394000000
6:385000000
0:394000000
2:374000000
3:406000000
4:418000000
5:389000000
7:392000000
1:395000000
2:375000000
0:395000000
6:386000000
3:407000000
4:419000000
5:390000000
7:393000000
2:376000000
0:396000000
1:396000000
6:387000000
4:420000000
3:408000000
5:391000000
7:394000000
2:377000000
0:397000000
6:388000000
1:397000000
4:421000000
3:409000000
5:392000000
0:398000000
2:378000000
7:395000000
1:398000000
6:389000000
4:422000000
3:410000000
5:393000000
1:399000000
2:379000000
0:399000000
7:396000000
6:390000000
4:423000000
3:411000000
5:394000000
1:400000000
0:400000000
2:380000000
7:397000000
6:391000000
4:424000000
3:412000000
5:395000000
1:401000000
2:381000000
0:401000000
7:398000000
6:392000000
4:425000000
3:413000000
5:396000000
0:402000000
1:402000000
2:382000000
7:399000000
6:393000000
4:426000000
3:414000000
5:397000000
2:383000000
0:403000000
1:403000000
7:400000000
4:427000000
6:394000000
5:398000000
3:415000000
0:404000000
2:384000000
1:404000000
7:401000000
4:428000000
6:395000000
5:399000000
2:385000000
3:416000000
0:405000000
1:405000000
7:402000000
4:429000000
6:396000000
5:400000000
2:386000000
0:406000000
1:406000000
3:417000000
7:403000000
4:430000000
6:397000000
5:401000000
0:407000000
2:387000000
1:407000000
3:418000000
7:404000000
4:431000000
6:398000000
5:402000000
0:408000000
2:388000000
1:408000000
3:419000000
7:405000000
4:432000000
6:399000000
0:409000000
5:403000000
1:409000000
2:389000000
3:420000000
7:406000000
4:433000000
6:400000000
0:410000000
1:410000000
2:390000000
5:404000000
3:421000000
7:407000000
4:434000000
6:401000000
1:411000000
2:391000000
0:411000000
5:405000000
3:422000000
7:408000000
4:435000000
6:402000000
1:412000000
2:392000000
0:412000000
5:406000000
3:423000000
7:409000000
4:436000000
6:403000000
1:413000000
2:393000000
0:413000000
5:407000000
3:424000000
4:437000000
7:410000000
6:404000000
1:414000000
2:394000000
0:414000000
5:408000000
3:425000000
4:438000000
7:411000000
6:405000000
1:415000000
2:395000000
0:415000000
5:409000000
4:439000000
3:426000000
7:412000000
6:406000000
1:416000000
0:416000000
2:396000000
5:410000000
4:440000000
3:427000000
7:413000000
6:407000000
1:417000000
0:417000000
2:397000000
5:411000000
4:441000000
3:428000000
7:414000000
6:408000000
1:418000000
0:418000000
2:398000000
5:412000000
4:442000000
3:429000000
7:415000000
6:409000000
1:419000000
0:419000000
2:399000000
5:413000000
4:443000000
3:430000000
7:416000000
6:410000000
1:420000000
0:420000000
2:400000000
5:414000000
4:444000000
3:431000000
7:417000000
6:411000000
1:421000000
0:421000000
2:401000000
5:415000000
4:445000000
3:432000000
7:418000000
6:412000000
1:422000000
0:422000000
2:402000000
5:416000000
4:446000000
3:433000000
7:419000000
6:413000000
1:423000000
0:423000000
2:403000000
5:417000000
4:447000000
3:434000000
7:420000000
6:414000000
1:424000000
0:424000000
2:404000000
5:418000000
4:448000000
3:435000000
7:421000000
6:415000000
1:425000000
0:425000000
2:405000000
5:419000000
4:449000000
3:436000000
7:422000000
6:416000000
1:426000000
0:426000000
2:406000000
5:420000000
4:450000000
3:437000000
7:423000000
6:417000000
0:427000000
1:427000000
2:407000000
5:421000000
4:451000000
3:438000000
7:424000000
Reordering done, 97885822 were unmatched
Writing to file
Done!
Read length: 101
Number of reads: 3415401668
Encoding reads
Encoding done

7-Zip [64] 16.02 : Copyright (c) 1999-2016 Igor Pavlov : 2016-05-21
p7zip Version 16.02 (locale=en_IN.UTF-8,Utf16=on,HugeFiles=on,64 bits,80 CPUs Intel(R) Xeon(R) CPU E5-2698 v4 @ 2.20GHz (406F1),ASM,AES-NI)

Open archive: data/ERP001775_1/output/read_pos.txt.7z
--
Path = data/ERP001775_1/output/read_pos.txt.7z
Type = 7z
Physical Size = 768240535
Headers Size = 178
Method = LZMA2:24
Solid = -
Blocks = 1

Scanning the drive:
1 file, 3415401668 bytes (3258 MiB)

Updating archive: data/ERP001775_1/output/read_pos.txt.7z

Items to compress: 1


Files read from disk: 1
Archive size: 781723892 bytes (746 MiB)
Everything is Ok

7-Zip [64] 16.02 : Copyright (c) 1999-2016 Igor Pavlov : 2016-05-21
p7zip Version 16.02 (locale=en_IN.UTF-8,Utf16=on,HugeFiles=on,64 bits,80 CPUs Intel(R) Xeon(R) CPU E5-2698 v4 @ 2.20GHz (406F1),ASM,AES-NI)

Open archive: data/ERP001775_1/output/read_noise.txt.7z
--
Path = data/ERP001775_1/output/read_noise.txt.7z
Type = 7z
Physical Size = 703473941
Headers Size = 186
Method = LZMA2:24
Solid = -
Blocks = 1

Scanning the drive:
1 file, 1089557381 bytes (1040 MiB)

Updating archive: data/ERP001775_1/output/read_noise.txt.7z

Items to compress: 1


Files read from disk: 1
Archive size: 467035979 bytes (446 MiB)
Everything is Ok

7-Zip [64] 16.02 : Copyright (c) 1999-2016 Igor Pavlov : 2016-05-21
p7zip Version 16.02 (locale=en_IN.UTF-8,Utf16=on,HugeFiles=on,64 bits,80 CPUs Intel(R) Xeon(R) CPU E5-2698 v4 @ 2.20GHz (406F1),ASM,AES-NI)

Open archive: data/ERP001775_1/output/read_noisepos.txt.7z
--
Path = data/ERP001775_1/output/read_noisepos.txt.7z
Type = 7z
Physical Size = 1021557100
Headers Size = 186
Method = LZMA2:24
Solid = -
Blocks = 1

Scanning the drive:
1 file, 942827858 bytes (900 MiB)

Updating archive: data/ERP001775_1/output/read_noisepos.txt.7z

Items to compress: 1


Files read from disk: 1
Archive size: 624120250 bytes (596 MiB)
Everything is Ok

7-Zip [64] 16.02 : Copyright (c) 1999-2016 Igor Pavlov : 2016-05-21
p7zip Version 16.02 (locale=en_IN.UTF-8,Utf16=on,HugeFiles=on,64 bits,80 CPUs Intel(R) Xeon(R) CPU E5-2698 v4 @ 2.20GHz (406F1),ASM,AES-NI)

Open archive: data/ERP001775_1/output/input_N.dna.7z
--
Path = data/ERP001775_1/output/input_N.dna.7z
Type = 7z
Physical Size = 165391280
Headers Size = 178
Method = LZMA2:24
Solid = -
Blocks = 1

Scanning the drive:
1 file, 652871910 bytes (623 MiB)

Updating archive: data/ERP001775_1/output/input_N.dna.7z

Items to compress: 1


Files read from disk: 1
Archive size: 165391280 bytes (158 MiB)
Everything is Ok

7-Zip [64] 16.02 : Copyright (c) 1999-2016 Igor Pavlov : 2016-05-21
p7zip Version 16.02 (locale=en_IN.UTF-8,Utf16=on,HugeFiles=on,64 bits,80 CPUs Intel(R) Xeon(R) CPU E5-2698 v4 @ 2.20GHz (406F1),ASM,AES-NI)

Open archive: data/ERP001775_1/output/read_meta.txt.7z
--
Path = data/ERP001775_1/output/read_meta.txt.7z
Type = 7z
Physical Size = 186
Headers Size = 178
Method = LZMA2:12
Solid = -
Blocks = 1

Scanning the drive:
1 file, 4 bytes (1 KiB)

Updating archive: data/ERP001775_1/output/read_meta.txt.7z

Items to compress: 1


Files read from disk: 1
Archive size: 186 bytes (1 KiB)
Everything is Ok

7-Zip [64] 16.02 : Copyright (c) 1999-2016 Igor Pavlov : 2016-05-21
p7zip Version 16.02 (locale=en_IN.UTF-8,Utf16=on,HugeFiles=on,64 bits,80 CPUs Intel(R) Xeon(R) CPU E5-2698 v4 @ 2.20GHz (406F1),ASM,AES-NI)

Open archive: data/ERP001775_1/output/read_rev.txt.7z
--
Path = data/ERP001775_1/output/read_rev.txt.7z
Type = 7z
Physical Size = 418603024
Headers Size = 178
Method = LZMA2:24
Solid = -
Blocks = 1

Scanning the drive:
1 file, 3415401668 bytes (3258 MiB)

Updating archive: data/ERP001775_1/output/read_rev.txt.7z

Items to compress: 1


Files read from disk: 1
Archive size: 423933451 bytes (405 MiB)
Everything is Ok
This is bsc, Block Sorting Compressor. Version 3.1.0. 8 July 2012.
Copyright (c) 2009-2012 Ilya Grebnov <Ilya.Grebnov@gmail.com>.

Compressing data/ERP001775_1/output/read_seq.txt(00%)Compressing data/ERP001775_1/output/read_seq.txt(16%)Compressing data/ERP001775_1/output/read_seq.txt(33%)Compressing data/ERP001775_1/output/read_seq.txt(50%)Compressing data/ERP001775_1/output/read_seq.txt(67%)Compressing data/ERP001775_1/output/read_seq.txt(84%)data/ERP001775_1/output/read_seq.txt compressed 3174860696 into 2523772180 in 612.851 seconds.
	Command being timed: "./run.sh -pgc"
	User time (seconds): 611100.74
	System time (seconds): 26896.81
	Percent of CPU this job got: 687%
	Elapsed (wall clock) time (h:mm:ss or m:ss): 25:46:44
	Average shared text size (kbytes): 0
	Average unshared data size (kbytes): 0
	Average stack size (kbytes): 0
	Average total size (kbytes): 0
	Maximum resident set size (kbytes): 165656628
	Average resident set size (kbytes): 0
	Major (requiring I/O) page faults: 491
	Minor (reclaiming a frame) page faults: 19252611813
	Voluntary context switches: 21662763
	Involuntary context switches: 523249
	Swaps: 0
	File system inputs: 3390082320
	File system outputs: 3799690440
	Socket messages sent: 0
	Socket messages received: 0
	Signals delivered: 0
	Page size (bytes): 4096
	Exit status: 0
