config3.py

basename="SRR870667_2"
URL_1="ftp://ftp.sra.ebi.ac.uk/vol1/fastq/SRR870/SRR870667/SRR870667_2.fastq.gz"

URL_genome="ftp://ftp.ensemblgenomes.org/pub/plants/release-34/fasta/theobroma_cacao/dna/Theobroma_cacao.Theobroma_cacao_20110822.dna.toplevel.fa.gz"

maxmatch=22
thresh=8
numdict=2
dict1start=22
dict1end=36
dict2start=37
dict2end=51
num_thr=8
*** Preprocessing ***
Preprocessing Done!
Read length: 74
Number of reads: 68840275
Reading file: data/SRR870667_2/input_clean.dna
Constructing dictionaries
Reordering reads
2:1000000
5:1000000
2:2000000
0:1000000
7:1000000
1:1000000
6:1000000
5:2000000
4:1000000
3:1000000
7:2000000
0:2000000
2:3000000
1:2000000
6:2000000
0:3000000
5:3000000
3:2000000
4:2000000
7:3000000
2:4000000
6:3000000
1:3000000
0:4000000
4:3000000
3:3000000
7:4000000
5:4000000
2:5000000
6:4000000
1:4000000
4:4000000
3:4000000
7:5000000
0:5000000
5:5000000
4:5000000
2:6000000
6:5000000
1:5000000
7:6000000
3:5000000
0:6000000
2:7000000
5:6000000
1:6000000
4:6000000
6:6000000
7:7000000
2:8000000
3:6000000
0:7000000
5:7000000
2:9000000
1:7000000
4:7000000
7:8000000
6:7000000
3:7000000
0:8000000
5:8000000
2:10000000
4:8000000
1:8000000
7:9000000
Reordering done, 6894644 were unmatched
Writing to file
Done!
Read length: 74
Number of reads: 68840275
Encoding reads
Encoding done

7-Zip [64] 16.02 : Copyright (c) 1999-2016 Igor Pavlov : 2016-05-21
p7zip Version 16.02 (locale=en_IN.UTF-8,Utf16=on,HugeFiles=on,64 bits,80 CPUs Intel(R) Xeon(R) CPU E5-2698 v4 @ 2.20GHz (406F1),ASM,AES-NI)

Scanning the drive:
1 file, 68840275 bytes (66 MiB)

Creating archive: data/SRR870667_2/output/read_pos.txt.7z

Items to compress: 1


Files read from disk: 1
Archive size: 21701052 bytes (21 MiB)
Everything is Ok

7-Zip [64] 16.02 : Copyright (c) 1999-2016 Igor Pavlov : 2016-05-21
p7zip Version 16.02 (locale=en_IN.UTF-8,Utf16=on,HugeFiles=on,64 bits,80 CPUs Intel(R) Xeon(R) CPU E5-2698 v4 @ 2.20GHz (406F1),ASM,AES-NI)

Scanning the drive:
1 file, 44685403 bytes (43 MiB)

Creating archive: data/SRR870667_2/output/read_noise.txt.7z

Items to compress: 1


Files read from disk: 1
Archive size: 36269992 bytes (35 MiB)
Everything is Ok

7-Zip [64] 16.02 : Copyright (c) 1999-2016 Igor Pavlov : 2016-05-21
p7zip Version 16.02 (locale=en_IN.UTF-8,Utf16=on,HugeFiles=on,64 bits,80 CPUs Intel(R) Xeon(R) CPU E5-2698 v4 @ 2.20GHz (406F1),ASM,AES-NI)

Scanning the drive:
1 file, 109901337 bytes (105 MiB)

Creating archive: data/SRR870667_2/output/read_noisepos.txt.7z

Items to compress: 1


Files read from disk: 1
Archive size: 65092024 bytes (63 MiB)
Everything is Ok

7-Zip [64] 16.02 : Copyright (c) 1999-2016 Igor Pavlov : 2016-05-21
p7zip Version 16.02 (locale=en_IN.UTF-8,Utf16=on,HugeFiles=on,64 bits,80 CPUs Intel(R) Xeon(R) CPU E5-2698 v4 @ 2.20GHz (406F1),ASM,AES-NI)

Scanning the drive:
1 file, 29247000 bytes (28 MiB)

Creating archive: data/SRR870667_2/output/input_N.dna.7z

Items to compress: 1


Files read from disk: 1
Archive size: 5453280 bytes (5326 KiB)
Everything is Ok

7-Zip [64] 16.02 : Copyright (c) 1999-2016 Igor Pavlov : 2016-05-21
p7zip Version 16.02 (locale=en_IN.UTF-8,Utf16=on,HugeFiles=on,64 bits,80 CPUs Intel(R) Xeon(R) CPU E5-2698 v4 @ 2.20GHz (406F1),ASM,AES-NI)

Scanning the drive:
1 file, 3 bytes (1 KiB)

Creating archive: data/SRR870667_2/output/read_meta.txt.7z

Items to compress: 1


Files read from disk: 1
Archive size: 185 bytes (1 KiB)
Everything is Ok

7-Zip [64] 16.02 : Copyright (c) 1999-2016 Igor Pavlov : 2016-05-21
p7zip Version 16.02 (locale=en_IN.UTF-8,Utf16=on,HugeFiles=on,64 bits,80 CPUs Intel(R) Xeon(R) CPU E5-2698 v4 @ 2.20GHz (406F1),ASM,AES-NI)

Scanning the drive:
1 file, 68840275 bytes (66 MiB)

Creating archive: data/SRR870667_2/output/read_rev.txt.7z

Items to compress: 1


Files read from disk: 1
Archive size: 7097334 bytes (6931 KiB)
Everything is Ok
This is bsc, Block Sorting Compressor. Version 3.1.0. 8 July 2012.
Copyright (c) 2009-2012 Ilya Grebnov <Ilya.Grebnov@gmail.com>.

Compressing data/SRR870667_2/output/read_seq.txt(00%)data/SRR870667_2/output/read_seq.txt compressed 172228811 into 156103920 in 56.776 seconds.
	Command being timed: "./run.sh -pgc"
	User time (seconds): 5734.41
	System time (seconds): 52.50
	Percent of CPU this job got: 575%
	Elapsed (wall clock) time (h:mm:ss or m:ss): 16:46.13
	Average shared text size (kbytes): 0
	Average unshared data size (kbytes): 0
	Average stack size (kbytes): 0
	Average total size (kbytes): 0
	Maximum resident set size (kbytes): 2786124
	Average resident set size (kbytes): 0
	Major (requiring I/O) page faults: 0
	Minor (reclaiming a frame) page faults: 2891418
	Voluntary context switches: 405918
	Involuntary context switches: 7288
	Swaps: 0
	File system inputs: 0
	File system outputs: 60608200
	Socket messages sent: 0
	Socket messages received: 0
	Signals delivered: 0
	Page size (bytes): 4096
	Exit status: 0
Decompression ...
-rw-rw-r--. 1 cslcollab-schandak csl_idoia 291727360 May 10 19:53 data/SRR870667_2/output.tar

7-Zip [64] 16.02 : Copyright (c) 1999-2016 Igor Pavlov : 2016-05-21
p7zip Version 16.02 (locale=en_IN.UTF-8,Utf16=on,HugeFiles=on,64 bits,80 CPUs Intel(R) Xeon(R) CPU E5-2698 v4 @ 2.20GHz (406F1),ASM,AES-NI)

Scanning the drive for archives:
1 file, 21701052 bytes (21 MiB)

Extracting archive: data/SRR870667_2/output/read_pos.txt.7z
--
Path = data/SRR870667_2/output/read_pos.txt.7z
Type = 7z
Physical Size = 21701052
Headers Size = 178
Method = LZMA2:24
Solid = -
Blocks = 1

Everything is Ok

Size:       68840275
Compressed: 21701052

7-Zip [64] 16.02 : Copyright (c) 1999-2016 Igor Pavlov : 2016-05-21
p7zip Version 16.02 (locale=en_IN.UTF-8,Utf16=on,HugeFiles=on,64 bits,80 CPUs Intel(R) Xeon(R) CPU E5-2698 v4 @ 2.20GHz (406F1),ASM,AES-NI)

Scanning the drive for archives:
1 file, 36269992 bytes (35 MiB)

Extracting archive: data/SRR870667_2/output/read_noise.txt.7z
--
Path = data/SRR870667_2/output/read_noise.txt.7z
Type = 7z
Physical Size = 36269992
Headers Size = 186
Method = LZMA2:24
Solid = -
Blocks = 1

Everything is Ok

Size:       44685403
Compressed: 36269992

7-Zip [64] 16.02 : Copyright (c) 1999-2016 Igor Pavlov : 2016-05-21
p7zip Version 16.02 (locale=en_IN.UTF-8,Utf16=on,HugeFiles=on,64 bits,80 CPUs Intel(R) Xeon(R) CPU E5-2698 v4 @ 2.20GHz (406F1),ASM,AES-NI)

Scanning the drive for archives:
1 file, 65092024 bytes (63 MiB)

Extracting archive: data/SRR870667_2/output/read_noisepos.txt.7z
--
Path = data/SRR870667_2/output/read_noisepos.txt.7z
Type = 7z
Physical Size = 65092024
Headers Size = 186
Method = LZMA2:24
Solid = -
Blocks = 1

Everything is Ok

Size:       109901337
Compressed: 65092024

7-Zip [64] 16.02 : Copyright (c) 1999-2016 Igor Pavlov : 2016-05-21
p7zip Version 16.02 (locale=en_IN.UTF-8,Utf16=on,HugeFiles=on,64 bits,80 CPUs Intel(R) Xeon(R) CPU E5-2698 v4 @ 2.20GHz (406F1),ASM,AES-NI)

Scanning the drive for archives:
1 file, 5453280 bytes (5326 KiB)

Extracting archive: data/SRR870667_2/output/input_N.dna.7z
--
Path = data/SRR870667_2/output/input_N.dna.7z
Type = 7z
Physical Size = 5453280
Headers Size = 178
Method = LZMA2:24
Solid = -
Blocks = 1

Everything is Ok

Size:       29247000
Compressed: 5453280

7-Zip [64] 16.02 : Copyright (c) 1999-2016 Igor Pavlov : 2016-05-21
p7zip Version 16.02 (locale=en_IN.UTF-8,Utf16=on,HugeFiles=on,64 bits,80 CPUs Intel(R) Xeon(R) CPU E5-2698 v4 @ 2.20GHz (406F1),ASM,AES-NI)

Scanning the drive for archives:
1 file, 185 bytes (1 KiB)

Extracting archive: data/SRR870667_2/output/read_meta.txt.7z
--
Path = data/SRR870667_2/output/read_meta.txt.7z
Type = 7z
Physical Size = 185
Headers Size = 178
Method = LZMA2:12
Solid = -
Blocks = 1

Everything is Ok

Size:       3
Compressed: 185

7-Zip [64] 16.02 : Copyright (c) 1999-2016 Igor Pavlov : 2016-05-21
p7zip Version 16.02 (locale=en_IN.UTF-8,Utf16=on,HugeFiles=on,64 bits,80 CPUs Intel(R) Xeon(R) CPU E5-2698 v4 @ 2.20GHz (406F1),ASM,AES-NI)

Scanning the drive for archives:
1 file, 7097334 bytes (6931 KiB)

Extracting archive: data/SRR870667_2/output/read_rev.txt.7z
--
Path = data/SRR870667_2/output/read_rev.txt.7z
Type = 7z
Physical Size = 7097334
Headers Size = 178
Method = LZMA2:24
Solid = -
Blocks = 1

Everything is Ok

Size:       68840275
Compressed: 7097334
This is bsc, Block Sorting Compressor. Version 3.1.0. 8 July 2012.
Copyright (c) 2009-2012 Ilya Grebnov <Ilya.Grebnov@gmail.com>.

Decompressing data/SRR870667_2/output/read_seq.txt.bsc(00%)data/SRR870667_2/output/read_seq.txt.bsc decompressed 156103920 into 172228811 in 34.297 seconds.
Read length: 74
Decoding reads
Decoding done
	Command being timed: "./run.sh -d"
	User time (seconds): 85.64
	System time (seconds): 6.33
	Percent of CPU this job got: 100%
	Elapsed (wall clock) time (h:mm:ss or m:ss): 1:31.97
	Average shared text size (kbytes): 0
	Average unshared data size (kbytes): 0
	Average stack size (kbytes): 0
	Average total size (kbytes): 0
	Maximum resident set size (kbytes): 849376
	Average resident set size (kbytes): 0
	Major (requiring I/O) page faults: 0
	Minor (reclaiming a frame) page faults: 28405
	Voluntary context switches: 49
	Involuntary context switches: 108
	Swaps: 0
	File system inputs: 0
	File system outputs: 13369984
	Socket messages sent: 0
	Socket messages received: 0
	Signals delivered: 0
	Page size (bytes): 4096
	Exit status: 0
	Input format: FastqAbundance threshold: 4 (auto)    (nb solid kmers: 235544449)
	End reads compression
		Reads count: 69230235
		Reads size: 5123037390
		Compression rate: 0.1720  (881387264)
			Bloom: 40.09  (353317698)
			Anchors dict: 8.19  (72211044)    (9661012 entries)
			Reads: 0.00  (0)
				Anchor adress: 0.00  (0)
				Anchor pos: 0.00  (0) 
				Read size: 0.00  (0)
				Bifurcation: 0.00  (0)
				Other (N, error, infoBits): 0.00  (0)
			Read without anchor: 0.00  (0)
		Reads per anchor: 7
		Read without anchor: 1.96
		De Bruijn graph
			Simple path: 72.83
			Bifurcation: 7.94
			Break: 4.31
			Error: 0.75
End compression
	Input: 
		Filename: data/SRR870667_2/input.fastq
		Size: 13847159204  (13205 MB)
	Output: 
		Filename: data/SRR870667_2/input.fastq.leon
		Total Size: 881391377  (840 MB)
	Overall Compression rate: 0.0637 (15.7106)
		Header completely discarded, in '-seq-only' mode 
		Dna: 0.1720 (5.8125)

	Time: 270.20s
	Speed: 51.25 mo/s
	Command being timed: "./../leon/leon -c -file data/SRR870667_2/input.fastq -nb-cores 8 -seq-only -verbose 0"
	User time (seconds): 1972.61
	System time (seconds): 42.33
	Percent of CPU this job got: 745%
	Elapsed (wall clock) time (h:mm:ss or m:ss): 4:30.23
	Average shared text size (kbytes): 0
	Average unshared data size (kbytes): 0
	Average stack size (kbytes): 0
	Average total size (kbytes): 0
	Maximum resident set size (kbytes): 3817316
	Average resident set size (kbytes): 0
	Major (requiring I/O) page faults: 2
	Minor (reclaiming a frame) page faults: 2630177
	Voluntary context switches: 3713109
	Involuntary context switches: 2700
	Swaps: 0
	File system inputs: 136
	File system outputs: 19019552
	Socket messages sent: 0
	Socket messages received: 0
	Signals delivered: 0
	Page size (bytes): 4096
	Exit status: 0
-rw-rw-r--. 1 cslcollab-schandak csl_idoia 881391377 May 10 19:59 data/SRR870667_2/input.fastq.leon
Start decompression
	Input filename: data/SRR870667_2/input.fastq.leon
Headers were not stored, will number reads 

	Output format: Fasta
	Kmer size: 31

	Input File was compressed with leon version 1.0.0
	Block count: 1385

	Output filename: data/SRR870667_2/input.fasta.d
	Time: 287.53s
	Speed: 19.93 mo/s
	Command being timed: "./../leon/leon -d -file data/SRR870667_2/input.fastq.leon -nb-cores 8 -seq-only -verbose 0"
	User time (seconds): 1348.95
	System time (seconds): 4.48
	Percent of CPU this job got: 470%
	Elapsed (wall clock) time (h:mm:ss or m:ss): 4:47.53
	Average shared text size (kbytes): 0
	Average unshared data size (kbytes): 0
	Average stack size (kbytes): 0
	Average total size (kbytes): 0
	Maximum resident set size (kbytes): 503704
	Average resident set size (kbytes): 0
	Major (requiring I/O) page faults: 0
	Minor (reclaiming a frame) page faults: 38874
	Voluntary context switches: 389
	Involuntary context switches: 2418
	Swaps: 0
	File system inputs: 0
	File system outputs: 11192840
	Socket messages sent: 0
	Socket messages received: 0
	Signals delivered: 0
	Page size (bytes): 4096
	Exit status: 0
	Command being timed: "./../orcom/bin/orcom_bin e -idata/SRR870667_2/input.fastq -odata/SRR870667_2/input.bin -t8"
	User time (seconds): 264.59
	System time (seconds): 19.09
	Percent of CPU this job got: 703%
	Elapsed (wall clock) time (h:mm:ss or m:ss): 0:40.33
	Average shared text size (kbytes): 0
	Average unshared data size (kbytes): 0
	Average stack size (kbytes): 0
	Average total size (kbytes): 0
	Maximum resident set size (kbytes): 9893416
	Average resident set size (kbytes): 0
	Major (requiring I/O) page faults: 0
	Minor (reclaiming a frame) page faults: 1494578
	Voluntary context switches: 22001
	Involuntary context switches: 379
	Swaps: 0
	File system inputs: 0
	File system outputs: 2605072
	Socket messages sent: 0
	Socket messages received: 0
	Signals delivered: 0
	Page size (bytes): 4096
	Exit status: 0
	Command being timed: "./../orcom/bin/orcom_pack e -idata/SRR870667_2/input.bin -odata/SRR870667_2/input.orcom -t8"
	User time (seconds): 737.36
	System time (seconds): 1.81
	Percent of CPU this job got: 792%
	Elapsed (wall clock) time (h:mm:ss or m:ss): 1:33.22
	Average shared text size (kbytes): 0
	Average unshared data size (kbytes): 0
	Average stack size (kbytes): 0
	Average total size (kbytes): 0
	Maximum resident set size (kbytes): 995448
	Average resident set size (kbytes): 0
	Major (requiring I/O) page faults: 0
	Minor (reclaiming a frame) page faults: 225442
	Voluntary context switches: 5766
	Involuntary context switches: 640
	Swaps: 0
	File system inputs: 0
	File system outputs: 615544
	Socket messages sent: 0
	Socket messages received: 0
	Signals delivered: 0
	Page size (bytes): 4096
	Exit status: 0
-rw-rw-r--. 1 cslcollab-schandak csl_idoia 315133271 May 10 20:06 data/SRR870667_2/input.orcom.cdna
	Command being timed: "./../orcom/bin/orcom_pack d -idata/SRR870667_2/input.orcom -odata/SRR870667_2/input_orcom.dna -t8"
	User time (seconds): 126.65
	System time (seconds): 4.71
	Percent of CPU this job got: 822%
	Elapsed (wall clock) time (h:mm:ss or m:ss): 0:15.97
	Average shared text size (kbytes): 0
	Average unshared data size (kbytes): 0
	Average stack size (kbytes): 0
	Average total size (kbytes): 0
	Maximum resident set size (kbytes): 1963440
	Average resident set size (kbytes): 0
	Major (requiring I/O) page faults: 0
	Minor (reclaiming a frame) page faults: 141735
	Voluntary context switches: 5795
	Involuntary context switches: 161
	Swaps: 0
	File system inputs: 0
	File system outputs: 10141152
	Socket messages sent: 0
	Socket messages received: 0
	Signals delivered: 0
	Page size (bytes): 4096
	Exit status: 0
	Command being timed: "./../pigz-2.3.4/pigz -f -p 8 data/SRR870667_2/input.dna"
	User time (seconds): 1250.89
	System time (seconds): 4.90
	Percent of CPU this job got: 798%
	Elapsed (wall clock) time (h:mm:ss or m:ss): 2:37.33
	Average shared text size (kbytes): 0
	Average unshared data size (kbytes): 0
	Average stack size (kbytes): 0
	Average total size (kbytes): 0
	Maximum resident set size (kbytes): 8116
	Average resident set size (kbytes): 0
	Major (requiring I/O) page faults: 0
	Minor (reclaiming a frame) page faults: 13289
	Voluntary context switches: 109203
	Involuntary context switches: 1441
	Swaps: 0
	File system inputs: 0
	File system outputs: 2991136
	Socket messages sent: 0
	Socket messages received: 0
	Signals delivered: 0
	Page size (bytes): 4096
	Exit status: 0
-rw-rw-r--. 1 cslcollab-schandak csl_idoia 1531438932 May 10 19:37 data/SRR870667_2/input.dna.gz
	Command being timed: "./../pigz-2.3.4/unpigz -f -p 8 data/SRR870667_2/input.dna.gz"
	User time (seconds): 26.53
	System time (seconds): 6.42
	Percent of CPU this job got: 152%
	Elapsed (wall clock) time (h:mm:ss or m:ss): 0:21.64
	Average shared text size (kbytes): 0
	Average unshared data size (kbytes): 0
	Average stack size (kbytes): 0
	Average total size (kbytes): 0
	Maximum resident set size (kbytes): 1044
	Average resident set size (kbytes): 0
	Major (requiring I/O) page faults: 0
	Minor (reclaiming a frame) page faults: 518
	Voluntary context switches: 363781
	Involuntary context switches: 112
	Swaps: 0
	File system inputs: 0
	File system outputs: 10141160
	Socket messages sent: 0
	Socket messages received: 0
	Signals delivered: 0
	Page size (bytes): 4096
	Exit status: 0
config3.py

basename="SRR870667_2"
URL_1="ftp://ftp.sra.ebi.ac.uk/vol1/fastq/SRR870/SRR870667/SRR870667_2.fastq.gz"

URL_genome="ftp://ftp.ensemblgenomes.org/pub/plants/release-34/fasta/theobroma_cacao/dna/Theobroma_cacao.Theobroma_cacao_20110822.dna.toplevel.fa.gz"

maxmatch=22
thresh=4
numdict=2
dict1start=22
dict1end=36
dict2start=37
dict2end=51
num_thr=8
