config1.py

basename="SRR554369"
URL_1="ftp://ftp.sra.ebi.ac.uk/vol1/fastq/SRR554/SRR554369/SRR554369_1.fastq.gz"
URL_2="ftp://ftp.sra.ebi.ac.uk/vol1/fastq/SRR554/SRR554369/SRR554369_2.fastq.gz"

URL_genome="ftp://ftp.ensemblgenomes.org/pub/bacteria/release-34/fasta/bacteria_13_collection/pseudomonas_aeruginosa_pao1/dna/Pseudomonas_aeruginosa_pao1.ASM676v1.dna.toplevel.fa.gz"

maxmatch=30
thresh=8
numdict=2
dict1start=30
dict1end=49
dict2start=50
dict2end=69
num_thr=8
*** Preprocessing ***
Preprocessing Done!
Read length: 100
Number of reads: 3258816
Reading file: data/SRR554369/input_clean.dna
Constructing dictionaries
Reordering reads
Reordering done, 169239 were unmatched
Writing to file
Done!
Read length: 100
Number of reads: 3258816
Encoding reads
Encoding done

7-Zip [64] 16.02 : Copyright (c) 1999-2016 Igor Pavlov : 2016-05-21
p7zip Version 16.02 (locale=en_IN.UTF-8,Utf16=on,HugeFiles=on,64 bits,80 CPUs Intel(R) Xeon(R) CPU E5-2698 v4 @ 2.20GHz (406F1),ASM,AES-NI)

Scanning the drive:
1 file, 3258816 bytes (3183 KiB)

Creating archive: data/SRR554369/output/read_pos.txt.7z

Items to compress: 1


Files read from disk: 1
Archive size: 1216171 bytes (1188 KiB)
Everything is Ok

7-Zip [64] 16.02 : Copyright (c) 1999-2016 Igor Pavlov : 2016-05-21
p7zip Version 16.02 (locale=en_IN.UTF-8,Utf16=on,HugeFiles=on,64 bits,80 CPUs Intel(R) Xeon(R) CPU E5-2698 v4 @ 2.20GHz (406F1),ASM,AES-NI)

Scanning the drive:
1 file, 1144768 bytes (1118 KiB)

Creating archive: data/SRR554369/output/read_noise.txt.7z

Items to compress: 1


Files read from disk: 1
Archive size: 706527 bytes (690 KiB)
Everything is Ok

7-Zip [64] 16.02 : Copyright (c) 1999-2016 Igor Pavlov : 2016-05-21
p7zip Version 16.02 (locale=en_IN.UTF-8,Utf16=on,HugeFiles=on,64 bits,80 CPUs Intel(R) Xeon(R) CPU E5-2698 v4 @ 2.20GHz (406F1),ASM,AES-NI)

Scanning the drive:
1 file, 1320256 bytes (1290 KiB)

Creating archive: data/SRR554369/output/read_noisepos.txt.7z

Items to compress: 1


Files read from disk: 1
Archive size: 938343 bytes (917 KiB)
Everything is Ok

7-Zip [64] 16.02 : Copyright (c) 1999-2016 Igor Pavlov : 2016-05-21
p7zip Version 16.02 (locale=en_IN.UTF-8,Utf16=on,HugeFiles=on,64 bits,80 CPUs Intel(R) Xeon(R) CPU E5-2698 v4 @ 2.20GHz (406F1),ASM,AES-NI)

Scanning the drive:
1 file, 5749526 bytes (5615 KiB)

Creating archive: data/SRR554369/output/input_N.dna.7z

Items to compress: 1


Files read from disk: 1
Archive size: 1355075 bytes (1324 KiB)
Everything is Ok

7-Zip [64] 16.02 : Copyright (c) 1999-2016 Igor Pavlov : 2016-05-21
p7zip Version 16.02 (locale=en_IN.UTF-8,Utf16=on,HugeFiles=on,64 bits,80 CPUs Intel(R) Xeon(R) CPU E5-2698 v4 @ 2.20GHz (406F1),ASM,AES-NI)

Scanning the drive:
1 file, 4 bytes (1 KiB)

Creating archive: data/SRR554369/output/read_meta.txt.7z

Items to compress: 1


Files read from disk: 1
Archive size: 186 bytes (1 KiB)
Everything is Ok

7-Zip [64] 16.02 : Copyright (c) 1999-2016 Igor Pavlov : 2016-05-21
p7zip Version 16.02 (locale=en_IN.UTF-8,Utf16=on,HugeFiles=on,64 bits,80 CPUs Intel(R) Xeon(R) CPU E5-2698 v4 @ 2.20GHz (406F1),ASM,AES-NI)

Scanning the drive:
1 file, 3258816 bytes (3183 KiB)

Creating archive: data/SRR554369/output/read_rev.txt.7z

Items to compress: 1


Files read from disk: 1
Archive size: 426646 bytes (417 KiB)
Everything is Ok
This is bsc, Block Sorting Compressor. Version 3.1.0. 8 July 2012.
Copyright (c) 2009-2012 Ilya Grebnov <Ilya.Grebnov@gmail.com>.

Compressing data/SRR554369/output/read_seq.txt(00%)data/SRR554369/output/read_seq.txt compressed 5953945 into 5563186 in 1.177 seconds.
	Command being timed: "./run.sh -pgc"
	User time (seconds): 237.06
	System time (seconds): 3.66
	Percent of CPU this job got: 508%
	Elapsed (wall clock) time (h:mm:ss or m:ss): 0:47.37
	Average shared text size (kbytes): 0
	Average unshared data size (kbytes): 0
	Average stack size (kbytes): 0
	Average total size (kbytes): 0
	Maximum resident set size (kbytes): 174012
	Average resident set size (kbytes): 0
	Major (requiring I/O) page faults: 0
	Minor (reclaiming a frame) page faults: 216153
	Voluntary context switches: 11750
	Involuntary context switches: 357
	Swaps: 0
	File system inputs: 8
	File system outputs: 3654296
	Socket messages sent: 0
	Socket messages received: 0
	Signals delivered: 0
	Page size (bytes): 4096
	Exit status: 0
Decompression ...
-rw-rw-r--. 1 cslcollab-schandak csl_idoia 10219520 May 10 19:26 data/SRR554369/output.tar

7-Zip [64] 16.02 : Copyright (c) 1999-2016 Igor Pavlov : 2016-05-21
p7zip Version 16.02 (locale=en_IN.UTF-8,Utf16=on,HugeFiles=on,64 bits,80 CPUs Intel(R) Xeon(R) CPU E5-2698 v4 @ 2.20GHz (406F1),ASM,AES-NI)

Scanning the drive for archives:
1 file, 1216171 bytes (1188 KiB)

Extracting archive: data/SRR554369/output/read_pos.txt.7z
--
Path = data/SRR554369/output/read_pos.txt.7z
Type = 7z
Physical Size = 1216171
Headers Size = 178
Method = LZMA2:22
Solid = -
Blocks = 1

Everything is Ok

Size:       3258816
Compressed: 1216171

7-Zip [64] 16.02 : Copyright (c) 1999-2016 Igor Pavlov : 2016-05-21
p7zip Version 16.02 (locale=en_IN.UTF-8,Utf16=on,HugeFiles=on,64 bits,80 CPUs Intel(R) Xeon(R) CPU E5-2698 v4 @ 2.20GHz (406F1),ASM,AES-NI)

Scanning the drive for archives:
1 file, 706527 bytes (690 KiB)

Extracting archive: data/SRR554369/output/read_noise.txt.7z
--
Path = data/SRR554369/output/read_noise.txt.7z
Type = 7z
Physical Size = 706527
Headers Size = 178
Method = LZMA2:1536k
Solid = -
Blocks = 1

Everything is Ok

Size:       1144768
Compressed: 706527

7-Zip [64] 16.02 : Copyright (c) 1999-2016 Igor Pavlov : 2016-05-21
p7zip Version 16.02 (locale=en_IN.UTF-8,Utf16=on,HugeFiles=on,64 bits,80 CPUs Intel(R) Xeon(R) CPU E5-2698 v4 @ 2.20GHz (406F1),ASM,AES-NI)

Scanning the drive for archives:
1 file, 938343 bytes (917 KiB)

Extracting archive: data/SRR554369/output/read_noisepos.txt.7z
--
Path = data/SRR554369/output/read_noisepos.txt.7z
Type = 7z
Physical Size = 938343
Headers Size = 186
Method = LZMA2:1536k
Solid = -
Blocks = 1

Everything is Ok

Size:       1320256
Compressed: 938343

7-Zip [64] 16.02 : Copyright (c) 1999-2016 Igor Pavlov : 2016-05-21
p7zip Version 16.02 (locale=en_IN.UTF-8,Utf16=on,HugeFiles=on,64 bits,80 CPUs Intel(R) Xeon(R) CPU E5-2698 v4 @ 2.20GHz (406F1),ASM,AES-NI)

Scanning the drive for archives:
1 file, 1355075 bytes (1324 KiB)

Extracting archive: data/SRR554369/output/input_N.dna.7z
--
Path = data/SRR554369/output/input_N.dna.7z
Type = 7z
Physical Size = 1355075
Headers Size = 170
Method = LZMA2:6m
Solid = -
Blocks = 1

Everything is Ok

Size:       5749526
Compressed: 1355075

7-Zip [64] 16.02 : Copyright (c) 1999-2016 Igor Pavlov : 2016-05-21
p7zip Version 16.02 (locale=en_IN.UTF-8,Utf16=on,HugeFiles=on,64 bits,80 CPUs Intel(R) Xeon(R) CPU E5-2698 v4 @ 2.20GHz (406F1),ASM,AES-NI)

Scanning the drive for archives:
1 file, 186 bytes (1 KiB)

Extracting archive: data/SRR554369/output/read_meta.txt.7z
--
Path = data/SRR554369/output/read_meta.txt.7z
Type = 7z
Physical Size = 186
Headers Size = 178
Method = LZMA2:12
Solid = -
Blocks = 1

Everything is Ok

Size:       4
Compressed: 186

7-Zip [64] 16.02 : Copyright (c) 1999-2016 Igor Pavlov : 2016-05-21
p7zip Version 16.02 (locale=en_IN.UTF-8,Utf16=on,HugeFiles=on,64 bits,80 CPUs Intel(R) Xeon(R) CPU E5-2698 v4 @ 2.20GHz (406F1),ASM,AES-NI)

Scanning the drive for archives:
1 file, 426646 bytes (417 KiB)

Extracting archive: data/SRR554369/output/read_rev.txt.7z
--
Path = data/SRR554369/output/read_rev.txt.7z
Type = 7z
Physical Size = 426646
Headers Size = 178
Method = LZMA2:22
Solid = -
Blocks = 1

Everything is Ok

Size:       3258816
Compressed: 426646
This is bsc, Block Sorting Compressor. Version 3.1.0. 8 July 2012.
Copyright (c) 2009-2012 Ilya Grebnov <Ilya.Grebnov@gmail.com>.

Decompressing data/SRR554369/output/read_seq.txt.bsc(00%)data/SRR554369/output/read_seq.txt.bsc decompressed 5563186 into 5953945 in 1.358 seconds.
Read length: 100
Decoding reads
Decoding done
	Command being timed: "./run.sh -d"
	User time (seconds): 3.36
	System time (seconds): 0.35
	Percent of CPU this job got: 100%
	Elapsed (wall clock) time (h:mm:ss or m:ss): 0:03.71
	Average shared text size (kbytes): 0
	Average unshared data size (kbytes): 0
	Average stack size (kbytes): 0
	Average total size (kbytes): 0
	Maximum resident set size (kbytes): 37304
	Average resident set size (kbytes): 0
	Major (requiring I/O) page faults: 0
	Minor (reclaiming a frame) page faults: 17276
	Voluntary context switches: 41
	Involuntary context switches: 46
	Swaps: 0
	File system inputs: 0
	File system outputs: 769968
	Socket messages sent: 0
	Socket messages received: 0
	Signals delivered: 0
	Page size (bytes): 4096
	Exit status: 0
	Input format: FastqAbundance threshold: 13 (auto)    (nb solid kmers: 5894662)
	End reads compression
		Reads count: 3315742
		Reads size: 331574200
		Compression rate: 0.0854  (28324197)
			Bloom: 31.22  (8843018)
			Anchors dict: 6.18  (1749584)    (228334 entries)
			Reads: 0.00  (0)
				Anchor adress: 0.00  (0)
				Anchor pos: 0.00  (0) 
				Read size: 0.00  (0)
				Bifurcation: 0.00  (0)
				Other (N, error, infoBits): 0.00  (0)
			Read without anchor: 0.00  (0)
		Reads per anchor: 14
		Read without anchor: 3.35
		De Bruijn graph
			Simple path: 93.36
			Bifurcation: 1.05
			Break: 4.73
			Error: 0.83
End compression
	Input: 
		Filename: data/SRR554369/input.fastq
		Size: 768123470  (732 MB)
	Output: 
		Filename: data/SRR554369/input.fastq.leon
		Total Size: 28324496  (27 MB)
	Overall Compression rate: 0.0369 (27.1187)
		Header completely discarded, in '-seq-only' mode 
		Dna: 0.0854 (11.7064)

	Time: 14.90s
	Speed: 51.57 mo/s
	Command being timed: "./../leon/leon -c -file data/SRR554369/input.fastq -nb-cores 8 -seq-only -verbose 0"
	User time (seconds): 96.61
	System time (seconds): 2.10
	Percent of CPU this job got: 660%
	Elapsed (wall clock) time (h:mm:ss or m:ss): 0:14.94
	Average shared text size (kbytes): 0
	Average unshared data size (kbytes): 0
	Average stack size (kbytes): 0
	Average total size (kbytes): 0
	Maximum resident set size (kbytes): 929396
	Average resident set size (kbytes): 0
	Major (requiring I/O) page faults: 1
	Minor (reclaiming a frame) page faults: 261362
	Voluntary context switches: 81864
	Involuntary context switches: 311
	Swaps: 0
	File system inputs: 216
	File system outputs: 925504
	Socket messages sent: 0
	Socket messages received: 0
	Signals delivered: 0
	Page size (bytes): 4096
	Exit status: 0
-rw-rw-r--. 1 cslcollab-schandak csl_idoia 28324496 May 10 19:27 data/SRR554369/input.fastq.leon
Start decompression
	Input filename: data/SRR554369/input.fastq.leon
Headers were not stored, will number reads 

	Output format: Fasta
	Kmer size: 31

	Input File was compressed with leon version 1.0.0
	Block count: 67

	Output filename: data/SRR554369/input.fasta.d
	Time: 15.13s
	Speed: 23.84 mo/s
	Command being timed: "./../leon/leon -d -file data/SRR554369/input.fastq.leon -nb-cores 8 -seq-only -verbose 0"
	User time (seconds): 68.07
	System time (seconds): 0.36
	Percent of CPU this job got: 452%
	Elapsed (wall clock) time (h:mm:ss or m:ss): 0:15.13
	Average shared text size (kbytes): 0
	Average unshared data size (kbytes): 0
	Average stack size (kbytes): 0
	Average total size (kbytes): 0
	Maximum resident set size (kbytes): 93592
	Average resident set size (kbytes): 0
	Major (requiring I/O) page faults: 0
	Minor (reclaiming a frame) page faults: 21948
	Voluntary context switches: 133
	Involuntary context switches: 272
	Swaps: 0
	File system inputs: 0
	File system outputs: 704440
	Socket messages sent: 0
	Socket messages received: 0
	Signals delivered: 0
	Page size (bytes): 4096
	Exit status: 0
	Command being timed: "./../orcom/bin/orcom_bin e -idata/SRR554369/input.fastq -odata/SRR554369/input.bin -t8"
	User time (seconds): 15.16
	System time (seconds): 0.77
	Percent of CPU this job got: 273%
	Elapsed (wall clock) time (h:mm:ss or m:ss): 0:05.82
	Average shared text size (kbytes): 0
	Average unshared data size (kbytes): 0
	Average stack size (kbytes): 0
	Average total size (kbytes): 0
	Maximum resident set size (kbytes): 1324068
	Average resident set size (kbytes): 0
	Major (requiring I/O) page faults: 1
	Minor (reclaiming a frame) page faults: 58913
	Voluntary context switches: 13537
	Involuntary context switches: 18
	Swaps: 0
	File system inputs: 32
	File system outputs: 160112
	Socket messages sent: 0
	Socket messages received: 0
	Signals delivered: 0
	Page size (bytes): 4096
	Exit status: 0
	Command being timed: "./../orcom/bin/orcom_pack e -idata/SRR554369/input.bin -odata/SRR554369/input.orcom -t8"
	User time (seconds): 32.71
	System time (seconds): 0.21
	Percent of CPU this job got: 773%
	Elapsed (wall clock) time (h:mm:ss or m:ss): 0:04.25
	Average shared text size (kbytes): 0
	Average unshared data size (kbytes): 0
	Average stack size (kbytes): 0
	Average total size (kbytes): 0
	Maximum resident set size (kbytes): 85600
	Average resident set size (kbytes): 0
	Major (requiring I/O) page faults: 1
	Minor (reclaiming a frame) page faults: 21574
	Voluntary context switches: 3952
	Involuntary context switches: 104
	Swaps: 0
	File system inputs: 32
	File system outputs: 30984
	Socket messages sent: 0
	Socket messages received: 0
	Signals delivered: 0
	Page size (bytes): 4096
	Exit status: 0
-rw-rw-r--. 1 cslcollab-schandak csl_idoia 15844520 May 10 19:27 data/SRR554369/input.orcom.cdna
	Command being timed: "./../orcom/bin/orcom_pack d -idata/SRR554369/input.orcom -odata/SRR554369/input_orcom.dna -t8"
	User time (seconds): 7.52
	System time (seconds): 0.41
	Percent of CPU this job got: 800%
	Elapsed (wall clock) time (h:mm:ss or m:ss): 0:00.99
	Average shared text size (kbytes): 0
	Average unshared data size (kbytes): 0
	Average stack size (kbytes): 0
	Average total size (kbytes): 0
	Maximum resident set size (kbytes): 157092
	Average resident set size (kbytes): 0
	Major (requiring I/O) page faults: 0
	Minor (reclaiming a frame) page faults: 13156
	Voluntary context switches: 4440
	Involuntary context switches: 2763
	Swaps: 0
	File system inputs: 0
	File system outputs: 654088
	Socket messages sent: 0
	Socket messages received: 0
	Signals delivered: 0
	Page size (bytes): 4096
	Exit status: 0
	Command being timed: "./../pigz-2.3.4/pigz -f -p 8 data/SRR554369/input.dna"
	User time (seconds): 85.33
	System time (seconds): 0.39
	Percent of CPU this job got: 796%
	Elapsed (wall clock) time (h:mm:ss or m:ss): 0:10.75
	Average shared text size (kbytes): 0
	Average unshared data size (kbytes): 0
	Average stack size (kbytes): 0
	Average total size (kbytes): 0
	Maximum resident set size (kbytes): 8152
	Average resident set size (kbytes): 0
	Major (requiring I/O) page faults: 0
	Minor (reclaiming a frame) page faults: 9337
	Voluntary context switches: 7161
	Involuntary context switches: 231
	Swaps: 0
	File system inputs: 0
	File system outputs: 197680
	Socket messages sent: 0
	Socket messages received: 0
	Signals delivered: 0
	Page size (bytes): 4096
	Exit status: 0
-rw-rw-r--. 1 cslcollab-schandak csl_idoia 101211450 May 10 19:26 data/SRR554369/input.dna.gz
	Command being timed: "./../pigz-2.3.4/unpigz -f -p 8 data/SRR554369/input.dna.gz"
	User time (seconds): 1.79
	System time (seconds): 0.42
	Percent of CPU this job got: 145%
	Elapsed (wall clock) time (h:mm:ss or m:ss): 0:01.52
	Average shared text size (kbytes): 0
	Average unshared data size (kbytes): 0
	Average stack size (kbytes): 0
	Average total size (kbytes): 0
	Maximum resident set size (kbytes): 1040
	Average resident set size (kbytes): 0
	Major (requiring I/O) page faults: 0
	Minor (reclaiming a frame) page faults: 379
	Voluntary context switches: 23540
	Involuntary context switches: 6
	Swaps: 0
	File system inputs: 0
	File system outputs: 654096
	Socket messages sent: 0
	Socket messages received: 0
	Signals delivered: 0
	Page size (bytes): 4096
	Exit status: 0
config1.py

basename="SRR554369"
URL_1="ftp://ftp.sra.ebi.ac.uk/vol1/fastq/SRR554/SRR554369/SRR554369_1.fastq.gz"
URL_2="ftp://ftp.sra.ebi.ac.uk/vol1/fastq/SRR554/SRR554369/SRR554369_2.fastq.gz"

URL_genome="ftp://ftp.ensemblgenomes.org/pub/bacteria/release-34/fasta/bacteria_13_collection/pseudomonas_aeruginosa_pao1/dna/Pseudomonas_aeruginosa_pao1.ASM676v1.dna.toplevel.fa.gz"

maxmatch=30
thresh=8
numdict=2
dict1start=30
dict1end=49
dict2start=50
dict2end=69
num_thr=8
*** Preprocessing ***
Preprocessing Done!
Read length: 100
Number of reads: 3258816
Reading file: data/SRR554369/input_clean.dna
Constructing dictionaries
Reordering reads
Reordering done, 169231 were unmatched
Writing to file
Done!
Read length: 100
Number of reads: 3258816
Encoding reads
Encoding done

7-Zip [64] 16.02 : Copyright (c) 1999-2016 Igor Pavlov : 2016-05-21
p7zip Version 16.02 (locale=en_IN.UTF-8,Utf16=on,HugeFiles=on,64 bits,80 CPUs Intel(R) Xeon(R) CPU E5-2698 v4 @ 2.20GHz (406F1),ASM,AES-NI)

Scanning the drive:
1 file, 3258816 bytes (3183 KiB)

Creating archive: data/SRR554369/output/read_pos.txt.7z

Items to compress: 1


Files read from disk: 1
Archive size: 1217021 bytes (1189 KiB)
Everything is Ok

7-Zip [64] 16.02 : Copyright (c) 1999-2016 Igor Pavlov : 2016-05-21
p7zip Version 16.02 (locale=en_IN.UTF-8,Utf16=on,HugeFiles=on,64 bits,80 CPUs Intel(R) Xeon(R) CPU E5-2698 v4 @ 2.20GHz (406F1),ASM,AES-NI)

Scanning the drive:
1 file, 1144767 bytes (1118 KiB)

Creating archive: data/SRR554369/output/read_noise.txt.7z

Items to compress: 1


Files read from disk: 1
Archive size: 706327 bytes (690 KiB)
Everything is Ok

7-Zip [64] 16.02 : Copyright (c) 1999-2016 Igor Pavlov : 2016-05-21
p7zip Version 16.02 (locale=en_IN.UTF-8,Utf16=on,HugeFiles=on,64 bits,80 CPUs Intel(R) Xeon(R) CPU E5-2698 v4 @ 2.20GHz (406F1),ASM,AES-NI)

Scanning the drive:
1 file, 1320253 bytes (1290 KiB)

Creating archive: data/SRR554369/output/read_noisepos.txt.7z

Items to compress: 1


Files read from disk: 1
Archive size: 938126 bytes (917 KiB)
Everything is Ok

7-Zip [64] 16.02 : Copyright (c) 1999-2016 Igor Pavlov : 2016-05-21
p7zip Version 16.02 (locale=en_IN.UTF-8,Utf16=on,HugeFiles=on,64 bits,80 CPUs Intel(R) Xeon(R) CPU E5-2698 v4 @ 2.20GHz (406F1),ASM,AES-NI)

Scanning the drive:
1 file, 5749526 bytes (5615 KiB)

Creating archive: data/SRR554369/output/input_N.dna.7z

Items to compress: 1


Files read from disk: 1
Archive size: 1355075 bytes (1324 KiB)
Everything is Ok

7-Zip [64] 16.02 : Copyright (c) 1999-2016 Igor Pavlov : 2016-05-21
p7zip Version 16.02 (locale=en_IN.UTF-8,Utf16=on,HugeFiles=on,64 bits,80 CPUs Intel(R) Xeon(R) CPU E5-2698 v4 @ 2.20GHz (406F1),ASM,AES-NI)

Scanning the drive:
1 file, 4 bytes (1 KiB)

Creating archive: data/SRR554369/output/read_meta.txt.7z

Items to compress: 1


Files read from disk: 1
Archive size: 186 bytes (1 KiB)
Everything is Ok

7-Zip [64] 16.02 : Copyright (c) 1999-2016 Igor Pavlov : 2016-05-21
p7zip Version 16.02 (locale=en_IN.UTF-8,Utf16=on,HugeFiles=on,64 bits,80 CPUs Intel(R) Xeon(R) CPU E5-2698 v4 @ 2.20GHz (406F1),ASM,AES-NI)

Scanning the drive:
1 file, 3258816 bytes (3183 KiB)

Creating archive: data/SRR554369/output/read_rev.txt.7z

Items to compress: 1


Files read from disk: 1
Archive size: 426327 bytes (417 KiB)
Everything is Ok
This is bsc, Block Sorting Compressor. Version 3.1.0. 8 July 2012.
Copyright (c) 2009-2012 Ilya Grebnov <Ilya.Grebnov@gmail.com>.

Compressing data/SRR554369/output/read_seq.txt(00%)data/SRR554369/output/read_seq.txt compressed 5953791 into 5561386 in 1.172 seconds.
	Command being timed: "./run.sh -pgc"
	User time (seconds): 202.78
	System time (seconds): 3.48
	Percent of CPU this job got: 488%
	Elapsed (wall clock) time (h:mm:ss or m:ss): 0:42.21
	Average shared text size (kbytes): 0
	Average unshared data size (kbytes): 0
	Average stack size (kbytes): 0
	Average total size (kbytes): 0
	Maximum resident set size (kbytes): 174012
	Average resident set size (kbytes): 0
	Major (requiring I/O) page faults: 0
	Minor (reclaiming a frame) page faults: 255997
	Voluntary context switches: 8046
	Involuntary context switches: 325
	Swaps: 0
	File system inputs: 0
	File system outputs: 3654104
	Socket messages sent: 0
	Socket messages received: 0
	Signals delivered: 0
	Page size (bytes): 4096
	Exit status: 0
Decompression ...
-rw-rw-r--. 1 cslcollab-schandak csl_idoia 10219520 May 10 19:30 data/SRR554369/output.tar

7-Zip [64] 16.02 : Copyright (c) 1999-2016 Igor Pavlov : 2016-05-21
p7zip Version 16.02 (locale=en_IN.UTF-8,Utf16=on,HugeFiles=on,64 bits,80 CPUs Intel(R) Xeon(R) CPU E5-2698 v4 @ 2.20GHz (406F1),ASM,AES-NI)

Scanning the drive for archives:
1 file, 1217021 bytes (1189 KiB)

Extracting archive: data/SRR554369/output/read_pos.txt.7z
--
Path = data/SRR554369/output/read_pos.txt.7z
Type = 7z
Physical Size = 1217021
Headers Size = 178
Method = LZMA2:22
Solid = -
Blocks = 1

Everything is Ok

Size:       3258816
Compressed: 1217021

7-Zip [64] 16.02 : Copyright (c) 1999-2016 Igor Pavlov : 2016-05-21
p7zip Version 16.02 (locale=en_IN.UTF-8,Utf16=on,HugeFiles=on,64 bits,80 CPUs Intel(R) Xeon(R) CPU E5-2698 v4 @ 2.20GHz (406F1),ASM,AES-NI)

Scanning the drive for archives:
1 file, 706327 bytes (690 KiB)

Extracting archive: data/SRR554369/output/read_noise.txt.7z
--
Path = data/SRR554369/output/read_noise.txt.7z
Type = 7z
Physical Size = 706327
Headers Size = 178
Method = LZMA2:1536k
Solid = -
Blocks = 1

Everything is Ok

Size:       1144767
Compressed: 706327

7-Zip [64] 16.02 : Copyright (c) 1999-2016 Igor Pavlov : 2016-05-21
p7zip Version 16.02 (locale=en_IN.UTF-8,Utf16=on,HugeFiles=on,64 bits,80 CPUs Intel(R) Xeon(R) CPU E5-2698 v4 @ 2.20GHz (406F1),ASM,AES-NI)

Scanning the drive for archives:
1 file, 938126 bytes (917 KiB)

Extracting archive: data/SRR554369/output/read_noisepos.txt.7z
--
Path = data/SRR554369/output/read_noisepos.txt.7z
Type = 7z
Physical Size = 938126
Headers Size = 186
Method = LZMA2:1536k
Solid = -
Blocks = 1

Everything is Ok

Size:       1320253
Compressed: 938126

7-Zip [64] 16.02 : Copyright (c) 1999-2016 Igor Pavlov : 2016-05-21
p7zip Version 16.02 (locale=en_IN.UTF-8,Utf16=on,HugeFiles=on,64 bits,80 CPUs Intel(R) Xeon(R) CPU E5-2698 v4 @ 2.20GHz (406F1),ASM,AES-NI)

Scanning the drive for archives:
1 file, 1355075 bytes (1324 KiB)

Extracting archive: data/SRR554369/output/input_N.dna.7z
--
Path = data/SRR554369/output/input_N.dna.7z
Type = 7z
Physical Size = 1355075
Headers Size = 170
Method = LZMA2:6m
Solid = -
Blocks = 1

Everything is Ok

Size:       5749526
Compressed: 1355075

7-Zip [64] 16.02 : Copyright (c) 1999-2016 Igor Pavlov : 2016-05-21
p7zip Version 16.02 (locale=en_IN.UTF-8,Utf16=on,HugeFiles=on,64 bits,80 CPUs Intel(R) Xeon(R) CPU E5-2698 v4 @ 2.20GHz (406F1),ASM,AES-NI)

Scanning the drive for archives:
1 file, 186 bytes (1 KiB)

Extracting archive: data/SRR554369/output/read_meta.txt.7z
--
Path = data/SRR554369/output/read_meta.txt.7z
Type = 7z
Physical Size = 186
Headers Size = 178
Method = LZMA2:12
Solid = -
Blocks = 1

Everything is Ok

Size:       4
Compressed: 186

7-Zip [64] 16.02 : Copyright (c) 1999-2016 Igor Pavlov : 2016-05-21
p7zip Version 16.02 (locale=en_IN.UTF-8,Utf16=on,HugeFiles=on,64 bits,80 CPUs Intel(R) Xeon(R) CPU E5-2698 v4 @ 2.20GHz (406F1),ASM,AES-NI)

Scanning the drive for archives:
1 file, 426327 bytes (417 KiB)

Extracting archive: data/SRR554369/output/read_rev.txt.7z
--
Path = data/SRR554369/output/read_rev.txt.7z
Type = 7z
Physical Size = 426327
Headers Size = 178
Method = LZMA2:22
Solid = -
Blocks = 1

Everything is Ok

Size:       3258816
Compressed: 426327
This is bsc, Block Sorting Compressor. Version 3.1.0. 8 July 2012.
Copyright (c) 2009-2012 Ilya Grebnov <Ilya.Grebnov@gmail.com>.

Decompressing data/SRR554369/output/read_seq.txt.bsc(00%)data/SRR554369/output/read_seq.txt.bsc decompressed 5561386 into 5953791 in 0.995 seconds.
Read length: 100
Decoding reads
Decoding done
	Command being timed: "./run.sh -d"
	User time (seconds): 2.92
	System time (seconds): 0.32
	Percent of CPU this job got: 100%
	Elapsed (wall clock) time (h:mm:ss or m:ss): 0:03.25
	Average shared text size (kbytes): 0
	Average unshared data size (kbytes): 0
	Average stack size (kbytes): 0
	Average total size (kbytes): 0
	Maximum resident set size (kbytes): 37304
	Average resident set size (kbytes): 0
	Major (requiring I/O) page faults: 0
	Minor (reclaiming a frame) page faults: 17125
	Voluntary context switches: 38
	Involuntary context switches: 19
	Swaps: 0
	File system inputs: 0
	File system outputs: 769968
	Socket messages sent: 0
	Socket messages received: 0
	Signals delivered: 0
	Page size (bytes): 4096
	Exit status: 0
	Input format: FastqAbundance threshold: 13 (auto)    (nb solid kmers: 5894662)
	End reads compression
		Reads count: 3315742
		Reads size: 331574200
		Compression rate: 0.0854  (28325019)
			Bloom: 31.22  (8843018)
			Anchors dict: 6.18  (1749235)    (228291 entries)
			Reads: 0.00  (0)
				Anchor adress: 0.00  (0)
				Anchor pos: 0.00  (0) 
				Read size: 0.00  (0)
				Bifurcation: 0.00  (0)
				Other (N, error, infoBits): 0.00  (0)
			Read without anchor: 0.00  (0)
		Reads per anchor: 14
		Read without anchor: 3.35
		De Bruijn graph
			Simple path: 93.36
			Bifurcation: 1.05
			Break: 4.73
			Error: 0.83
End compression
	Input: 
		Filename: data/SRR554369/input.fastq
		Size: 768123470  (732 MB)
	Output: 
		Filename: data/SRR554369/input.fastq.leon
		Total Size: 28325319  (27 MB)
	Overall Compression rate: 0.0369 (27.1179)
		Header completely discarded, in '-seq-only' mode 
		Dna: 0.0854 (11.7061)

	Time: 14.91s
	Speed: 51.51 mo/s
	Command being timed: "./../leon/leon -c -file data/SRR554369/input.fastq -nb-cores 8 -seq-only -verbose 0"
	User time (seconds): 96.50
	System time (seconds): 2.49
	Percent of CPU this job got: 662%
	Elapsed (wall clock) time (h:mm:ss or m:ss): 0:14.94
	Average shared text size (kbytes): 0
	Average unshared data size (kbytes): 0
	Average stack size (kbytes): 0
	Average total size (kbytes): 0
	Maximum resident set size (kbytes): 929420
	Average resident set size (kbytes): 0
	Major (requiring I/O) page faults: 0
	Minor (reclaiming a frame) page faults: 264964
	Voluntary context switches: 81826
	Involuntary context switches: 369
	Swaps: 0
	File system inputs: 0
	File system outputs: 925504
	Socket messages sent: 0
	Socket messages received: 0
	Signals delivered: 0
	Page size (bytes): 4096
	Exit status: 0
-rw-rw-r--. 1 cslcollab-schandak csl_idoia 28325319 May 10 19:30 data/SRR554369/input.fastq.leon
Start decompression
	Input filename: data/SRR554369/input.fastq.leon
Headers were not stored, will number reads 

	Output format: Fasta
	Kmer size: 31

	Input File was compressed with leon version 1.0.0
	Block count: 67

	Output filename: data/SRR554369/input.fasta.d
	Time: 15.27s
	Speed: 23.62 mo/s
	Command being timed: "./../leon/leon -d -file data/SRR554369/input.fastq.leon -nb-cores 8 -seq-only -verbose 0"
	User time (seconds): 67.31
	System time (seconds): 0.41
	Percent of CPU this job got: 443%
	Elapsed (wall clock) time (h:mm:ss or m:ss): 0:15.28
	Average shared text size (kbytes): 0
	Average unshared data size (kbytes): 0
	Average stack size (kbytes): 0
	Average total size (kbytes): 0
	Maximum resident set size (kbytes): 80064
	Average resident set size (kbytes): 0
	Major (requiring I/O) page faults: 0
	Minor (reclaiming a frame) page faults: 39858
	Voluntary context switches: 111
	Involuntary context switches: 149
	Swaps: 0
	File system inputs: 0
	File system outputs: 704440
	Socket messages sent: 0
	Socket messages received: 0
	Signals delivered: 0
	Page size (bytes): 4096
	Exit status: 0
	Command being timed: "./../orcom/bin/orcom_bin e -idata/SRR554369/input.fastq -odata/SRR554369/input.bin -t8"
	User time (seconds): 16.24
	System time (seconds): 0.88
	Percent of CPU this job got: 280%
	Elapsed (wall clock) time (h:mm:ss or m:ss): 0:06.09
	Average shared text size (kbytes): 0
	Average unshared data size (kbytes): 0
	Average stack size (kbytes): 0
	Average total size (kbytes): 0
	Maximum resident set size (kbytes): 1294616
	Average resident set size (kbytes): 0
	Major (requiring I/O) page faults: 0
	Minor (reclaiming a frame) page faults: 88356
	Voluntary context switches: 13369
	Involuntary context switches: 17
	Swaps: 0
	File system inputs: 0
	File system outputs: 160112
	Socket messages sent: 0
	Socket messages received: 0
	Signals delivered: 0
	Page size (bytes): 4096
	Exit status: 0
	Command being timed: "./../orcom/bin/orcom_pack e -idata/SRR554369/input.bin -odata/SRR554369/input.orcom -t8"
	User time (seconds): 36.65
	System time (seconds): 0.16
	Percent of CPU this job got: 777%
	Elapsed (wall clock) time (h:mm:ss or m:ss): 0:04.73
	Average shared text size (kbytes): 0
	Average unshared data size (kbytes): 0
	Average stack size (kbytes): 0
	Average total size (kbytes): 0
	Maximum resident set size (kbytes): 85780
	Average resident set size (kbytes): 0
	Major (requiring I/O) page faults: 0
	Minor (reclaiming a frame) page faults: 24666
	Voluntary context switches: 4106
	Involuntary context switches: 70
	Swaps: 0
	File system inputs: 0
	File system outputs: 30984
	Socket messages sent: 0
	Socket messages received: 0
	Signals delivered: 0
	Page size (bytes): 4096
	Exit status: 0
-rw-rw-r--. 1 cslcollab-schandak csl_idoia 15844520 May 10 19:31 data/SRR554369/input.orcom.cdna
	Command being timed: "./../orcom/bin/orcom_pack d -idata/SRR554369/input.orcom -odata/SRR554369/input_orcom.dna -t8"
	User time (seconds): 7.54
	System time (seconds): 0.35
	Percent of CPU this job got: 815%
	Elapsed (wall clock) time (h:mm:ss or m:ss): 0:00.96
	Average shared text size (kbytes): 0
	Average unshared data size (kbytes): 0
	Average stack size (kbytes): 0
	Average total size (kbytes): 0
	Maximum resident set size (kbytes): 154068
	Average resident set size (kbytes): 0
	Major (requiring I/O) page faults: 0
	Minor (reclaiming a frame) page faults: 13064
	Voluntary context switches: 3771
	Involuntary context switches: 27
	Swaps: 0
	File system inputs: 0
	File system outputs: 654088
	Socket messages sent: 0
	Socket messages received: 0
	Signals delivered: 0
	Page size (bytes): 4096
	Exit status: 0
	Command being timed: "./../pigz-2.3.4/pigz -f -p 8 data/SRR554369/input.dna"
	User time (seconds): 87.38
	System time (seconds): 0.34
	Percent of CPU this job got: 797%
	Elapsed (wall clock) time (h:mm:ss or m:ss): 0:11.00
	Average shared text size (kbytes): 0
	Average unshared data size (kbytes): 0
	Average stack size (kbytes): 0
	Average total size (kbytes): 0
	Maximum resident set size (kbytes): 8220
	Average resident set size (kbytes): 0
	Major (requiring I/O) page faults: 0
	Minor (reclaiming a frame) page faults: 9375
	Voluntary context switches: 7336
	Involuntary context switches: 60
	Swaps: 0
	File system inputs: 0
	File system outputs: 197688
	Socket messages sent: 0
	Socket messages received: 0
	Signals delivered: 0
	Page size (bytes): 4096
	Exit status: 0
-rw-rw-r--. 1 cslcollab-schandak csl_idoia 101211450 May 10 19:29 data/SRR554369/input.dna.gz
	Command being timed: "./../pigz-2.3.4/unpigz -f -p 8 data/SRR554369/input.dna.gz"
	User time (seconds): 1.57
	System time (seconds): 0.39
	Percent of CPU this job got: 154%
	Elapsed (wall clock) time (h:mm:ss or m:ss): 0:01.27
	Average shared text size (kbytes): 0
	Average unshared data size (kbytes): 0
	Average stack size (kbytes): 0
	Average total size (kbytes): 0
	Maximum resident set size (kbytes): 1040
	Average resident set size (kbytes): 0
	Major (requiring I/O) page faults: 0
	Minor (reclaiming a frame) page faults: 378
	Voluntary context switches: 23553
	Involuntary context switches: 5
	Swaps: 0
	File system inputs: 0
	File system outputs: 654088
	Socket messages sent: 0
	Socket messages received: 0
	Signals delivered: 0
	Page size (bytes): 4096
	Exit status: 0
config1.py

basename="SRR554369"
URL_1="ftp://ftp.sra.ebi.ac.uk/vol1/fastq/SRR554/SRR554369/SRR554369_1.fastq.gz"
URL_2="ftp://ftp.sra.ebi.ac.uk/vol1/fastq/SRR554/SRR554369/SRR554369_2.fastq.gz"

URL_genome="ftp://ftp.ensemblgenomes.org/pub/bacteria/release-34/fasta/bacteria_13_collection/pseudomonas_aeruginosa_pao1/dna/Pseudomonas_aeruginosa_pao1.ASM676v1.dna.toplevel.fa.gz"

maxmatch=30
thresh=4
numdict=2
dict1start=30
dict1end=49
dict2start=50
dict2end=69
num_thr=8
