*** Preprocessing ***
Preprocessing Done!
Read length: 101
Number of reads: 1615879405
Reading file: data/ERR194146/input_clean.dna
Constructing dictionaries
Reordering reads
0:1000000
0:2000000
7:1000000
7:2000000
3:1000000
2:1000000
0:3000000
7:3000000
3:2000000
7:4000000
2:2000000
0:4000000
7:5000000
3:3000000
4:1000000
0:5000000
3:4000000
3:5000000
6:1000000
0:6000000
7:6000000
1:1000000
5:1000000
1:2000000
6:2000000
0:7000000
2:3000000
1:3000000
6:3000000
0:8000000
3:6000000
7:7000000
1:4000000
4:2000000
1:5000000
7:8000000
3:7000000
2:4000000
0:9000000
5:2000000
0:10000000
6:4000000
1:6000000
5:3000000
7:9000000
4:3000000
3:8000000
5:4000000
2:5000000
0:11000000
7:10000000
7:11000000
2:6000000
3:9000000
3:10000000
4:4000000
3:11000000
0:12000000
5:5000000
7:12000000
2:7000000
6:5000000
1:7000000
5:6000000
4:5000000
3:12000000
7:13000000
2:8000000
6:6000000
1:8000000
7:14000000
4:6000000
5:7000000
0:13000000
6:7000000
1:9000000
7:15000000
1:10000000
2:9000000
7:16000000
3:13000000
7:17000000
0:14000000
1:11000000
6:8000000
5:8000000
7:18000000
7:19000000
0:15000000
4:7000000
7:20000000
1:12000000
5:9000000
7:21000000
0:16000000
0:17000000
1:13000000
6:9000000
5:10000000
1:14000000
4:8000000
7:22000000
3:14000000
2:10000000
0:18000000
6:10000000
5:11000000
4:9000000
1:15000000
7:23000000
2:11000000
5:12000000
0:19000000
3:15000000
6:11000000
1:16000000
7:24000000
4:10000000
2:12000000
0:20000000
5:13000000
3:16000000
6:12000000
2:13000000
1:17000000
4:11000000
0:21000000
3:17000000
5:14000000
6:13000000
7:25000000
2:14000000
1:18000000
0:22000000
4:12000000
5:15000000
3:18000000
6:14000000
7:26000000
2:15000000
4:13000000
1:19000000
0:23000000
5:16000000
3:19000000
6:15000000
7:27000000
4:14000000
2:16000000
0:24000000
6:16000000
3:20000000
1:20000000
5:17000000
7:28000000
2:17000000
0:25000000
4:15000000
6:17000000
5:18000000
3:21000000
1:21000000
2:18000000
7:29000000
0:26000000
6:18000000
4:16000000
3:22000000
5:19000000
2:19000000
1:22000000
7:30000000
0:27000000
6:19000000
4:17000000
5:20000000
2:20000000
3:23000000
1:23000000
7:31000000
0:28000000
6:20000000
4:18000000
2:21000000
3:24000000
5:21000000
1:24000000
7:32000000
0:29000000
6:21000000
4:19000000
5:22000000
2:22000000
3:25000000
1:25000000
7:33000000
0:30000000
6:22000000
5:23000000
4:20000000
3:26000000
1:26000000
2:23000000
7:34000000
6:23000000
0:31000000
4:21000000
5:24000000
1:27000000
2:24000000
3:27000000
6:24000000
7:35000000
0:32000000
4:22000000
5:25000000
1:28000000
6:25000000
7:36000000
2:25000000
3:28000000
0:33000000
4:23000000
6:26000000
2:26000000
5:26000000
7:37000000
1:29000000
3:29000000
0:34000000
4:24000000
6:27000000
7:38000000
2:27000000
5:27000000
1:30000000
3:30000000
0:35000000
4:25000000
6:28000000
5:28000000
1:31000000
7:39000000
2:28000000
3:31000000
0:36000000
4:26000000
6:29000000
7:40000000
1:32000000
5:29000000
2:29000000
0:37000000
3:32000000
4:27000000
6:30000000
1:33000000
2:30000000
7:41000000
5:30000000
0:38000000
3:33000000
4:28000000
6:31000000
1:34000000
2:31000000
7:42000000
0:39000000
5:31000000
3:34000000
4:29000000
6:32000000
7:43000000
2:32000000
1:35000000
5:32000000
0:40000000
3:35000000
4:30000000
7:44000000
6:33000000
2:33000000
1:36000000
5:33000000
0:41000000
3:36000000
6:34000000
4:31000000
7:45000000
2:34000000
0:42000000
5:34000000
3:37000000
1:37000000
6:35000000
7:46000000
4:32000000
2:35000000
0:43000000
5:35000000
3:38000000
1:38000000
6:36000000
7:47000000
4:33000000
2:36000000
0:44000000
3:39000000
5:36000000
1:39000000
6:37000000
7:48000000
4:34000000
2:37000000
3:40000000
0:45000000
5:37000000
1:40000000
6:38000000
7:49000000
4:35000000
2:38000000
3:41000000
0:46000000
5:38000000
6:39000000
1:41000000
7:50000000
4:36000000
3:42000000
2:39000000
0:47000000
5:39000000
6:40000000
7:51000000
1:42000000
4:37000000
0:48000000
3:43000000
2:40000000
5:40000000
6:41000000
7:52000000
4:38000000
1:43000000
0:49000000
2:41000000
3:44000000
5:41000000
6:42000000
7:53000000
1:44000000
4:39000000
0:50000000
2:42000000
3:45000000
5:42000000
6:43000000
7:54000000
1:45000000
4:40000000
0:51000000
2:43000000
3:46000000
5:43000000
6:44000000
7:55000000
1:46000000
4:41000000
0:52000000
3:47000000
2:44000000
5:44000000
6:45000000
7:56000000
1:47000000
4:42000000
0:53000000
5:45000000
3:48000000
6:46000000
2:45000000
7:57000000
1:48000000
4:43000000
0:54000000
6:47000000
3:49000000
5:46000000
2:46000000
7:58000000
0:55000000
1:49000000
4:44000000
6:48000000
5:47000000
3:50000000
2:47000000
7:59000000
4:45000000
0:56000000
1:50000000
6:49000000
3:51000000
5:48000000
2:48000000
7:60000000
0:57000000
4:46000000
6:50000000
1:51000000
3:52000000
5:49000000
2:49000000
7:61000000
4:47000000
0:58000000
6:51000000
1:52000000
3:53000000
5:50000000
2:50000000
7:62000000
0:59000000
4:48000000
6:52000000
1:53000000
3:54000000
7:63000000
5:51000000
2:51000000
0:60000000
4:49000000
6:53000000
1:54000000
3:55000000
7:64000000
4:50000000
5:52000000
2:52000000
0:61000000
6:54000000
4:51000000
1:55000000
7:65000000
5:53000000
3:56000000
2:53000000
0:62000000
6:55000000
4:52000000
1:56000000
7:66000000
5:54000000
3:57000000
2:54000000
0:63000000
6:56000000
4:53000000
1:57000000
7:67000000
5:55000000
3:58000000
2:55000000
0:64000000
6:57000000
4:54000000
1:58000000
7:68000000
5:56000000
3:59000000
2:56000000
6:58000000
0:65000000
4:55000000
1:59000000
7:69000000
5:57000000
3:60000000
2:57000000
6:59000000
0:66000000
4:56000000
1:60000000
7:70000000
5:58000000
3:61000000
6:60000000
2:58000000
0:67000000
4:57000000
1:61000000
7:71000000
5:59000000
3:62000000
6:61000000
2:59000000
0:68000000
4:58000000
7:72000000
1:62000000
5:60000000
3:63000000
6:62000000
2:60000000
0:69000000
4:59000000
7:73000000
1:63000000
5:61000000
3:64000000
6:63000000
0:70000000
2:61000000
4:60000000
1:64000000
7:74000000
5:62000000
3:65000000
6:64000000
0:71000000
4:61000000
2:62000000
1:65000000
7:75000000
5:63000000
3:66000000
6:65000000
0:72000000
4:62000000
1:66000000
7:76000000
2:63000000
5:64000000
3:67000000
6:66000000
5:65000000
4:63000000
1:67000000
7:77000000
5:66000000
0:73000000
2:64000000
3:68000000
6:67000000
4:64000000
1:68000000
0:74000000
7:78000000
5:67000000
2:65000000
3:69000000
6:68000000
4:65000000
1:69000000
0:75000000
5:68000000
7:79000000
2:66000000
3:70000000
6:69000000
4:66000000
7:80000000
0:76000000
1:70000000
5:69000000
2:67000000
3:71000000
6:70000000
7:81000000
4:67000000
5:70000000
0:77000000
1:71000000
2:68000000
3:72000000
6:71000000
7:82000000
5:71000000
4:68000000
0:78000000
1:72000000
2:69000000
3:73000000
6:72000000
5:72000000
4:69000000
7:83000000
0:79000000
1:73000000
2:70000000
3:74000000
6:73000000
7:84000000
4:70000000
5:73000000
0:80000000
1:74000000
2:71000000
3:75000000
6:74000000
7:85000000
5:74000000
0:81000000
1:75000000
4:71000000
2:72000000
3:76000000
6:75000000
7:86000000
5:75000000
1:76000000
0:82000000
4:72000000
2:73000000
3:77000000
6:76000000
7:87000000
5:76000000
1:77000000
0:83000000
4:73000000
2:74000000
6:77000000
3:78000000
1:78000000
5:77000000
7:88000000
4:74000000
0:84000000
2:75000000
3:79000000
6:78000000
5:78000000
1:79000000
7:89000000
4:75000000
0:85000000
3:80000000
2:76000000
6:79000000
1:80000000
5:79000000
7:90000000
4:76000000
0:86000000
2:77000000
3:81000000
6:80000000
1:81000000
5:80000000
7:91000000
4:77000000
0:87000000
2:78000000
3:82000000
5:81000000
1:82000000
6:81000000
7:92000000
4:78000000
0:88000000
2:79000000
3:83000000
5:82000000
6:82000000
1:83000000
7:93000000
4:79000000
0:89000000
3:84000000
2:80000000
5:83000000
1:84000000
6:83000000
7:94000000
4:80000000
0:90000000
3:85000000
2:81000000
5:84000000
1:85000000
6:84000000
7:95000000
4:81000000
3:86000000
0:91000000
2:82000000
5:85000000
6:85000000
1:86000000
7:96000000
0:92000000
4:82000000
3:87000000
2:83000000
6:86000000
5:86000000
1:87000000
7:97000000
0:93000000
4:83000000
3:88000000
2:84000000
5:87000000
6:87000000
1:88000000
7:98000000
0:94000000
4:84000000
3:89000000
2:85000000
6:88000000
5:88000000
7:99000000
1:89000000
4:85000000
0:95000000
3:90000000
6:89000000
2:86000000
5:89000000
7:100000000
1:90000000
0:96000000
4:86000000
3:91000000
6:90000000
2:87000000
5:90000000
7:101000000
1:91000000
3:92000000
0:97000000
5:91000000
4:87000000
6:91000000
7:102000000
2:88000000
1:92000000
3:93000000
0:98000000
5:92000000
4:88000000
6:92000000
1:93000000
7:103000000
2:89000000
3:94000000
0:99000000
5:93000000
4:89000000
6:93000000
1:94000000
2:90000000
7:104000000
0:100000000
3:95000000
5:94000000
4:90000000
1:95000000
6:94000000
7:105000000
2:91000000
0:101000000
3:96000000
5:95000000
4:91000000
1:96000000
6:95000000
7:106000000
2:92000000
0:102000000
5:96000000
4:92000000
3:97000000
6:96000000
7:107000000
1:97000000
2:93000000
0:103000000
5:97000000
4:93000000
3:98000000
6:97000000
7:108000000
2:94000000
1:98000000
0:104000000
5:98000000
4:94000000
3:99000000
7:109000000
6:98000000
1:99000000
2:95000000
5:99000000
0:105000000
4:95000000
3:100000000
7:110000000
2:96000000
1:100000000
6:99000000
5:100000000
0:106000000
4:96000000
3:101000000
1:101000000
7:111000000
6:100000000
2:97000000
5:101000000
0:107000000
4:97000000
3:102000000
1:102000000
7:112000000
6:101000000
2:98000000
5:102000000
4:98000000
0:108000000
1:103000000
7:113000000
3:103000000
2:99000000
6:102000000
5:103000000
4:99000000
1:104000000
0:109000000
7:114000000
3:104000000
6:103000000
2:100000000
5:104000000
4:100000000
1:105000000
6:104000000
0:110000000
7:115000000
3:105000000
2:101000000
5:105000000
4:101000000
1:106000000
2:102000000
6:105000000
7:116000000
0:111000000
3:106000000
5:106000000
4:102000000
1:107000000
6:106000000
2:103000000
0:112000000
3:107000000
7:117000000
5:107000000
4:103000000
6:107000000
1:108000000
0:113000000
3:108000000
2:104000000
7:118000000
5:108000000
4:104000000
6:108000000
1:109000000
0:114000000
2:105000000
3:109000000
7:119000000
5:109000000
4:105000000
1:110000000
6:109000000
2:106000000
0:115000000
3:110000000
7:120000000
4:106000000
5:110000000
1:111000000
6:110000000
2:107000000
0:116000000
7:121000000
3:111000000
4:107000000
5:111000000
6:111000000
1:112000000
0:117000000
2:108000000
3:112000000
7:122000000
4:108000000
5:112000000
6:112000000
1:113000000
2:109000000
0:118000000
7:123000000
3:113000000
4:109000000
5:113000000
6:113000000
1:114000000
2:110000000
7:124000000
0:119000000
3:114000000
4:110000000
6:114000000
5:114000000
2:111000000
1:115000000
7:125000000
0:120000000
4:111000000
3:115000000
6:115000000
2:112000000
5:115000000
1:116000000
7:126000000
0:121000000
4:112000000
3:116000000
6:116000000
5:116000000
2:113000000
1:117000000
7:127000000
0:122000000
4:113000000
3:117000000
2:114000000
6:117000000
5:117000000
7:128000000
1:118000000
4:114000000
0:123000000
3:118000000
6:118000000
2:115000000
5:118000000
7:129000000
1:119000000
4:115000000
0:124000000
3:119000000
6:119000000
2:116000000
5:119000000
7:130000000
1:120000000
4:116000000
0:125000000
3:120000000
6:120000000
2:117000000
7:131000000
5:120000000
1:121000000
4:117000000
0:126000000
2:118000000
3:121000000
6:121000000
7:132000000
5:121000000
1:122000000
4:118000000
2:119000000
0:127000000
3:122000000
6:122000000
7:133000000
5:122000000
1:123000000
4:119000000
3:123000000
2:120000000
0:128000000
6:123000000
7:134000000
1:124000000
5:123000000
4:120000000
2:121000000
6:124000000
0:129000000
3:124000000
7:135000000
1:125000000
5:124000000
2:122000000
4:121000000
6:125000000
0:130000000
3:125000000
7:136000000
1:126000000
4:122000000
5:125000000
2:123000000
6:126000000
3:126000000
7:137000000
0:131000000
1:127000000
4:123000000
5:126000000
6:127000000
2:124000000
0:132000000
3:127000000
7:138000000
1:128000000
4:124000000
5:127000000
6:128000000
2:125000000
3:128000000
7:139000000
0:133000000
1:129000000
4:125000000
3:129000000
5:128000000
6:129000000
2:126000000
7:140000000
0:134000000
1:130000000
3:130000000
4:126000000
6:130000000
5:129000000
2:127000000
0:135000000
7:141000000
1:131000000
3:131000000
4:127000000
6:131000000
5:130000000
7:142000000
0:136000000
2:128000000
1:132000000
3:132000000
4:128000000
6:132000000
7:143000000
5:131000000
2:129000000
0:137000000
1:133000000
3:133000000
4:129000000
7:144000000
6:133000000
5:132000000
2:130000000
1:134000000
0:138000000
3:134000000
4:130000000
6:134000000
7:145000000
2:131000000
5:133000000
1:135000000
3:135000000
0:139000000
4:131000000
6:135000000
2:132000000
7:146000000
5:134000000
1:136000000
3:136000000
0:140000000
4:132000000
6:136000000
2:133000000
7:147000000
1:137000000
5:135000000
3:137000000
0:141000000
4:133000000
6:137000000
2:134000000
7:148000000
1:138000000
5:136000000
3:138000000
0:142000000
4:134000000
6:138000000
2:135000000
7:149000000
1:139000000
5:137000000
3:139000000
0:143000000
6:139000000
2:136000000
4:135000000
7:150000000
1:140000000
5:138000000
3:140000000
2:137000000
0:144000000
6:140000000
4:136000000
7:151000000
1:141000000
5:139000000
3:141000000
2:138000000
0:145000000
6:141000000
4:137000000
7:152000000
1:142000000
5:140000000
3:142000000
2:139000000
0:146000000
6:142000000
7:153000000
4:138000000
1:143000000
5:141000000
3:143000000
6:143000000
0:147000000
7:154000000
2:140000000
4:139000000
1:144000000
5:142000000
7:155000000
6:144000000
3:144000000
0:148000000
2:141000000
4:140000000
1:145000000
5:143000000
2:142000000
3:145000000
6:145000000
7:156000000
0:149000000
4:141000000
1:146000000
3:146000000
2:143000000
6:146000000
7:157000000
0:150000000
5:144000000
1:147000000
4:142000000
6:147000000
2:144000000
7:158000000
3:147000000
0:151000000
1:148000000
5:145000000
4:143000000
2:145000000
6:148000000
7:159000000
3:148000000
1:149000000
0:152000000
5:146000000
4:144000000
6:149000000
7:160000000
2:146000000
1:150000000
3:149000000
0:153000000
4:145000000
5:147000000
7:161000000
6:150000000
2:147000000
1:151000000
0:154000000
4:146000000
3:150000000
5:148000000
2:148000000
7:162000000
6:151000000
1:152000000
0:155000000
4:147000000
3:151000000
5:149000000
7:163000000
2:149000000
6:152000000
1:153000000
0:156000000
3:152000000
4:148000000
5:150000000
7:164000000
2:150000000
6:153000000
1:154000000
0:157000000
3:153000000
5:151000000
4:149000000
7:165000000
2:151000000
6:154000000
1:155000000
0:158000000
3:154000000
4:150000000
5:152000000
7:166000000
2:152000000
6:155000000
1:156000000
0:159000000
3:155000000
4:151000000
5:153000000
7:167000000
3:156000000
2:153000000
1:157000000
6:156000000
4:152000000
0:160000000
5:154000000
7:168000000
1:158000000
3:157000000
6:157000000
2:154000000
4:153000000
0:161000000
5:155000000
7:169000000
1:159000000
3:158000000
6:158000000
2:155000000
4:154000000
0:162000000
5:156000000
7:170000000
1:160000000
2:156000000
6:159000000
3:159000000
4:155000000
0:163000000
5:157000000
7:171000000
1:161000000
2:157000000
6:160000000
3:160000000
4:156000000
0:164000000
5:158000000
7:172000000
2:158000000
1:162000000
3:161000000
6:161000000
4:157000000
0:165000000
5:159000000
7:173000000
2:159000000
1:163000000
6:162000000
3:162000000
0:166000000
4:158000000
7:174000000
5:160000000
1:164000000
2:160000000
3:163000000
6:163000000
0:167000000
4:159000000
7:175000000
5:161000000
1:165000000
2:161000000
3:164000000
6:164000000
0:168000000
4:160000000
5:162000000
7:176000000
1:166000000
2:162000000
3:165000000
6:165000000
0:169000000
4:161000000
7:177000000
5:163000000
1:167000000
2:163000000
6:166000000
0:170000000
3:166000000
7:178000000
4:162000000
5:164000000
1:168000000
2:164000000
6:167000000
0:171000000
3:167000000
7:179000000
4:163000000
5:165000000
1:169000000
2:165000000
6:168000000
0:172000000
3:168000000
7:180000000
4:164000000
5:166000000
1:170000000
2:166000000
6:169000000
0:173000000
3:169000000
7:181000000
5:167000000
4:165000000
1:171000000
2:167000000
0:174000000
6:170000000
7:182000000
3:170000000
5:168000000
4:166000000
1:172000000
2:168000000
6:171000000
0:175000000
7:183000000
5:169000000
3:171000000
4:167000000
1:173000000
2:169000000
6:172000000
0:176000000
7:184000000
5:170000000
3:172000000
4:168000000
1:174000000
2:170000000
6:173000000
0:177000000
7:185000000
5:171000000
3:173000000
4:169000000
1:175000000
2:171000000
6:174000000
0:178000000
7:186000000
5:172000000
3:174000000
4:170000000
1:176000000
2:172000000
0:179000000
6:175000000
7:187000000
5:173000000
3:175000000
4:171000000
1:177000000
2:173000000
0:180000000
6:176000000
7:188000000
5:174000000
3:176000000
4:172000000
1:178000000
2:174000000
0:181000000
7:189000000
6:177000000
5:175000000
4:173000000
3:177000000
1:179000000
2:175000000
0:182000000
6:178000000
7:190000000
5:176000000
4:174000000
3:178000000
1:180000000
2:176000000
0:183000000
7:191000000
6:179000000
5:177000000
4:175000000
3:179000000
1:181000000
2:177000000
0:184000000
7:192000000
6:180000000
5:178000000
4:176000000
3:180000000
1:182000000
2:178000000
0:185000000
7:193000000
6:181000000
5:179000000
4:177000000
3:181000000
1:183000000
2:179000000
0:186000000
7:194000000
6:182000000
5:180000000
4:178000000
3:182000000
1:184000000
2:180000000
0:187000000
7:195000000
6:183000000
5:181000000
4:179000000
3:183000000
1:185000000
2:181000000
0:188000000
7:196000000
6:184000000
5:182000000
4:180000000
3:184000000
2:182000000
1:186000000
0:189000000
7:197000000
6:185000000
5:183000000
4:181000000
3:185000000
2:183000000
1:187000000
0:190000000
7:198000000
6:186000000
5:184000000
4:182000000
3:186000000
2:184000000
1:188000000
0:191000000
6:187000000
7:199000000
5:185000000
4:183000000
3:187000000
2:185000000
1:189000000
0:192000000
7:200000000
6:188000000
5:186000000
4:184000000
3:188000000
2:186000000
1:190000000
0:193000000
7:201000000
6:189000000
5:187000000
4:185000000
3:189000000
2:187000000
0:194000000
1:191000000
7:202000000
6:190000000
5:188000000
4:186000000
3:190000000
2:188000000
0:195000000
1:192000000
7:203000000
6:191000000
5:189000000
2:189000000
4:187000000
0:196000000
3:191000000
1:193000000
7:204000000
5:190000000
6:192000000
2:190000000
4:188000000
0:197000000
3:192000000
7:205000000
1:194000000
5:191000000
6:193000000
2:191000000
4:189000000
0:198000000
3:193000000
7:206000000
1:195000000
5:192000000
6:194000000
2:192000000
0:199000000
4:190000000
3:194000000
7:207000000
1:196000000
5:193000000
6:195000000
2:193000000
0:200000000
4:191000000
3:195000000
7:208000000
1:197000000
5:194000000
6:196000000
2:194000000
4:192000000
0:201000000
3:196000000
7:209000000
1:198000000
5:195000000
6:197000000
2:195000000
4:193000000
0:202000000
3:197000000
7:210000000
1:199000000
5:196000000
6:198000000
2:196000000
4:194000000
0:203000000
3:198000000
7:211000000
1:200000000
5:197000000
6:199000000
2:197000000
4:195000000
0:204000000
3:199000000
7:212000000
1:201000000
5:198000000
2:198000000
6:200000000
4:196000000
0:205000000
3:200000000
7:213000000
Reordering done, 75223583 were unmatched
Writing to file
Done!
Read length: 101
Number of reads: 1615879405
Encoding reads
Encoding done

7-Zip [64] 16.02 : Copyright (c) 1999-2016 Igor Pavlov : 2016-05-21
p7zip Version 16.02 (locale=en_IN.UTF-8,Utf16=on,HugeFiles=on,64 bits,80 CPUs Intel(R) Xeon(R) CPU E5-2698 v4 @ 2.20GHz (406F1),ASM,AES-NI)

Scanning the drive:
1 file, 1615879405 bytes (1542 MiB)

Creating archive: data/ERR194146/output/read_pos.txt.7z

Items to compress: 1


Files read from disk: 1
Archive size: 539059322 bytes (515 MiB)
Everything is Ok

7-Zip [64] 16.02 : Copyright (c) 1999-2016 Igor Pavlov : 2016-05-21
p7zip Version 16.02 (locale=en_IN.UTF-8,Utf16=on,HugeFiles=on,64 bits,80 CPUs Intel(R) Xeon(R) CPU E5-2698 v4 @ 2.20GHz (406F1),ASM,AES-NI)

Scanning the drive:
1 file, 530622517 bytes (507 MiB)

Creating archive: data/ERR194146/output/read_noise.txt.7z

Items to compress: 1


Files read from disk: 1
Archive size: 257279306 bytes (246 MiB)
Everything is Ok

7-Zip [64] 16.02 : Copyright (c) 1999-2016 Igor Pavlov : 2016-05-21
p7zip Version 16.02 (locale=en_IN.UTF-8,Utf16=on,HugeFiles=on,64 bits,80 CPUs Intel(R) Xeon(R) CPU E5-2698 v4 @ 2.20GHz (406F1),ASM,AES-NI)

Scanning the drive:
1 file, 506610666 bytes (484 MiB)

Creating archive: data/ERR194146/output/read_noisepos.txt.7z

Items to compress: 1


Files read from disk: 1
Archive size: 360027411 bytes (344 MiB)
Everything is Ok

7-Zip [64] 16.02 : Copyright (c) 1999-2016 Igor Pavlov : 2016-05-21
p7zip Version 16.02 (locale=en_IN.UTF-8,Utf16=on,HugeFiles=on,64 bits,80 CPUs Intel(R) Xeon(R) CPU E5-2698 v4 @ 2.20GHz (406F1),ASM,AES-NI)

Scanning the drive:
1 file, 1952219106 bytes (1862 MiB)

Creating archive: data/ERR194146/output/input_N.dna.7z

Items to compress: 1


Files read from disk: 1
Archive size: 480427902 bytes (459 MiB)
Everything is Ok

7-Zip [64] 16.02 : Copyright (c) 1999-2016 Igor Pavlov : 2016-05-21
p7zip Version 16.02 (locale=en_IN.UTF-8,Utf16=on,HugeFiles=on,64 bits,80 CPUs Intel(R) Xeon(R) CPU E5-2698 v4 @ 2.20GHz (406F1),ASM,AES-NI)

Scanning the drive:
1 file, 4 bytes (1 KiB)

Creating archive: data/ERR194146/output/read_meta.txt.7z

Items to compress: 1


Files read from disk: 1
Archive size: 186 bytes (1 KiB)
Everything is Ok

7-Zip [64] 16.02 : Copyright (c) 1999-2016 Igor Pavlov : 2016-05-21
p7zip Version 16.02 (locale=en_IN.UTF-8,Utf16=on,HugeFiles=on,64 bits,80 CPUs Intel(R) Xeon(R) CPU E5-2698 v4 @ 2.20GHz (406F1),ASM,AES-NI)

Scanning the drive:
1 file, 1615879405 bytes (1542 MiB)

Creating archive: data/ERR194146/output/read_rev.txt.7z

Items to compress: 1


Files read from disk: 1
Archive size: 202680552 bytes (194 MiB)
Everything is Ok
This is bsc, Block Sorting Compressor. Version 3.1.0. 8 July 2012.
Copyright (c) 2009-2012 Ilya Grebnov <Ilya.Grebnov@gmail.com>.

Compressing data/ERR194146/output/read_seq.txt(00%)Compressing data/ERR194146/output/read_seq.txt(20%)Compressing data/ERR194146/output/read_seq.txt(41%)Compressing data/ERR194146/output/read_seq.txt(62%)Compressing data/ERR194146/output/read_seq.txt(82%)data/ERR194146/output/read_seq.txt compressed 2595197893 into 2172040562 in 511.237 seconds.
	Command being timed: "./run.sh -pgc"
	User time (seconds): 181308.19
	System time (seconds): 5385.66
	Percent of CPU this job got: 664%
	Elapsed (wall clock) time (h:mm:ss or m:ss): 7:48:17
	Average shared text size (kbytes): 0
	Average unshared data size (kbytes): 0
	Average stack size (kbytes): 0
	Average total size (kbytes): 0
	Maximum resident set size (kbytes): 78694612
	Average resident set size (kbytes): 0
	Major (requiring I/O) page faults: 140
	Minor (reclaiming a frame) page faults: 2793018186
	Voluntary context switches: 8025299
	Involuntary context switches: 109260
	Swaps: 0
	File system inputs: 1007491760
	File system outputs: 1814051384
	Socket messages sent: 0
	Socket messages received: 0
	Signals delivered: 0
	Page size (bytes): 4096
	Exit status: 0
