*** Preprocessing ***
Preprocessing Done!
Read length: 74
Number of reads: 68840275
Reading file: data/SRR870667_2/input_clean.dna
Constructing dictionaries
Reordering reads
3:1000000
1:1000000
7:1000000
6:1000000
4:1000000
0:1000000
3:2000000
5:1000000
2:1000000
1:2000000
7:2000000
4:2000000
0:2000000
2:2000000
5:2000000
3:3000000
6:2000000
1:3000000
7:3000000
4:3000000
0:3000000
2:3000000
5:3000000
6:3000000
3:4000000
1:4000000
7:4000000
4:4000000
0:4000000
2:4000000
3:5000000
6:4000000
5:4000000
1:5000000
0:5000000
2:5000000
7:5000000
4:5000000
3:6000000
6:5000000
5:5000000
1:6000000
0:6000000
2:6000000
7:6000000
4:6000000
3:7000000
6:6000000
5:6000000
1:7000000
7:7000000
0:7000000
2:7000000
4:7000000
3:8000000
6:7000000
5:7000000
1:8000000
0:8000000
2:8000000
7:8000000
4:8000000
3:9000000
6:8000000
5:8000000
Reordering done, 8033213 were unmatched
Writing to file
Done!
Read length: 74
Number of reads: 68840275
Encoding reads
Encoding done

7-Zip [64] 16.02 : Copyright (c) 1999-2016 Igor Pavlov : 2016-05-21
p7zip Version 16.02 (locale=en_IN.UTF-8,Utf16=on,HugeFiles=on,64 bits,80 CPUs Intel(R) Xeon(R) CPU E5-2698 v4 @ 2.20GHz (406F1),ASM,AES-NI)

Open archive: data/SRR870667_2/output/read_pos.txt.7z
--
Path = data/SRR870667_2/output/read_pos.txt.7z
Type = 7z
Physical Size = 21701052
Headers Size = 178
Method = LZMA2:24
Solid = -
Blocks = 1

Scanning the drive:
1 file, 68840275 bytes (66 MiB)

Updating archive: data/SRR870667_2/output/read_pos.txt.7z

Items to compress: 1


Files read from disk: 1
Archive size: 23640027 bytes (23 MiB)
Everything is Ok

7-Zip [64] 16.02 : Copyright (c) 1999-2016 Igor Pavlov : 2016-05-21
p7zip Version 16.02 (locale=en_IN.UTF-8,Utf16=on,HugeFiles=on,64 bits,80 CPUs Intel(R) Xeon(R) CPU E5-2698 v4 @ 2.20GHz (406F1),ASM,AES-NI)

Open archive: data/SRR870667_2/output/read_noise.txt.7z
--
Path = data/SRR870667_2/output/read_noise.txt.7z
Type = 7z
Physical Size = 36269992
Headers Size = 186
Method = LZMA2:24
Solid = -
Blocks = 1

Scanning the drive:
1 file, 31847180 bytes (31 MiB)

Updating archive: data/SRR870667_2/output/read_noise.txt.7z

Items to compress: 1


Files read from disk: 1
Archive size: 22861796 bytes (22 MiB)
Everything is Ok

7-Zip [64] 16.02 : Copyright (c) 1999-2016 Igor Pavlov : 2016-05-21
p7zip Version 16.02 (locale=en_IN.UTF-8,Utf16=on,HugeFiles=on,64 bits,80 CPUs Intel(R) Xeon(R) CPU E5-2698 v4 @ 2.20GHz (406F1),ASM,AES-NI)

Open archive: data/SRR870667_2/output/read_noisepos.txt.7z
--
Path = data/SRR870667_2/output/read_noisepos.txt.7z
Type = 7z
Physical Size = 65092024
Headers Size = 186
Method = LZMA2:24
Solid = -
Blocks = 1

Scanning the drive:
1 file, 58548446 bytes (56 MiB)

Updating archive: data/SRR870667_2/output/read_noisepos.txt.7z

Items to compress: 1


Files read from disk: 1
Archive size: 39977082 bytes (39 MiB)
Everything is Ok

7-Zip [64] 16.02 : Copyright (c) 1999-2016 Igor Pavlov : 2016-05-21
p7zip Version 16.02 (locale=en_IN.UTF-8,Utf16=on,HugeFiles=on,64 bits,80 CPUs Intel(R) Xeon(R) CPU E5-2698 v4 @ 2.20GHz (406F1),ASM,AES-NI)

Open archive: data/SRR870667_2/output/input_N.dna.7z
--
Path = data/SRR870667_2/output/input_N.dna.7z
Type = 7z
Physical Size = 5453280
Headers Size = 178
Method = LZMA2:24
Solid = -
Blocks = 1

Scanning the drive:
1 file, 29247000 bytes (28 MiB)

Updating archive: data/SRR870667_2/output/input_N.dna.7z

Items to compress: 1


Files read from disk: 1
Archive size: 5453280 bytes (5326 KiB)
Everything is Ok

7-Zip [64] 16.02 : Copyright (c) 1999-2016 Igor Pavlov : 2016-05-21
p7zip Version 16.02 (locale=en_IN.UTF-8,Utf16=on,HugeFiles=on,64 bits,80 CPUs Intel(R) Xeon(R) CPU E5-2698 v4 @ 2.20GHz (406F1),ASM,AES-NI)

Open archive: data/SRR870667_2/output/read_meta.txt.7z
--
Path = data/SRR870667_2/output/read_meta.txt.7z
Type = 7z
Physical Size = 185
Headers Size = 178
Method = LZMA2:12
Solid = -
Blocks = 1

Scanning the drive:
1 file, 3 bytes (1 KiB)

Updating archive: data/SRR870667_2/output/read_meta.txt.7z

Items to compress: 1


Files read from disk: 1
Archive size: 185 bytes (1 KiB)
Everything is Ok

7-Zip [64] 16.02 : Copyright (c) 1999-2016 Igor Pavlov : 2016-05-21
p7zip Version 16.02 (locale=en_IN.UTF-8,Utf16=on,HugeFiles=on,64 bits,80 CPUs Intel(R) Xeon(R) CPU E5-2698 v4 @ 2.20GHz (406F1),ASM,AES-NI)

Open archive: data/SRR870667_2/output/read_rev.txt.7z
--
Path = data/SRR870667_2/output/read_rev.txt.7z
Type = 7z
Physical Size = 7097334
Headers Size = 178
Method = LZMA2:24
Solid = -
Blocks = 1

Scanning the drive:
1 file, 68840275 bytes (66 MiB)

Updating archive: data/SRR870667_2/output/read_rev.txt.7z

Items to compress: 1


Files read from disk: 1
Archive size: 7428235 bytes (7255 KiB)
Everything is Ok
This is bsc, Block Sorting Compressor. Version 3.1.0. 8 July 2012.
Copyright (c) 2009-2012 Ilya Grebnov <Ilya.Grebnov@gmail.com>.

Compressing data/SRR870667_2/output/read_seq.txt(00%)data/SRR870667_2/output/read_seq.txt compressed 198773695 into 175654542 in 38.492 seconds.
	Command being timed: "./run.sh -pgc"
	User time (seconds): 7614.46
	System time (seconds): 45.22
	Percent of CPU this job got: 663%
	Elapsed (wall clock) time (h:mm:ss or m:ss): 19:13.79
	Average shared text size (kbytes): 0
	Average unshared data size (kbytes): 0
	Average stack size (kbytes): 0
	Average total size (kbytes): 0
	Maximum resident set size (kbytes): 2786568
	Average resident set size (kbytes): 0
	Major (requiring I/O) page faults: 0
	Minor (reclaiming a frame) page faults: 1333071
	Voluntary context switches: 338223
	Involuntary context switches: 5301
	Swaps: 0
	File system inputs: 27045448
	File system outputs: 60576512
	Socket messages sent: 0
	Socket messages received: 0
	Signals delivered: 0
	Page size (bytes): 4096
	Exit status: 0
