config2.py
*** Preprocessing ***
Preprocessing Done!
Read length: 63
Number of reads: 14415445
Reading file: data/SRR327342_1/input_clean.dna
Constructing dictionaries
Reordering reads
6:1000000
1:1000000
2:1000000
7:1000000
3:1000000
4:1000000
5:1000000
0:1000000
1:2000000
Reordering done, 513958 were unmatched
Writing to file
Done!
Read length: 63
Number of reads: 14415445
Encoding reads
Encoding done

7-Zip [64] 16.02 : Copyright (c) 1999-2016 Igor Pavlov : 2016-05-21
p7zip Version 16.02 (locale=en_IN.UTF-8,Utf16=on,HugeFiles=on,64 bits,80 CPUs Intel(R) Xeon(R) CPU E5-2698 v4 @ 2.20GHz (406F1),ASM,AES-NI)

Scanning the drive:
1 file, 14415445 bytes (14 MiB)

Creating archive: data/SRR327342_1/output/read_pos.txt.7z

Items to compress: 1


Files read from disk: 1
Archive size: 3142765 bytes (3070 KiB)
Everything is Ok

7-Zip [64] 16.02 : Copyright (c) 1999-2016 Igor Pavlov : 2016-05-21
p7zip Version 16.02 (locale=en_IN.UTF-8,Utf16=on,HugeFiles=on,64 bits,80 CPUs Intel(R) Xeon(R) CPU E5-2698 v4 @ 2.20GHz (406F1),ASM,AES-NI)

Scanning the drive:
1 file, 6311416 bytes (6164 KiB)

Creating archive: data/SRR327342_1/output/read_noise.txt.7z

Items to compress: 1


Files read from disk: 1
Archive size: 3731465 bytes (3645 KiB)
Everything is Ok

7-Zip [64] 16.02 : Copyright (c) 1999-2016 Igor Pavlov : 2016-05-21
p7zip Version 16.02 (locale=en_IN.UTF-8,Utf16=on,HugeFiles=on,64 bits,80 CPUs Intel(R) Xeon(R) CPU E5-2698 v4 @ 2.20GHz (406F1),ASM,AES-NI)

Scanning the drive:
1 file, 10830222 bytes (11 MiB)

Creating archive: data/SRR327342_1/output/read_noisepos.txt.7z

Items to compress: 1


Files read from disk: 1
Archive size: 3973887 bytes (3881 KiB)
Everything is Ok

7-Zip [64] 16.02 : Copyright (c) 1999-2016 Igor Pavlov : 2016-05-21
p7zip Version 16.02 (locale=en_IN.UTF-8,Utf16=on,HugeFiles=on,64 bits,80 CPUs Intel(R) Xeon(R) CPU E5-2698 v4 @ 2.20GHz (406F1),ASM,AES-NI)

Scanning the drive:
1 file, 39760256 bytes (38 MiB)

Creating archive: data/SRR327342_1/output/input_N.dna.7z

Items to compress: 1


Files read from disk: 1
Archive size: 8612170 bytes (8411 KiB)
Everything is Ok

7-Zip [64] 16.02 : Copyright (c) 1999-2016 Igor Pavlov : 2016-05-21
p7zip Version 16.02 (locale=en_IN.UTF-8,Utf16=on,HugeFiles=on,64 bits,80 CPUs Intel(R) Xeon(R) CPU E5-2698 v4 @ 2.20GHz (406F1),ASM,AES-NI)

Scanning the drive:
1 file, 3 bytes (1 KiB)

Creating archive: data/SRR327342_1/output/read_meta.txt.7z

Items to compress: 1


Files read from disk: 1
Archive size: 185 bytes (1 KiB)
Everything is Ok

7-Zip [64] 16.02 : Copyright (c) 1999-2016 Igor Pavlov : 2016-05-21
p7zip Version 16.02 (locale=en_IN.UTF-8,Utf16=on,HugeFiles=on,64 bits,80 CPUs Intel(R) Xeon(R) CPU E5-2698 v4 @ 2.20GHz (406F1),ASM,AES-NI)

Scanning the drive:
1 file, 14415445 bytes (14 MiB)

Creating archive: data/SRR327342_1/output/read_rev.txt.7z

Items to compress: 1


Files read from disk: 1
Archive size: 1713958 bytes (1674 KiB)
Everything is Ok
This is bsc, Block Sorting Compressor. Version 3.1.0. 8 July 2012.
Copyright (c) 2009-2012 Ilya Grebnov <Ilya.Grebnov@gmail.com>.

Compressing data/SRR327342_1/output/read_seq.txt(00%)data/SRR327342_1/output/read_seq.txt compressed 10942254 into 9862776 in 1.653 seconds.
	Command being timed: "./run.sh -pgc"
	User time (seconds): 771.87
	System time (seconds): 9.31
	Percent of CPU this job got: 554%
	Elapsed (wall clock) time (h:mm:ss or m:ss): 2:20.93
	Average shared text size (kbytes): 0
	Average unshared data size (kbytes): 0
	Average stack size (kbytes): 0
	Average total size (kbytes): 0
	Maximum resident set size (kbytes): 472732
	Average resident set size (kbytes): 0
	Major (requiring I/O) page faults: 0
	Minor (reclaiming a frame) page faults: 385702
	Voluntary context switches: 71431
	Involuntary context switches: 412
	Swaps: 0
	File system inputs: 0
	File system outputs: 10830704
	Socket messages sent: 0
	Socket messages received: 0
	Signals delivered: 0
	Page size (bytes): 4096
	Exit status: 0
Decompression ...
-rw-rw-r--. 1 cslcollab-schandak csl_idoia 31047680 May 10 16:19 data/SRR327342_1/output.tar

7-Zip [64] 16.02 : Copyright (c) 1999-2016 Igor Pavlov : 2016-05-21
p7zip Version 16.02 (locale=en_IN.UTF-8,Utf16=on,HugeFiles=on,64 bits,80 CPUs Intel(R) Xeon(R) CPU E5-2698 v4 @ 2.20GHz (406F1),ASM,AES-NI)

Scanning the drive for archives:
1 file, 3142765 bytes (3070 KiB)

Extracting archive: data/SRR327342_1/output/read_pos.txt.7z
--
Path = data/SRR327342_1/output/read_pos.txt.7z
Type = 7z
Physical Size = 3142765
Headers Size = 178
Method = LZMA2:24
Solid = -
Blocks = 1

Everything is Ok

Size:       14415445
Compressed: 3142765

7-Zip [64] 16.02 : Copyright (c) 1999-2016 Igor Pavlov : 2016-05-21
p7zip Version 16.02 (locale=en_IN.UTF-8,Utf16=on,HugeFiles=on,64 bits,80 CPUs Intel(R) Xeon(R) CPU E5-2698 v4 @ 2.20GHz (406F1),ASM,AES-NI)

Scanning the drive for archives:
1 file, 3731465 bytes (3645 KiB)

Extracting archive: data/SRR327342_1/output/read_noise.txt.7z
--
Path = data/SRR327342_1/output/read_noise.txt.7z
Type = 7z
Physical Size = 3731465
Headers Size = 186
Method = LZMA2:23
Solid = -
Blocks = 1

Everything is Ok

Size:       6311416
Compressed: 3731465

7-Zip [64] 16.02 : Copyright (c) 1999-2016 Igor Pavlov : 2016-05-21
p7zip Version 16.02 (locale=en_IN.UTF-8,Utf16=on,HugeFiles=on,64 bits,80 CPUs Intel(R) Xeon(R) CPU E5-2698 v4 @ 2.20GHz (406F1),ASM,AES-NI)

Scanning the drive for archives:
1 file, 3973887 bytes (3881 KiB)

Extracting archive: data/SRR327342_1/output/read_noisepos.txt.7z
--
Path = data/SRR327342_1/output/read_noisepos.txt.7z
Type = 7z
Physical Size = 3973887
Headers Size = 186
Method = LZMA2:12m
Solid = -
Blocks = 1

Everything is Ok

Size:       10830222
Compressed: 3973887

7-Zip [64] 16.02 : Copyright (c) 1999-2016 Igor Pavlov : 2016-05-21
p7zip Version 16.02 (locale=en_IN.UTF-8,Utf16=on,HugeFiles=on,64 bits,80 CPUs Intel(R) Xeon(R) CPU E5-2698 v4 @ 2.20GHz (406F1),ASM,AES-NI)

Scanning the drive for archives:
1 file, 8612170 bytes (8411 KiB)

Extracting archive: data/SRR327342_1/output/input_N.dna.7z
--
Path = data/SRR327342_1/output/input_N.dna.7z
Type = 7z
Physical Size = 8612170
Headers Size = 178
Method = LZMA2:24
Solid = -
Blocks = 1

Everything is Ok

Size:       39760256
Compressed: 8612170

7-Zip [64] 16.02 : Copyright (c) 1999-2016 Igor Pavlov : 2016-05-21
p7zip Version 16.02 (locale=en_IN.UTF-8,Utf16=on,HugeFiles=on,64 bits,80 CPUs Intel(R) Xeon(R) CPU E5-2698 v4 @ 2.20GHz (406F1),ASM,AES-NI)

Scanning the drive for archives:
1 file, 185 bytes (1 KiB)

Extracting archive: data/SRR327342_1/output/read_meta.txt.7z
--
Path = data/SRR327342_1/output/read_meta.txt.7z
Type = 7z
Physical Size = 185
Headers Size = 178
Method = LZMA2:12
Solid = -
Blocks = 1

Everything is Ok

Size:       3
Compressed: 185

7-Zip [64] 16.02 : Copyright (c) 1999-2016 Igor Pavlov : 2016-05-21
p7zip Version 16.02 (locale=en_IN.UTF-8,Utf16=on,HugeFiles=on,64 bits,80 CPUs Intel(R) Xeon(R) CPU E5-2698 v4 @ 2.20GHz (406F1),ASM,AES-NI)

Scanning the drive for archives:
1 file, 1713958 bytes (1674 KiB)

Extracting archive: data/SRR327342_1/output/read_rev.txt.7z
--
Path = data/SRR327342_1/output/read_rev.txt.7z
Type = 7z
Physical Size = 1713958
Headers Size = 178
Method = LZMA2:24
Solid = -
Blocks = 1

Everything is Ok

Size:       14415445
Compressed: 1713958
This is bsc, Block Sorting Compressor. Version 3.1.0. 8 July 2012.
Copyright (c) 2009-2012 Ilya Grebnov <Ilya.Grebnov@gmail.com>.

Decompressing data/SRR327342_1/output/read_seq.txt.bsc(00%)data/SRR327342_1/output/read_seq.txt.bsc decompressed 9862776 into 10942254 in 1.427 seconds.
Read length: 63
Decoding reads
Decoding done
	Command being timed: "./run.sh -d"
	User time (seconds): 6.42
	System time (seconds): 0.79
	Percent of CPU this job got: 100%
	Elapsed (wall clock) time (h:mm:ss or m:ss): 0:07.21
	Average shared text size (kbytes): 0
	Average unshared data size (kbytes): 0
	Average stack size (kbytes): 0
	Average total size (kbytes): 0
	Maximum resident set size (kbytes): 61628
	Average resident set size (kbytes): 0
	Major (requiring I/O) page faults: 0
	Minor (reclaiming a frame) page faults: 17395
	Voluntary context switches: 37
	Involuntary context switches: 22
	Swaps: 0
	File system inputs: 0
	File system outputs: 2263920
	Socket messages sent: 0
	Socket messages received: 0
	Signals delivered: 0
	Page size (bytes): 4096
	Exit status: 0
	Input format: FastqAbundance threshold: 6 (auto)    (nb solid kmers: 11474121)
	End reads compression
		Reads count: 15036699
		Reads size: 947312037
		Compression rate: 0.0943  (89342069)
			Bloom: 19.27  (17212206)
			Anchors dict: 8.76  (7822049)    (1025378 entries)
			Reads: 0.00  (0)
				Anchor adress: 0.00  (0)
				Anchor pos: 0.00  (0) 
				Read size: 0.00  (0)
				Bifurcation: 0.00  (0)
				Other (N, error, infoBits): 0.00  (0)
			Read without anchor: 0.00  (0)
		Reads per anchor: 14
		Read without anchor: 1.26
		De Bruijn graph
			Simple path: 90.21
			Bifurcation: 4.22
			Break: 2.57
			Error: 1.11
End compression
	Input: 
		Filename: data/SRR327342_1/input.fastq
		Size: 2812620358  (2682 MB)
	Output: 
		Filename: data/SRR327342_1/input.fastq.leon
		Total Size: 89343090  (85 MB)
	Overall Compression rate: 0.0318 (31.4811)
		Header completely discarded, in '-seq-only' mode 
		Dna: 0.0943 (10.6032)

	Time: 24.47s
	Speed: 114.95 mo/s
	Command being timed: "./../leon/leon -c -file data/SRR327342_1/input.fastq -nb-cores 8 -seq-only -verbose 0"
	User time (seconds): 153.74
	System time (seconds): 5.19
	Percent of CPU this job got: 648%
	Elapsed (wall clock) time (h:mm:ss or m:ss): 0:24.49
	Average shared text size (kbytes): 0
	Average unshared data size (kbytes): 0
	Average stack size (kbytes): 0
	Average total size (kbytes): 0
	Maximum resident set size (kbytes): 1910668
	Average resident set size (kbytes): 0
	Major (requiring I/O) page faults: 0
	Minor (reclaiming a frame) page faults: 407481
	Voluntary context switches: 390742
	Involuntary context switches: 225
	Swaps: 0
	File system inputs: 0
	File system outputs: 2136024
	Socket messages sent: 0
	Socket messages received: 0
	Signals delivered: 0
	Page size (bytes): 4096
	Exit status: 0
-rw-rw-r--. 1 cslcollab-schandak csl_idoia 89343090 May 10 16:20 data/SRR327342_1/input.fastq.leon
Start decompression
	Input filename: data/SRR327342_1/input.fastq.leon
Headers were not stored, will number reads 

	Output format: Fasta
	Kmer size: 31

	Input File was compressed with leon version 1.0.0
	Block count: 301
config2.py

basename="SRR327342_1"
URL_1="ftp://ftp.sra.ebi.ac.uk/vol1/fastq/SRR327/SRR327342/SRR327342_1.fastq.gz"

URL_genome="ftp://ftp.ensembl.org/pub/release-87/fasta/saccharomyces_cerevisiae/dna/Saccharomyces_cerevisiae.R64-1-1.dna.toplevel.fa.gz"

maxmatch=15
thresh=8
numdict=2
dict1start=15
dict1end=31
dict2start=31
dict2end=47
num_thr=8
*** Preprocessing ***
Preprocessing Done!
Read length: 63
Number of reads: 14415445
Reading file: data/SRR327342_1/input_clean.dna
Constructing dictionaries
Reordering reads
1:1000000
2:1000000
7:1000000
4:1000000
5:1000000
3:1000000
6:1000000
0:1000000
Reordering done, 494056 were unmatched
Writing to file
Done!
Read length: 63
Number of reads: 14415445
Encoding reads
Encoding done

7-Zip [64] 16.02 : Copyright (c) 1999-2016 Igor Pavlov : 2016-05-21
p7zip Version 16.02 (locale=en_IN.UTF-8,Utf16=on,HugeFiles=on,64 bits,80 CPUs Intel(R) Xeon(R) CPU E5-2698 v4 @ 2.20GHz (406F1),ASM,AES-NI)

Scanning the drive:
1 file, 14415445 bytes (14 MiB)

Creating archive: data/SRR327342_1/output/read_pos.txt.7z

Items to compress: 1


Files read from disk: 1
Archive size: 3144901 bytes (3072 KiB)
Everything is Ok

7-Zip [64] 16.02 : Copyright (c) 1999-2016 Igor Pavlov : 2016-05-21
p7zip Version 16.02 (locale=en_IN.UTF-8,Utf16=on,HugeFiles=on,64 bits,80 CPUs Intel(R) Xeon(R) CPU E5-2698 v4 @ 2.20GHz (406F1),ASM,AES-NI)

Scanning the drive:
1 file, 4588648 bytes (4482 KiB)

Creating archive: data/SRR327342_1/output/read_noise.txt.7z

Items to compress: 1


Files read from disk: 1
Archive size: 2300841 bytes (2247 KiB)
Everything is Ok

7-Zip [64] 16.02 : Copyright (c) 1999-2016 Igor Pavlov : 2016-05-21
p7zip Version 16.02 (locale=en_IN.UTF-8,Utf16=on,HugeFiles=on,64 bits,80 CPUs Intel(R) Xeon(R) CPU E5-2698 v4 @ 2.20GHz (406F1),ASM,AES-NI)

Scanning the drive:
1 file, 3939148 bytes (3847 KiB)

Creating archive: data/SRR327342_1/output/read_noisepos.txt.7z

Items to compress: 1


Files read from disk: 1
Archive size: 2513904 bytes (2455 KiB)
Everything is Ok

7-Zip [64] 16.02 : Copyright (c) 1999-2016 Igor Pavlov : 2016-05-21
p7zip Version 16.02 (locale=en_IN.UTF-8,Utf16=on,HugeFiles=on,64 bits,80 CPUs Intel(R) Xeon(R) CPU E5-2698 v4 @ 2.20GHz (406F1),ASM,AES-NI)

Scanning the drive:
1 file, 39760256 bytes (38 MiB)

Creating archive: data/SRR327342_1/output/input_N.dna.7z

Items to compress: 1


Files read from disk: 1
Archive size: 8867175 bytes (8660 KiB)
Everything is Ok

7-Zip [64] 16.02 : Copyright (c) 1999-2016 Igor Pavlov : 2016-05-21
p7zip Version 16.02 (locale=en_IN.UTF-8,Utf16=on,HugeFiles=on,64 bits,80 CPUs Intel(R) Xeon(R) CPU E5-2698 v4 @ 2.20GHz (406F1),ASM,AES-NI)

Scanning the drive:
1 file, 3 bytes (1 KiB)

Creating archive: data/SRR327342_1/output/read_meta.txt.7z

Items to compress: 1


Files read from disk: 1
Archive size: 185 bytes (1 KiB)
Everything is Ok

7-Zip [64] 16.02 : Copyright (c) 1999-2016 Igor Pavlov : 2016-05-21
p7zip Version 16.02 (locale=en_IN.UTF-8,Utf16=on,HugeFiles=on,64 bits,80 CPUs Intel(R) Xeon(R) CPU E5-2698 v4 @ 2.20GHz (406F1),ASM,AES-NI)

Scanning the drive:
1 file, 14415445 bytes (14 MiB)

Creating archive: data/SRR327342_1/output/read_rev.txt.7z

Items to compress: 1


Files read from disk: 1
Archive size: 1713520 bytes (1674 KiB)
Everything is Ok
This is bsc, Block Sorting Compressor. Version 3.1.0. 8 July 2012.
Copyright (c) 2009-2012 Ilya Grebnov <Ilya.Grebnov@gmail.com>.

Compressing data/SRR327342_1/output/read_seq.txt(00%)data/SRR327342_1/output/read_seq.txt compressed 10621135 into 9569248 in 2.113 seconds.
	Command being timed: "./run.sh -pgc"
	User time (seconds): 789.51
	System time (seconds): 9.64
	Percent of CPU this job got: 478%
	Elapsed (wall clock) time (h:mm:ss or m:ss): 2:46.89
	Average shared text size (kbytes): 0
	Average unshared data size (kbytes): 0
	Average stack size (kbytes): 0
	Average total size (kbytes): 0
	Maximum resident set size (kbytes): 464424
	Average resident set size (kbytes): 0
	Major (requiring I/O) page faults: 0
	Minor (reclaiming a frame) page faults: 690814
	Voluntary context switches: 86514
	Involuntary context switches: 812
	Swaps: 0
	File system inputs: 0
	File system outputs: 10679128
	Socket messages sent: 0
	Socket messages received: 0
	Signals delivered: 0
	Page size (bytes): 4096
	Exit status: 0
Decompression ...
-rw-rw-r--. 1 cslcollab-schandak csl_idoia 28119040 May 10 19:34 data/SRR327342_1/output.tar

7-Zip [64] 16.02 : Copyright (c) 1999-2016 Igor Pavlov : 2016-05-21
p7zip Version 16.02 (locale=en_IN.UTF-8,Utf16=on,HugeFiles=on,64 bits,80 CPUs Intel(R) Xeon(R) CPU E5-2698 v4 @ 2.20GHz (406F1),ASM,AES-NI)

Scanning the drive for archives:
1 file, 3144901 bytes (3072 KiB)

Extracting archive: data/SRR327342_1/output/read_pos.txt.7z
--
Path = data/SRR327342_1/output/read_pos.txt.7z
Type = 7z
Physical Size = 3144901
Headers Size = 178
Method = LZMA2:24
Solid = -
Blocks = 1

Everything is Ok

Size:       14415445
Compressed: 3144901

7-Zip [64] 16.02 : Copyright (c) 1999-2016 Igor Pavlov : 2016-05-21
p7zip Version 16.02 (locale=en_IN.UTF-8,Utf16=on,HugeFiles=on,64 bits,80 CPUs Intel(R) Xeon(R) CPU E5-2698 v4 @ 2.20GHz (406F1),ASM,AES-NI)

Scanning the drive for archives:
1 file, 2300841 bytes (2247 KiB)

Extracting archive: data/SRR327342_1/output/read_noise.txt.7z
--
Path = data/SRR327342_1/output/read_noise.txt.7z
Type = 7z
Physical Size = 2300841
Headers Size = 186
Method = LZMA2:6m
Solid = -
Blocks = 1

Everything is Ok

Size:       4588648
Compressed: 2300841

7-Zip [64] 16.02 : Copyright (c) 1999-2016 Igor Pavlov : 2016-05-21
p7zip Version 16.02 (locale=en_IN.UTF-8,Utf16=on,HugeFiles=on,64 bits,80 CPUs Intel(R) Xeon(R) CPU E5-2698 v4 @ 2.20GHz (406F1),ASM,AES-NI)

Scanning the drive for archives:
1 file, 2513904 bytes (2455 KiB)

Extracting archive: data/SRR327342_1/output/read_noisepos.txt.7z
--
Path = data/SRR327342_1/output/read_noisepos.txt.7z
Type = 7z
Physical Size = 2513904
Headers Size = 186
Method = LZMA2:22
Solid = -
Blocks = 1

Everything is Ok

Size:       3939148
Compressed: 2513904

7-Zip [64] 16.02 : Copyright (c) 1999-2016 Igor Pavlov : 2016-05-21
p7zip Version 16.02 (locale=en_IN.UTF-8,Utf16=on,HugeFiles=on,64 bits,80 CPUs Intel(R) Xeon(R) CPU E5-2698 v4 @ 2.20GHz (406F1),ASM,AES-NI)

Scanning the drive for archives:
1 file, 8867175 bytes (8660 KiB)

Extracting archive: data/SRR327342_1/output/input_N.dna.7z
--
Path = data/SRR327342_1/output/input_N.dna.7z
Type = 7z
Physical Size = 8867175
Headers Size = 178
Method = LZMA2:24
Solid = -
Blocks = 1

Everything is Ok

Size:       39760256
Compressed: 8867175

7-Zip [64] 16.02 : Copyright (c) 1999-2016 Igor Pavlov : 2016-05-21
p7zip Version 16.02 (locale=en_IN.UTF-8,Utf16=on,HugeFiles=on,64 bits,80 CPUs Intel(R) Xeon(R) CPU E5-2698 v4 @ 2.20GHz (406F1),ASM,AES-NI)

Scanning the drive for archives:
1 file, 185 bytes (1 KiB)

Extracting archive: data/SRR327342_1/output/read_meta.txt.7z
--
Path = data/SRR327342_1/output/read_meta.txt.7z
Type = 7z
Physical Size = 185
Headers Size = 178
Method = LZMA2:12
Solid = -
Blocks = 1

Everything is Ok

Size:       3
Compressed: 185

7-Zip [64] 16.02 : Copyright (c) 1999-2016 Igor Pavlov : 2016-05-21
p7zip Version 16.02 (locale=en_IN.UTF-8,Utf16=on,HugeFiles=on,64 bits,80 CPUs Intel(R) Xeon(R) CPU E5-2698 v4 @ 2.20GHz (406F1),ASM,AES-NI)

Scanning the drive for archives:
1 file, 1713520 bytes (1674 KiB)

Extracting archive: data/SRR327342_1/output/read_rev.txt.7z
--
Path = data/SRR327342_1/output/read_rev.txt.7z
Type = 7z
Physical Size = 1713520
Headers Size = 178
Method = LZMA2:24
Solid = -
Blocks = 1

Everything is Ok

Size:       14415445
Compressed: 1713520
This is bsc, Block Sorting Compressor. Version 3.1.0. 8 July 2012.
Copyright (c) 2009-2012 Ilya Grebnov <Ilya.Grebnov@gmail.com>.

Decompressing data/SRR327342_1/output/read_seq.txt.bsc(00%)data/SRR327342_1/output/read_seq.txt.bsc decompressed 9569248 into 10621135 in 2.282 seconds.
Read length: 63
Decoding reads
Decoding done
	Command being timed: "./run.sh -d"
	User time (seconds): 12.15
	System time (seconds): 1.22
	Percent of CPU this job got: 100%
	Elapsed (wall clock) time (h:mm:ss or m:ss): 0:13.37
	Average shared text size (kbytes): 0
	Average unshared data size (kbytes): 0
	Average stack size (kbytes): 0
	Average total size (kbytes): 0
	Maximum resident set size (kbytes): 60320
	Average resident set size (kbytes): 0
	Major (requiring I/O) page faults: 0
	Minor (reclaiming a frame) page faults: 17225
	Voluntary context switches: 37
	Involuntary context switches: 41
	Swaps: 0
	File system inputs: 0
	File system outputs: 2224784
	Socket messages sent: 0
	Socket messages received: 0
	Signals delivered: 0
	Page size (bytes): 4096
	Exit status: 0
	Input format: FastqAbundance threshold: 6 (auto)    (nb solid kmers: 11474121)
	End reads compression
		Reads count: 15036699
		Reads size: 947312037
		Compression rate: 0.0943  (89345002)
			Bloom: 19.26  (17212206)
			Anchors dict: 8.76  (7822597)    (1025443 entries)
			Reads: 0.00  (0)
				Anchor adress: 0.00  (0)
				Anchor pos: 0.00  (0) 
				Read size: 0.00  (0)
				Bifurcation: 0.00  (0)
				Other (N, error, infoBits): 0.00  (0)
			Read without anchor: 0.00  (0)
		Reads per anchor: 14
		Read without anchor: 1.26
		De Bruijn graph
			Simple path: 90.21
			Bifurcation: 4.22
			Break: 2.57
			Error: 1.11
End compression
	Input: 
		Filename: data/SRR327342_1/input.fastq
		Size: 2812620358  (2682 MB)
	Output: 
		Filename: data/SRR327342_1/input.fastq.leon
		Total Size: 89346023  (85 MB)
	Overall Compression rate: 0.0318 (31.4801)
		Header completely discarded, in '-seq-only' mode 
		Dna: 0.0943 (10.6029)

	Time: 37.37s
	Speed: 75.27 mo/s
	Command being timed: "./../leon/leon -c -file data/SRR327342_1/input.fastq -nb-cores 8 -seq-only -verbose 0"
	User time (seconds): 248.44
	System time (seconds): 5.48
	Percent of CPU this job got: 678%
	Elapsed (wall clock) time (h:mm:ss or m:ss): 0:37.40
	Average shared text size (kbytes): 0
	Average unshared data size (kbytes): 0
	Average stack size (kbytes): 0
	Average total size (kbytes): 0
	Maximum resident set size (kbytes): 1910688
	Average resident set size (kbytes): 0
	Major (requiring I/O) page faults: 0
	Minor (reclaiming a frame) page faults: 410281
	Voluntary context switches: 329291
	Involuntary context switches: 324
	Swaps: 0
	File system inputs: 0
	File system outputs: 2136752
	Socket messages sent: 0
	Socket messages received: 0
	Signals delivered: 0
	Page size (bytes): 4096
	Exit status: 0
-rw-rw-r--. 1 cslcollab-schandak csl_idoia 89346023 May 10 19:35 data/SRR327342_1/input.fastq.leon
Start decompression
	Input filename: data/SRR327342_1/input.fastq.leon
Headers were not stored, will number reads 

	Output format: Fasta
	Kmer size: 31

	Input File was compressed with leon version 1.0.0
	Block count: 301

	Output filename: data/SRR327342_1/input.fasta.d
	Time: 42.38s
	Speed: 25.47 mo/s
	Command being timed: "./../leon/leon -d -file data/SRR327342_1/input.fastq.leon -nb-cores 8 -seq-only -verbose 0"
	User time (seconds): 174.04
	System time (seconds): 0.86
	Percent of CPU this job got: 412%
	Elapsed (wall clock) time (h:mm:ss or m:ss): 0:42.38
	Average shared text size (kbytes): 0
	Average unshared data size (kbytes): 0
	Average stack size (kbytes): 0
	Average total size (kbytes): 0
	Maximum resident set size (kbytes): 110204
	Average resident set size (kbytes): 0
	Major (requiring I/O) page faults: 0
	Minor (reclaiming a frame) page faults: 15726
	Voluntary context switches: 154
	Involuntary context switches: 411
	Swaps: 0
	File system inputs: 0
	File system outputs: 2108016
	Socket messages sent: 0
	Socket messages received: 0
	Signals delivered: 0
	Page size (bytes): 4096
	Exit status: 0
	Command being timed: "./../orcom/bin/orcom_bin e -idata/SRR327342_1/input.fastq -odata/SRR327342_1/input.bin -t8"
	User time (seconds): 46.19
	System time (seconds): 2.48
	Percent of CPU this job got: 595%
	Elapsed (wall clock) time (h:mm:ss or m:ss): 0:08.18
	Average shared text size (kbytes): 0
	Average unshared data size (kbytes): 0
	Average stack size (kbytes): 0
	Average total size (kbytes): 0
	Maximum resident set size (kbytes): 3167204
	Average resident set size (kbytes): 0
	Major (requiring I/O) page faults: 0
	Minor (reclaiming a frame) page faults: 197740
	Voluntary context switches: 15548
	Involuntary context switches: 121
	Swaps: 0
	File system inputs: 0
	File system outputs: 455720
	Socket messages sent: 0
	Socket messages received: 0
	Signals delivered: 0
	Page size (bytes): 4096
	Exit status: 0
	Command being timed: "./../orcom/bin/orcom_pack e -idata/SRR327342_1/input.bin -odata/SRR327342_1/input.orcom -t8"
	User time (seconds): 105.12
	System time (seconds): 0.35
	Percent of CPU this job got: 789%
	Elapsed (wall clock) time (h:mm:ss or m:ss): 0:13.36
	Average shared text size (kbytes): 0
	Average unshared data size (kbytes): 0
	Average stack size (kbytes): 0
	Average total size (kbytes): 0
	Maximum resident set size (kbytes): 143324
	Average resident set size (kbytes): 0
	Major (requiring I/O) page faults: 0
	Minor (reclaiming a frame) page faults: 63519
	Voluntary context switches: 5868
	Involuntary context switches: 137
	Swaps: 0
	File system inputs: 0
	File system outputs: 70304
	Socket messages sent: 0
	Socket messages received: 0
	Signals delivered: 0
	Page size (bytes): 4096
	Exit status: 0
-rw-rw-r--. 1 cslcollab-schandak csl_idoia 35969648 May 10 19:36 data/SRR327342_1/input.orcom.cdna
	Command being timed: "./../orcom/bin/orcom_pack d -idata/SRR327342_1/input.orcom -odata/SRR327342_1/input_orcom.dna -t8"
	User time (seconds): 17.68
	System time (seconds): 0.91
	Percent of CPU this job got: 827%
	Elapsed (wall clock) time (h:mm:ss or m:ss): 0:02.24
	Average shared text size (kbytes): 0
	Average unshared data size (kbytes): 0
	Average stack size (kbytes): 0
	Average total size (kbytes): 0
	Maximum resident set size (kbytes): 234388
	Average resident set size (kbytes): 0
	Major (requiring I/O) page faults: 0
	Minor (reclaiming a frame) page faults: 38159
	Voluntary context switches: 5538
	Involuntary context switches: 22
	Swaps: 0
	File system inputs: 0
	File system outputs: 1879592
	Socket messages sent: 0
	Socket messages received: 0
	Signals delivered: 0
	Page size (bytes): 4096
	Exit status: 0
	Command being timed: "./../pigz-2.3.4/pigz -f -p 8 data/SRR327342_1/input.dna"
	User time (seconds): 247.04
	System time (seconds): 0.93
	Percent of CPU this job got: 797%
	Elapsed (wall clock) time (h:mm:ss or m:ss): 0:31.07
	Average shared text size (kbytes): 0
	Average unshared data size (kbytes): 0
	Average stack size (kbytes): 0
	Average total size (kbytes): 0
	Maximum resident set size (kbytes): 8188
	Average resident set size (kbytes): 0
	Major (requiring I/O) page faults: 0
	Minor (reclaiming a frame) page faults: 15905
	Voluntary context switches: 20251
	Involuntary context switches: 291
	Swaps: 0
	File system inputs: 0
	File system outputs: 578536
	Socket messages sent: 0
	Socket messages received: 0
	Signals delivered: 0
	Page size (bytes): 4096
	Exit status: 0
-rw-rw-r--. 1 cslcollab-schandak csl_idoia 296202910 May 10 19:31 data/SRR327342_1/input.dna.gz
	Command being timed: "./../pigz-2.3.4/unpigz -f -p 8 data/SRR327342_1/input.dna.gz"
	User time (seconds): 4.91
	System time (seconds): 1.11
	Percent of CPU this job got: 151%
	Elapsed (wall clock) time (h:mm:ss or m:ss): 0:03.98
	Average shared text size (kbytes): 0
	Average unshared data size (kbytes): 0
	Average stack size (kbytes): 0
	Average total size (kbytes): 0
	Maximum resident set size (kbytes): 1044
	Average resident set size (kbytes): 0
	Major (requiring I/O) page faults: 0
	Minor (reclaiming a frame) page faults: 423
	Voluntary context switches: 67793
	Involuntary context switches: 24
	Swaps: 0
	File system inputs: 0
	File system outputs: 1879592
	Socket messages sent: 0
	Socket messages received: 0
	Signals delivered: 0
	Page size (bytes): 4096
	Exit status: 0
config2.py

basename="SRR327342_1"
URL_1="ftp://ftp.sra.ebi.ac.uk/vol1/fastq/SRR327/SRR327342/SRR327342_1.fastq.gz"

URL_genome="ftp://ftp.ensembl.org/pub/release-87/fasta/saccharomyces_cerevisiae/dna/Saccharomyces_cerevisiae.R64-1-1.dna.toplevel.fa.gz"

maxmatch=15
thresh=4
numdict=2
dict1start=15
dict1end=31
dict2start=31
dict2end=47
num_thr=8
