
basename="ERR194146"

URL_genome="ftp://ftp.1000genomes.ebi.ac.uk/vol1/ftp/technical/reference/human_g1k_v37.fasta.gz"

maxmatch=50
thresh=4
numdict=2
dict1start=30
dict1end=49
dict2start=50
dict2end=69
num_thr=8
('FASTQfile: ', 'data/ERR194146/input.quality')
Read Length:  101
Error Probability: 
[ 0.00151032  0.00138814  0.00138479  0.00098492  0.00142074  0.00310962
  0.00188627  0.00141789  0.00292816  0.00338937  0.00289297  0.00232521
  0.00176154  0.00142449  0.00125523  0.00126738  0.00128382  0.00132671
  0.00126024  0.00130252  0.00132558  0.00130705  0.0013659   0.00143217
  0.0015154   0.00171791  0.00177457  0.00183649  0.00191735  0.00202067
  0.00208271  0.00216587  0.00225237  0.00233897  0.00242845  0.00244402
  0.00253369  0.00259989  0.0026602   0.00272191  0.00282654  0.00289729
  0.0029585   0.00303468  0.00325804  0.00349121  0.00353357  0.0034859
  0.00420927  0.00652157  0.00596425  0.00548859  0.00528771  0.00519111
  0.00488486  0.00460515  0.00440943  0.00424757  0.0043336   0.00423169
  0.00433805  0.00441732  0.00446936  0.00456157  0.00464794  0.00483357
  0.00487318  0.00501129  0.00515143  0.00528105  0.00542776  0.00558319
  0.00571198  0.00576989  0.0059571   0.0061612   0.00616875  0.00613375
  0.0062837   0.00642305  0.00653574  0.00669514  0.00685096  0.00698465
  0.00727592  0.00740763  0.00758225  0.00777578  0.00792161  0.00815955
  0.00836569  0.00855704  0.00882002  0.00905558  0.00935012  0.00959394
  0.00992379  0.01018692  0.01037664  0.01069656  0.01884903]
Entropy per position: 
[ 0.01393661  0.01297825  0.01295169  0.00969629  0.01323536  0.02545077
  0.01680029  0.01321292  0.02422004  0.02731851  0.02397947  0.02000721
  0.01586336  0.01326492  0.011918    0.0120157   0.01214772  0.01249055
  0.01195832  0.01229746  0.01248159  0.01233364  0.01280214  0.01332531
  0.01397612  0.0155327   0.01596183  0.01642786  0.01703187  0.01779649
  0.01825191  0.01885821  0.01948402  0.02010568  0.02074316  0.02085362
  0.02148683  0.02195135  0.02237241  0.02280125  0.02352368  0.024009
  0.02442687  0.02494439  0.02644605  0.02798997  0.02826799  0.02795504
  0.0326088   0.04639174  0.04319826  0.04041312  0.03921922  0.03864116
  0.03679114  0.03507713  0.03386328  0.03284991  0.0333896   0.03275001
  0.03341745  0.03391245  0.0342363   0.03480791  0.03534095  0.03647864
  0.03672008  0.03755816  0.03840296  0.03917946  0.04005274  0.04097166
  0.04172828  0.04206711  0.0431568   0.04433509  0.04437849  0.04417718
  0.04503753  0.0458324   0.046472    0.04737186  0.0482462   0.04899229
  0.05060494  0.05132859  0.05228268  0.05333333  0.0541204   0.05539621
  0.05649333  0.05750513  0.05888558  0.06011237  0.06163382  0.06288301
  0.06455864  0.06588388  0.06683324  0.06842268  0.10505349]
Number of Reads:  1635018808
Readlength:  101
Genome Size:  3101809637
Noise bits per base: 0.0331810211103
Noise Size (in bytes):  684926368.998
FASTA Size (in bytes):  598591079
FASTA bits per base:  1.54384994323
Multinomial Size (in bytes):  550467920.075
Total Size (in bytes):  1833985368.07
Bits per base:  0.0888467869956
Compressed Output Size (in bytes):  3968890880
Compressed Output bits per base:  0.192271546307
