
basename="ERX009609_1"
#URL_1="ftp://ftp.ddbj.nig.ac.jp/ddbj_database/dra/fastq/SRA098/SRA098922/SRX339427/SRR956987.fastq.bz2"
#URL_2="ftp://ftp.ddbj.nig.ac.jp/ddbj database/dra/fastq/SRA098/SRA098922/SRX339427/SRR957627.fastq.bz2"

URL_genome="ftp://ftp.1000genomes.ebi.ac.uk/vol1/ftp/technical/reference/human_g1k_v37.fasta.gz"

maxmatch=30
thresh=16
numdict=2
dict1start=30
dict1end=49
dict2start=50
dict2end=69
chunksize=1000000
('FASTQfile: ', 'data/ERX009609_1/input.quality')
Read Length:  100
Error Probability: 
[ 0.0018417   0.00055531  0.00053304  0.00055777  0.00054215  0.00077413
  0.00052061  0.00051614  0.00052325  0.00066441  0.00050491  0.00051267
  0.0005852   0.00054274  0.00063427  0.00062084  0.00069297  0.00065347
  0.00063661  0.00073181  0.00072843  0.00075799  0.00085925  0.00086827
  0.00103574  0.00135621  0.00149252  0.00161023  0.00185324  0.00192415
  0.00254889  0.002227    0.00230201  0.00245904  0.00259437  0.00283268
  0.00293466  0.00296965  0.0030916   0.00348416  0.00343587  0.0035403
  0.00380449  0.00380682  0.00407642  0.00421037  0.00424971  0.00439829
  0.00462286  0.00482477  0.00526495  0.00531165  0.00528862  0.0055899
  0.00584351  0.00610438  0.006181    0.00646896  0.00666865  0.00696345
  0.00750588  0.00763607  0.00782563  0.00802761  0.00840294  0.00919988
  0.00939322  0.00969521  0.01009493  0.01058858  0.01138391  0.01142709
  0.01178715  0.0122791   0.0128039   0.01393     0.01434479  0.01470483
  0.01534221  0.01615478  0.01772736  0.01806896  0.01863849  0.0192151
  0.02035942  0.02229829  0.02260094  0.02328664  0.02422243  0.02582687
  0.02861476  0.02942656  0.03029612  0.03168812  0.03416592  0.03877604
  0.03999543  0.04163396  0.0442553   0.04937664]
Entropy per position: 
[ 0.0164669   0.00592617  0.00571998  0.00594878  0.00580448  0.00789021
  0.00560427  0.00556258  0.00562892  0.00691846  0.0054576   0.00553016
  0.00620085  0.00580991  0.00664706  0.00652553  0.00717369  0.00682015
  0.00666819  0.00751825  0.00748837  0.00774872  0.00862836  0.00870585
  0.01012133  0.01272529  0.01379789  0.0147096   0.0165534   0.01708241
  0.02159373  0.01930101  0.01984093  0.02096002  0.02191271  0.02356593
  0.02426435  0.02450281  0.0253293   0.02794366  0.02762565  0.02831212
  0.03002909  0.03004413  0.03176861  0.03261577  0.03286334  0.03379383
  0.03518639  0.03642493  0.03908324  0.03936211  0.03922467  0.04101117
  0.0424967   0.04400806  0.04444888  0.04609333  0.04722274  0.04887424
  0.05186615  0.05257561  0.05360285  0.05469004  0.05669078  0.06085947
  0.06185527  0.06339917  0.06542172  0.06788777  0.0717909   0.07200044
  0.0737385   0.0760873   0.07856128  0.08376525  0.08564793  0.08726784
  0.09010417  0.09366399  0.10038555  0.10181789  0.10418497  0.10655538
  0.11118492  0.11881532  0.1199834   0.12260779  0.12614145  0.13207665
  0.14204333  0.14486789  0.14785651  0.15256381  0.1607199   0.17519338
  0.17887998  0.18374606  0.19133042  0.20548292]
Number of Reads:  669870271
Readlength:  100
Genome Size:  3101809637
Noise bits per base: 0.0546100073411
Noise Size (in bytes):  457270255.211
FASTA Size (in bytes):  598591079
FASTA bits per base:  1.54384994323
Multinomial Size (in bytes):  318145995.142
Total Size (in bytes):  1374007329.35
Bits per base:  0.164092349082
Compressed Output Size (in bytes):  2508134400
Compressed Output bits per base:  0.29953673224
