('FASTQfile: ', 'data/SRR065390/input.quality')
Read Length:  100
Error Probability: 
[ 0.00985581  0.00803871  0.00811925  0.00823516  0.00847625  0.00872633
  0.00887508  0.00897172  0.00915084  0.0096069   0.01059286  0.01078993
  0.01064077  0.01172085  0.01108174  0.01279775  0.01193522  0.01306724
  0.01308103  0.01351121  0.013362    0.01404365  0.01664888  0.0140784
  0.01447291  0.01612627  0.0156069   0.015846    0.01617326  0.01682947
  0.01779938  0.01804834  0.01828865  0.01870538  0.0192433   0.02049515
  0.02070275  0.02107985  0.02157619  0.02213565  0.02362248  0.02390074
  0.02420203  0.02494321  0.02716225  0.02823541  0.02777714  0.02869493
  0.02964891  0.02981143  0.03175922  0.0323505   0.03298324  0.03398334
  0.03665579  0.03924402  0.03980388  0.04060284  0.04173578  0.04344269
  0.04650379  0.04722125  0.04810556  0.04966845  0.05176886  0.0556973
  0.05715637  0.05839857  0.06024282  0.06286359  0.06766221  0.0687414
  0.07059048  0.07255654  0.07608618  0.0815906   0.08314945  0.08521104
  0.08840431  0.09326122  0.10091725  0.10316486  0.10592137  0.10995444
  0.11596553  0.12524193  0.12786701  0.13143761  0.13665754  0.14451676
  0.15707067  0.16046184  0.16537911  0.17244496  0.1834099   0.20064835
  0.20502713  0.21059802  0.21871701  0.23189358]
Entropy per position: 
[ 0.06421466  0.05474957  0.05518083  0.05579949  0.05707872  0.05839513
  0.05917316  0.05967668  0.06060594  0.06294917  0.06790899  0.0688839
  0.06814651  0.07341969  0.07031787  0.07853246  0.07444855  0.07979075
  0.07985492  0.08184609  0.08115775  0.08428287  0.09579912  0.08444087
  0.0862259   0.09354011  0.09127053  0.09231845  0.09374424  0.09657406
  0.10068835  0.10173171  0.10273404  0.10446127  0.10667063  0.11172767
  0.11255522  0.11405065  0.11600377  0.11818514  0.12388226  0.12493284
  0.12606501  0.12882661  0.13690352  0.14071177  0.13909307  0.14232377
  0.14563568  0.14619529  0.15280178  0.15477156  0.15686161  0.16012829
  0.16864511  0.17661494  0.17830461  0.18069543  0.1840452   0.18900498
  0.19764866  0.19962975  0.20204883  0.20626425  0.21181224  0.22184439
  0.22546109  0.22849523  0.23292545  0.23907251  0.24989622  0.25225661
  0.25624009  0.26039314  0.26764244  0.27844108  0.28139163  0.28522327
  0.29100355  0.29944714  0.31194643  0.315436    0.31960825  0.32550486
  0.3338506   0.34573948  0.34889488  0.35304401  0.35882075  0.36689301
  0.37830426  0.38108728  0.38490449  0.38994857  0.39678227  0.40520279
  0.40690881  0.40883431  0.41115961  0.41375503]
Number of Reads:  67617092
Readlength:  100
Genome Size:  100286750
Noise bits per base: 0.186193420173
Noise Size (in bytes):  157373220.271
FASTA Size (in bytes):  22105409
FASTA bits per base:  1.76337623864
Multinomial Size (in bytes):  20411138.2154
Total Size (in bytes):  199889767.486
Bits per base:  0.236496142113
Compressed Output Size (in bytes):  213796092
Compressed Output bits per base:  0.252949170899
