SRR327342_1
*** Preprocessing ***
data/fastq/SRR327342_1.fastq
Preprocessing Done!
Read length: 63
Number of reads: 14415445
Reading file: data/fastq/input_clean.dna
Constructing dictionaries
Reordering reads
Reordering done, 613801 were unmatched
Writing to file
Done!
Read length: 63
Number of reads: 14415445
Encoding reads
Encoding done

7-Zip [64] 16.02 : Copyright (c) 1999-2016 Igor Pavlov : 2016-05-21
p7zip Version 16.02 (locale=en_IN.UTF-8,Utf16=on,HugeFiles=on,64 bits,80 CPUs Intel(R) Xeon(R) CPU E5-2698 v4 @ 2.20GHz (406F1),ASM,AES-NI)

Scanning the drive:
1 file, 14415445 bytes (14 MiB)

Creating archive: data/fastq/output/read_pos.txt.7z

Items to compress: 1


Files read from disk: 1
Archive size: 3178937 bytes (3105 KiB)
Everything is Ok

7-Zip [64] 16.02 : Copyright (c) 1999-2016 Igor Pavlov : 2016-05-21
p7zip Version 16.02 (locale=en_IN.UTF-8,Utf16=on,HugeFiles=on,64 bits,80 CPUs Intel(R) Xeon(R) CPU E5-2698 v4 @ 2.20GHz (406F1),ASM,AES-NI)

Scanning the drive:
1 file, 4280453 bytes (4181 KiB)

Creating archive: data/fastq/output/read_noise.txt.7z

Items to compress: 1


Files read from disk: 1
Archive size: 1853745 bytes (1811 KiB)
Everything is Ok

7-Zip [64] 16.02 : Copyright (c) 1999-2016 Igor Pavlov : 2016-05-21
p7zip Version 16.02 (locale=en_IN.UTF-8,Utf16=on,HugeFiles=on,64 bits,80 CPUs Intel(R) Xeon(R) CPU E5-2698 v4 @ 2.20GHz (406F1),ASM,AES-NI)

Scanning the drive:
1 file, 2706370 bytes (2643 KiB)

Creating archive: data/fastq/output/read_noisepos.txt.7z

Items to compress: 1


Files read from disk: 1
Archive size: 1894931 bytes (1851 KiB)
Everything is Ok

7-Zip [64] 16.02 : Copyright (c) 1999-2016 Igor Pavlov : 2016-05-21
p7zip Version 16.02 (locale=en_IN.UTF-8,Utf16=on,HugeFiles=on,64 bits,80 CPUs Intel(R) Xeon(R) CPU E5-2698 v4 @ 2.20GHz (406F1),ASM,AES-NI)

Scanning the drive:
1 file, 39760256 bytes (38 MiB)

Creating archive: data/fastq/output/input_N.dna.7z

Items to compress: 1


Files read from disk: 1
Archive size: 8867159 bytes (8660 KiB)
Everything is Ok

7-Zip [64] 16.02 : Copyright (c) 1999-2016 Igor Pavlov : 2016-05-21
p7zip Version 16.02 (locale=en_IN.UTF-8,Utf16=on,HugeFiles=on,64 bits,80 CPUs Intel(R) Xeon(R) CPU E5-2698 v4 @ 2.20GHz (406F1),ASM,AES-NI)

Scanning the drive:
1 file, 3 bytes (1 KiB)

Creating archive: data/fastq/output/read_meta.txt.7z

Items to compress: 1


Files read from disk: 1
Archive size: 177 bytes (1 KiB)
Everything is Ok

7-Zip [64] 16.02 : Copyright (c) 1999-2016 Igor Pavlov : 2016-05-21
p7zip Version 16.02 (locale=en_IN.UTF-8,Utf16=on,HugeFiles=on,64 bits,80 CPUs Intel(R) Xeon(R) CPU E5-2698 v4 @ 2.20GHz (406F1),ASM,AES-NI)

Scanning the drive:
1 file, 14415445 bytes (14 MiB)

Creating archive: data/fastq/output/read_rev.txt.7z

Items to compress: 1


Files read from disk: 1
Archive size: 1690902 bytes (1652 KiB)
Everything is Ok
This is bsc, Block Sorting Compressor. Version 3.1.0. 8 July 2012.
Copyright (c) 2009-2012 Ilya Grebnov <Ilya.Grebnov@gmail.com>.

Compressing data/fastq/output/read_seq.txt(00%)data/fastq/output/read_seq.txt compressed 12687139 into 11272140 in 2.030 seconds.

7-Zip [64] 16.02 : Copyright (c) 1999-2016 Igor Pavlov : 2016-05-21
p7zip Version 16.02 (locale=en_IN.UTF-8,Utf16=on,HugeFiles=on,64 bits,80 CPUs Intel(R) Xeon(R) CPU E5-2698 v4 @ 2.20GHz (406F1),ASM,AES-NI)

Scanning the drive:
1 file, 57661780 bytes (55 MiB)

Creating archive: data/fastq/output/read_order.bin.7z

Items to compress: 1


Files read from disk: 1
Archive size: 42994043 bytes (42 MiB)
Everything is Ok

7-Zip [64] 16.02 : Copyright (c) 1999-2016 Igor Pavlov : 2016-05-21
p7zip Version 16.02 (locale=en_IN.UTF-8,Utf16=on,HugeFiles=on,64 bits,80 CPUs Intel(R) Xeon(R) CPU E5-2698 v4 @ 2.20GHz (406F1),ASM,AES-NI)

Scanning the drive:
1 file, 2485016 bytes (2427 KiB)

Creating archive: data/fastq/output/read_order_N.bin.7z

Items to compress: 1


Files read from disk: 1
Archive size: 621682 bytes (608 KiB)
Everything is Ok
	Command being timed: "./run_default.sh -c data/fastq/SRR327342_1.fastq -p"
	User time (seconds): 324.40
	System time (seconds): 6.39
	Percent of CPU this job got: 278%
	Elapsed (wall clock) time (h:mm:ss or m:ss): 1:58.82
	Average shared text size (kbytes): 0
	Average unshared data size (kbytes): 0
	Average stack size (kbytes): 0
	Average total size (kbytes): 0
	Maximum resident set size (kbytes): 475720
	Average resident set size (kbytes): 0
	Major (requiring I/O) page faults: 0
	Minor (reclaiming a frame) page faults: 364415
	Voluntary context switches: 80233
	Involuntary context switches: 332
	Swaps: 0
	File system inputs: 5493400
	File system outputs: 7046224
	Socket messages sent: 0
	Socket messages received: 0
	Signals delivered: 0
	Page size (bytes): 4096
	Exit status: 0
Decompression ...

7-Zip [64] 16.02 : Copyright (c) 1999-2016 Igor Pavlov : 2016-05-21
p7zip Version 16.02 (locale=en_IN.UTF-8,Utf16=on,HugeFiles=on,64 bits,80 CPUs Intel(R) Xeon(R) CPU E5-2698 v4 @ 2.20GHz (406F1),ASM,AES-NI)

Scanning the drive for archives:
1 file, 3178937 bytes (3105 KiB)

Extracting archive: data/fastq/output/read_pos.txt.7z
--
Path = data/fastq/output/read_pos.txt.7z
Type = 7z
Physical Size = 3178937
Headers Size = 170
Method = LZMA2:24
Solid = -
Blocks = 1

Everything is Ok

Size:       14415445
Compressed: 3178937

7-Zip [64] 16.02 : Copyright (c) 1999-2016 Igor Pavlov : 2016-05-21
p7zip Version 16.02 (locale=en_IN.UTF-8,Utf16=on,HugeFiles=on,64 bits,80 CPUs Intel(R) Xeon(R) CPU E5-2698 v4 @ 2.20GHz (406F1),ASM,AES-NI)

Scanning the drive for archives:
1 file, 1853745 bytes (1811 KiB)

Extracting archive: data/fastq/output/read_noise.txt.7z
--
Path = data/fastq/output/read_noise.txt.7z
Type = 7z
Physical Size = 1853745
Headers Size = 170
Method = LZMA2:6m
Solid = -
Blocks = 1

Everything is Ok

Size:       4280453
Compressed: 1853745

7-Zip [64] 16.02 : Copyright (c) 1999-2016 Igor Pavlov : 2016-05-21
p7zip Version 16.02 (locale=en_IN.UTF-8,Utf16=on,HugeFiles=on,64 bits,80 CPUs Intel(R) Xeon(R) CPU E5-2698 v4 @ 2.20GHz (406F1),ASM,AES-NI)

Scanning the drive for archives:
1 file, 1894931 bytes (1851 KiB)

Extracting archive: data/fastq/output/read_noisepos.txt.7z
--
Path = data/fastq/output/read_noisepos.txt.7z
Type = 7z
Physical Size = 1894931
Headers Size = 178
Method = LZMA2:3m
Solid = -
Blocks = 1

Everything is Ok

Size:       2706370
Compressed: 1894931

7-Zip [64] 16.02 : Copyright (c) 1999-2016 Igor Pavlov : 2016-05-21
p7zip Version 16.02 (locale=en_IN.UTF-8,Utf16=on,HugeFiles=on,64 bits,80 CPUs Intel(R) Xeon(R) CPU E5-2698 v4 @ 2.20GHz (406F1),ASM,AES-NI)

Scanning the drive for archives:
1 file, 8867159 bytes (8660 KiB)

Extracting archive: data/fastq/output/input_N.dna.7z
--
Path = data/fastq/output/input_N.dna.7z
Type = 7z
Physical Size = 8867159
Headers Size = 162
Method = LZMA2:24
Solid = -
Blocks = 1

Everything is Ok

Size:       39760256
Compressed: 8867159

7-Zip [64] 16.02 : Copyright (c) 1999-2016 Igor Pavlov : 2016-05-21
p7zip Version 16.02 (locale=en_IN.UTF-8,Utf16=on,HugeFiles=on,64 bits,80 CPUs Intel(R) Xeon(R) CPU E5-2698 v4 @ 2.20GHz (406F1),ASM,AES-NI)

Scanning the drive for archives:
1 file, 177 bytes (1 KiB)

Extracting archive: data/fastq/output/read_meta.txt.7z
--
Path = data/fastq/output/read_meta.txt.7z
Type = 7z
Physical Size = 177
Headers Size = 170
Method = LZMA2:12
Solid = -
Blocks = 1

Everything is Ok

Size:       3
Compressed: 177

7-Zip [64] 16.02 : Copyright (c) 1999-2016 Igor Pavlov : 2016-05-21
p7zip Version 16.02 (locale=en_IN.UTF-8,Utf16=on,HugeFiles=on,64 bits,80 CPUs Intel(R) Xeon(R) CPU E5-2698 v4 @ 2.20GHz (406F1),ASM,AES-NI)

Scanning the drive for archives:
1 file, 1690902 bytes (1652 KiB)

Extracting archive: data/fastq/output/read_rev.txt.7z
--
Path = data/fastq/output/read_rev.txt.7z
Type = 7z
Physical Size = 1690902
Headers Size = 170
Method = LZMA2:24
Solid = -
Blocks = 1

Everything is Ok

Size:       14415445
Compressed: 1690902
This is bsc, Block Sorting Compressor. Version 3.1.0. 8 July 2012.
Copyright (c) 2009-2012 Ilya Grebnov <Ilya.Grebnov@gmail.com>.

Decompressing data/fastq/output/read_seq.txt.bsc(00%)data/fastq/output/read_seq.txt.bsc decompressed 11272140 into 12687139 in 1.764 seconds.
Read length: 63
Decoding reads
Decoding done
	Command being timed: "./run_default.sh -d data/fastq/SRR327342_1.tar"
	User time (seconds): 6.01
	System time (seconds): 0.96
	Percent of CPU this job got: 100%
	Elapsed (wall clock) time (h:mm:ss or m:ss): 0:06.98
	Average shared text size (kbytes): 0
	Average unshared data size (kbytes): 0
	Average stack size (kbytes): 0
	Average total size (kbytes): 0
	Maximum resident set size (kbytes): 70184
	Average resident set size (kbytes): 0
	Major (requiring I/O) page faults: 0
	Minor (reclaiming a frame) page faults: 19478
	Voluntary context switches: 49
	Involuntary context switches: 31
	Swaps: 0
	File system inputs: 0
	File system outputs: 2325992
	Socket messages sent: 0
	Socket messages received: 0
	Signals delivered: 0
	Page size (bytes): 4096
	Exit status: 0
Decompression ...

7-Zip [64] 16.02 : Copyright (c) 1999-2016 Igor Pavlov : 2016-05-21
p7zip Version 16.02 (locale=en_IN.UTF-8,Utf16=on,HugeFiles=on,64 bits,80 CPUs Intel(R) Xeon(R) CPU E5-2698 v4 @ 2.20GHz (406F1),ASM,AES-NI)

Scanning the drive for archives:
1 file, 3178937 bytes (3105 KiB)

Extracting archive: data/fastq/output/read_pos.txt.7z
--
Path = data/fastq/output/read_pos.txt.7z
Type = 7z
Physical Size = 3178937
Headers Size = 170
Method = LZMA2:24
Solid = -
Blocks = 1

Everything is Ok

Size:       14415445
Compressed: 3178937

7-Zip [64] 16.02 : Copyright (c) 1999-2016 Igor Pavlov : 2016-05-21
p7zip Version 16.02 (locale=en_IN.UTF-8,Utf16=on,HugeFiles=on,64 bits,80 CPUs Intel(R) Xeon(R) CPU E5-2698 v4 @ 2.20GHz (406F1),ASM,AES-NI)

Scanning the drive for archives:
1 file, 1853745 bytes (1811 KiB)

Extracting archive: data/fastq/output/read_noise.txt.7z
--
Path = data/fastq/output/read_noise.txt.7z
Type = 7z
Physical Size = 1853745
Headers Size = 170
Method = LZMA2:6m
Solid = -
Blocks = 1

Everything is Ok

Size:       4280453
Compressed: 1853745

7-Zip [64] 16.02 : Copyright (c) 1999-2016 Igor Pavlov : 2016-05-21
p7zip Version 16.02 (locale=en_IN.UTF-8,Utf16=on,HugeFiles=on,64 bits,80 CPUs Intel(R) Xeon(R) CPU E5-2698 v4 @ 2.20GHz (406F1),ASM,AES-NI)

Scanning the drive for archives:
1 file, 1894931 bytes (1851 KiB)

Extracting archive: data/fastq/output/read_noisepos.txt.7z
--
Path = data/fastq/output/read_noisepos.txt.7z
Type = 7z
Physical Size = 1894931
Headers Size = 178
Method = LZMA2:3m
Solid = -
Blocks = 1

Everything is Ok

Size:       2706370
Compressed: 1894931

7-Zip [64] 16.02 : Copyright (c) 1999-2016 Igor Pavlov : 2016-05-21
p7zip Version 16.02 (locale=en_IN.UTF-8,Utf16=on,HugeFiles=on,64 bits,80 CPUs Intel(R) Xeon(R) CPU E5-2698 v4 @ 2.20GHz (406F1),ASM,AES-NI)

Scanning the drive for archives:
1 file, 8867159 bytes (8660 KiB)

Extracting archive: data/fastq/output/input_N.dna.7z
--
Path = data/fastq/output/input_N.dna.7z
Type = 7z
Physical Size = 8867159
Headers Size = 162
Method = LZMA2:24
Solid = -
Blocks = 1

Everything is Ok

Size:       39760256
Compressed: 8867159

7-Zip [64] 16.02 : Copyright (c) 1999-2016 Igor Pavlov : 2016-05-21
p7zip Version 16.02 (locale=en_IN.UTF-8,Utf16=on,HugeFiles=on,64 bits,80 CPUs Intel(R) Xeon(R) CPU E5-2698 v4 @ 2.20GHz (406F1),ASM,AES-NI)

Scanning the drive for archives:
1 file, 177 bytes (1 KiB)

Extracting archive: data/fastq/output/read_meta.txt.7z
--
Path = data/fastq/output/read_meta.txt.7z
Type = 7z
Physical Size = 177
Headers Size = 170
Method = LZMA2:12
Solid = -
Blocks = 1

Everything is Ok

Size:       3
Compressed: 177

7-Zip [64] 16.02 : Copyright (c) 1999-2016 Igor Pavlov : 2016-05-21
p7zip Version 16.02 (locale=en_IN.UTF-8,Utf16=on,HugeFiles=on,64 bits,80 CPUs Intel(R) Xeon(R) CPU E5-2698 v4 @ 2.20GHz (406F1),ASM,AES-NI)

Scanning the drive for archives:
1 file, 1690902 bytes (1652 KiB)

Extracting archive: data/fastq/output/read_rev.txt.7z
--
Path = data/fastq/output/read_rev.txt.7z
Type = 7z
Physical Size = 1690902
Headers Size = 170
Method = LZMA2:24
Solid = -
Blocks = 1

Everything is Ok

Size:       14415445
Compressed: 1690902
This is bsc, Block Sorting Compressor. Version 3.1.0. 8 July 2012.
Copyright (c) 2009-2012 Ilya Grebnov <Ilya.Grebnov@gmail.com>.

Decompressing data/fastq/output/read_seq.txt.bsc(00%)data/fastq/output/read_seq.txt.bsc decompressed 11272140 into 12687139 in 1.759 seconds.

7-Zip [64] 16.02 : Copyright (c) 1999-2016 Igor Pavlov : 2016-05-21
p7zip Version 16.02 (locale=en_IN.UTF-8,Utf16=on,HugeFiles=on,64 bits,80 CPUs Intel(R) Xeon(R) CPU E5-2698 v4 @ 2.20GHz (406F1),ASM,AES-NI)

Scanning the drive for archives:
1 file, 42994043 bytes (42 MiB)

Extracting archive: data/fastq/output/read_order.bin.7z
--
Path = data/fastq/output/read_order.bin.7z
Type = 7z
Physical Size = 42994043
Headers Size = 170
Method = LZMA2:24
Solid = -
Blocks = 1

Everything is Ok

Size:       57661780
Compressed: 42994043

7-Zip [64] 16.02 : Copyright (c) 1999-2016 Igor Pavlov : 2016-05-21
p7zip Version 16.02 (locale=en_IN.UTF-8,Utf16=on,HugeFiles=on,64 bits,80 CPUs Intel(R) Xeon(R) CPU E5-2698 v4 @ 2.20GHz (406F1),ASM,AES-NI)

Scanning the drive for archives:
1 file, 621682 bytes (608 KiB)

Extracting archive: data/fastq/output/read_order_N.bin.7z
--
Path = data/fastq/output/read_order_N.bin.7z
Type = 7z
Physical Size = 621682
Headers Size = 178
Method = LZMA2:3m
Solid = -
Blocks = 1

Everything is Ok

Size:       2485016
Compressed: 621682
Read length: 63
Decoding reads
Decoding done
Restoring order of reads
Done!
	Command being timed: "./run_default.sh -d data/fastq/SRR327342_1.tar -p"
	User time (seconds): 77.35
	System time (seconds): 31.95
	Percent of CPU this job got: 174%
	Elapsed (wall clock) time (h:mm:ss or m:ss): 1:02.78
	Average shared text size (kbytes): 0
	Average unshared data size (kbytes): 0
	Average stack size (kbytes): 0
	Average total size (kbytes): 0
	Maximum resident set size (kbytes): 2826144
	Average resident set size (kbytes): 0
	Major (requiring I/O) page faults: 0
	Minor (reclaiming a frame) page faults: 28611
	Voluntary context switches: 1317
	Involuntary context switches: 160
	Swaps: 0
	File system inputs: 0
	File system outputs: 8312672
	Socket messages sent: 0
	Socket messages received: 0
	Signals delivered: 0
	Page size (bytes): 4096
	Exit status: 0
	Command being timed: "./../pigz-2.3.4/pigz -f -p 8 data/fastq/SRR327342_1.dna.d"
	User time (seconds): 193.69
	System time (seconds): 1.05
	Percent of CPU this job got: 803%
	Elapsed (wall clock) time (h:mm:ss or m:ss): 0:24.24
	Average shared text size (kbytes): 0
	Average unshared data size (kbytes): 0
	Average stack size (kbytes): 0
	Average total size (kbytes): 0
	Maximum resident set size (kbytes): 8096
	Average resident set size (kbytes): 0
	Major (requiring I/O) page faults: 0
	Minor (reclaiming a frame) page faults: 11864
	Voluntary context switches: 20693
	Involuntary context switches: 102
	Swaps: 0
	File system inputs: 0
	File system outputs: 578536
	Socket messages sent: 0
	Socket messages received: 0
	Signals delivered: 0
	Page size (bytes): 4096
	Exit status: 0
	Input format: FastqAbundance threshold: 6 (auto)    (nb solid kmers: 11474121)
	End reads compression
		Reads count: 15036699
		Reads size: 947312037
		Compression rate: 0.0943  (89341974)
			Bloom: 19.27  (17212206)
			Anchors dict: 8.76  (7822339)    (1025410 entries)
			Reads: 0.00  (0)
				Anchor adress: 0.00  (0)
				Anchor pos: 0.00  (0) 
				Read size: 0.00  (0)
				Bifurcation: 0.00  (0)
				Other (N, error, infoBits): 0.00  (0)
			Read without anchor: 0.00  (0)
		Reads per anchor: 14
		Read without anchor: 1.26
		De Bruijn graph
			Simple path: 90.22
			Bifurcation: 4.22
			Break: 2.57
			Error: 1.11
End compression
	Input: 
		Filename: data/fastq/SRR327342_1.fastq
		Size: 2812620358  (2682 MB)
	Output: 
		Filename: data/fastq/SRR327342_1.fastq.leon
		Total Size: 89342992  (85 MB)
	Overall Compression rate: 0.0318 (31.4812)
		Header completely discarded, in '-seq-only' mode 
		Dna: 0.0943 (10.6032)

	Time: 25.15s
	Speed: 111.82 mo/s
	Command being timed: "./../leon/leon -c -file data/fastq/SRR327342_1.fastq -nb-cores 8 -seq-only -verbose 0"
	User time (seconds): 158.34
	System time (seconds): 5.39
	Percent of CPU this job got: 650%
	Elapsed (wall clock) time (h:mm:ss or m:ss): 0:25.17
	Average shared text size (kbytes): 0
	Average unshared data size (kbytes): 0
	Average stack size (kbytes): 0
	Average total size (kbytes): 0
	Maximum resident set size (kbytes): 1910668
	Average resident set size (kbytes): 0
	Major (requiring I/O) page faults: 0
	Minor (reclaiming a frame) page faults: 464005
	Voluntary context switches: 393037
	Involuntary context switches: 201
	Swaps: 0
	File system inputs: 0
	File system outputs: 2136024
	Socket messages sent: 0
	Socket messages received: 0
	Signals delivered: 0
	Page size (bytes): 4096
	Exit status: 0
Start decompression
	Input filename: data/fastq/SRR327342_1.fastq.leon
Headers were not stored, will number reads 

	Output format: Fasta
	Kmer size: 31

	Input File was compressed with leon version 1.0.0
	Block count: 301

	Output filename: data/fastq/SRR327342_1.fasta.d
	Time: 26.99s
	Speed: 39.98 mo/s
	Command being timed: "./../leon/leon -d -file data/fastq/SRR327342_1.fastq.leon -nb-cores 8 -seq-only -verbose 0"
	User time (seconds): 111.82
	System time (seconds): 0.55
	Percent of CPU this job got: 416%
	Elapsed (wall clock) time (h:mm:ss or m:ss): 0:26.99
	Average shared text size (kbytes): 0
	Average unshared data size (kbytes): 0
	Average stack size (kbytes): 0
	Average total size (kbytes): 0
	Maximum resident set size (kbytes): 104652
	Average resident set size (kbytes): 0
	Major (requiring I/O) page faults: 0
	Minor (reclaiming a frame) page faults: 8591
	Voluntary context switches: 82
	Involuntary context switches: 98
	Swaps: 0
	File system inputs: 0
	File system outputs: 2108016
	Socket messages sent: 0
	Socket messages received: 0
	Signals delivered: 0
	Page size (bytes): 4096
	Exit status: 0
	Command being timed: "./../orcom/bin/orcom_bin e -idata/fastq/SRR327342_1.fastq -odata/fastq/SRR327342_1.bin -t8"
	User time (seconds): 29.06
	System time (seconds): 2.16
	Percent of CPU this job got: 539%
	Elapsed (wall clock) time (h:mm:ss or m:ss): 0:05.79
	Average shared text size (kbytes): 0
	Average unshared data size (kbytes): 0
	Average stack size (kbytes): 0
	Average total size (kbytes): 0
	Maximum resident set size (kbytes): 2875320
	Average resident set size (kbytes): 0
	Major (requiring I/O) page faults: 0
	Minor (reclaiming a frame) page faults: 140826
	Voluntary context switches: 15000
	Involuntary context switches: 46
	Swaps: 0
	File system inputs: 0
	File system outputs: 455608
	Socket messages sent: 0
	Socket messages received: 0
	Signals delivered: 0
	Page size (bytes): 4096
	Exit status: 0
	Command being timed: "./../orcom/bin/orcom_pack e -idata/fastq/SRR327342_1.bin -odata/fastq/SRR327342_1.orcom -t8"
	User time (seconds): 67.73
	System time (seconds): 0.42
	Percent of CPU this job got: 790%
	Elapsed (wall clock) time (h:mm:ss or m:ss): 0:08.62
	Average shared text size (kbytes): 0
	Average unshared data size (kbytes): 0
	Average stack size (kbytes): 0
	Average total size (kbytes): 0
	Maximum resident set size (kbytes): 145132
	Average resident set size (kbytes): 0
	Major (requiring I/O) page faults: 0
	Minor (reclaiming a frame) page faults: 63365
	Voluntary context switches: 5652
	Involuntary context switches: 78
	Swaps: 0
	File system inputs: 0
	File system outputs: 70304
	Socket messages sent: 0
	Socket messages received: 0
	Signals delivered: 0
	Page size (bytes): 4096
	Exit status: 0
	Command being timed: "./../orcom/bin/orcom_pack d -idata/fastq/SRR327342_1.orcom -odata/fastq/SRR327342_1_orcom.dna -t8"
	User time (seconds): 12.18
	System time (seconds): 0.74
	Percent of CPU this job got: 836%
	Elapsed (wall clock) time (h:mm:ss or m:ss): 0:01.54
	Average shared text size (kbytes): 0
	Average unshared data size (kbytes): 0
	Average stack size (kbytes): 0
	Average total size (kbytes): 0
	Maximum resident set size (kbytes): 225280
	Average resident set size (kbytes): 0
	Major (requiring I/O) page faults: 0
	Minor (reclaiming a frame) page faults: 37434
	Voluntary context switches: 5240
	Involuntary context switches: 7
	Swaps: 0
	File system inputs: 0
	File system outputs: 1879592
	Socket messages sent: 0
	Socket messages received: 0
	Signals delivered: 0
	Page size (bytes): 4096
	Exit status: 0
