('FASTQfile: ', 'data/SRR327342_1/input.quality')
Read Length:  63
Error Probability: 
[ 0.00181306  0.00172286  0.00172446  0.00176179  0.00174411  0.00176352
  0.00183068  0.00182188  0.00186926  0.00182591  0.00186847  0.00196357
  0.00196844  0.0020207   0.00213054  0.00221786  0.00228704  0.00245151
  0.00269526  0.0028418   0.00309542  0.00336878  0.00375454  0.00422063
  0.0045756   0.00533919  0.00581069  0.00620677  0.00655351  0.00707681
  0.00751315  0.00790888  0.00830173  0.00896119  0.00944615  0.01014997
  0.01082595  0.01141191  0.0121156   0.01273764  0.01359645  0.01468252
  0.0155667   0.01636665  0.01739073  0.0185106   0.01980724  0.02082564
  0.02185512  0.02281108  0.02380051  0.02510655  0.02642292  0.02765147
  0.02926469  0.03077484  0.03349248  0.03562034  0.03777178  0.0402972
  0.04261155  0.04684056  0.05535754]
Entropy per position: 
[ 0.01625184  0.01557031  0.0155824   0.01586528  0.01573149  0.01587838
  0.01638425  0.01631816  0.01667321  0.01634841  0.01666735  0.01737491
  0.01741095  0.01779672  0.01860125  0.01923493  0.01973347  0.02090669
  0.02261635  0.02362863  0.02535507  0.02718218  0.02970655  0.03268038
  0.0348947   0.03952622  0.04230536  0.04459678  0.04657257  0.0495044
  0.05190582  0.05405185  0.05615374  0.05962188  0.06212692  0.06569837
  0.06906151  0.07192683  0.07530995  0.07825065  0.08223821  0.08716786
  0.09109381  0.0945822   0.09896457  0.10365567  0.10896314  0.11304364
  0.11709395  0.12079091  0.12455495  0.1294308   0.13424344  0.13864723
  0.14430735  0.14948592  0.15853055  0.16538105  0.17211406  0.17978364
  0.18660281  0.19858064  0.22099389]
Number of Reads:  15036699
Readlength:  63
Genome Size:  12158006
Noise bits per base: 0.071289793869
Noise Size (in bytes):  8441709.98091
FASTA Size (in bytes):  2808461
FASTA bits per base:  1.84797474191
Multinomial Size (in bytes):  3371810.11194
Total Size (in bytes):  14621981.0929
Bits per base:  0.123481856214
Compressed Output Size (in bytes):  28543384
Compressed Output bits per base:  0.24104736674
