
basename="SRR870667_1"
URL_1="ftp://ftp.sra.ebi.ac.uk/vol1/fastq/SRR870/SRR870667/SRR870667_1.fastq.gz"

URL_genome="ftp://ftp.ensemblgenomes.org/pub/plants/release-34/fasta/theobroma_cacao/dna/Theobroma_cacao.Theobroma_cacao_20110822.dna.toplevel.fa.gz"

maxmatch=35
thresh=8
numdict=2
dict1start=35
dict1end=55
dict2start=53
dict2end=73
num_thr=8
('FASTQfile: ', 'data/SRR870667_1/input.quality')
Read Length:  108
Error Probability: 
[ 0.00090646  0.00092021  0.00092171  0.00095303  0.00096668  0.00149509
  0.00107633  0.00109785  0.00113216  0.00118894  0.00130907  0.0014958
  0.00165881  0.00144098  0.00158589  0.00197689  0.00358148  0.00208381
  0.00217593  0.00222868  0.00255732  0.00259054  0.00262961  0.00275347
  0.00286981  0.00320342  0.00323925  0.00334711  0.00361986  0.00365641
  0.00407873  0.00452541  0.0042114   0.00443405  0.00452816  0.00494106
  0.00500005  0.00510514  0.00526305  0.00550788  0.00625141  0.00608801
  0.00621525  0.00641259  0.00669985  0.00727942  0.00735142  0.0074865
  0.00770416  0.00801352  0.00868894  0.00877054  0.00894233  0.00928404
  0.00956399  0.01030406  0.01043306  0.01061468  0.01089491  0.01133917
  0.01292815  0.01234199  0.01250266  0.01283264  0.01331833  0.01439059
  0.01440612  0.01464113  0.01499816  0.01533138  0.01642081  0.01657772
  0.01688901  0.01758993  0.01795141  0.01912877  0.01933236  0.01966832
  0.02022925  0.02112136  0.02266551  0.02299231  0.02353026  0.02587683
  0.02505081  0.02708487  0.02792181  0.02793203  0.02878555  0.03059038
  0.03271592  0.00374689  0.00381678  0.00385935  0.00394605  0.00413306
  0.00414356  0.00418648  0.00426084  0.00436783  0.00463413  0.00467403
  0.00476792  0.00482975  0.0049859   0.00530877  0.00524931  0.00529379]
Entropy per position: 
[ 0.0090325   0.00914951  0.00916223  0.0094276   0.0095428   0.01381793
  0.0104583   0.01063605  0.01091811  0.01138171  0.01234979  0.01382344
  0.01508217  0.0133945   0.0145221   0.01747347  0.02858158  0.01825998
  0.01893127  0.01931312  0.02165294  0.0218859   0.02215915  0.02301976
  0.02382082  0.02608093  0.0263206   0.02703855  0.0288321   0.0290701
  0.03178329  0.03458406  0.03262223  0.03401666  0.03460112  0.03713268
  0.03749019  0.03812458  0.03907191  0.0405272   0.04485274  0.04391373
  0.04464546  0.04577292  0.04739841  0.05062419  0.05102017  0.05176025
  0.05294536  0.0546144   0.05819897  0.05862673  0.05952367  0.06129364
  0.06273007  0.06647065  0.06711455  0.06801722  0.06940111  0.07157357
  0.07914234  0.07638551  0.07714514  0.07869582  0.08095582  0.08585474
  0.0859248   0.0869822   0.08857806  0.09005628  0.09481627  0.09549294
  0.09682895  0.09980658  0.10132611  0.10620211  0.10703428  0.10840063
  0.11066318  0.11421465  0.12023181  0.12148499  0.12353299  0.13225904
  0.12922481  0.13662651  0.13960528  0.1396414   0.14264037  0.14885939
  0.15598083  0.02965704  0.03010831  0.03038222  0.03093802  0.03212763
  0.03219401  0.03246512  0.03293332  0.03360364  0.03525584  0.03550148
  0.03607747  0.03645531  0.03740452  0.03934488  0.03898973  0.03925554]
Number of Reads:  69230235
Readlength:  108
Genome Size:  346059004
Noise bits per base: 0.0551192463526
Noise Size (in bytes):  51514898.1032
FASTA Size (in bytes):  62376708
FASTA bits per base:  1.44199011796
Multinomial Size (in bytes):  33747872.8676
Total Size (in bytes):  147639478.971
Bits per base:  0.157969385797
Compressed Output Size (in bytes):  1382553600
Compressed Output bits per base:  1.47928687195
