('FASTQfile: ', 'data/SRR870667_2/input.quality')
Read Length:  74
Error Probability: 
[ 0.0053344   0.00543951  0.00561049  0.0056182   0.00570321  0.00579099
  0.00593278  0.00622692  0.00622767  0.00627615  0.0063756   0.00651712
  0.0068077   0.00685707  0.00692833  0.00706395  0.00738184  0.00755911
  0.00761151  0.00769296  0.00782675  0.00803339  0.00887919  0.00844394
  0.00856193  0.00870037  0.00890113  0.00931984  0.00938939  0.00954272
  0.00973034  0.00995828  0.01042755  0.01053323  0.01070277  0.01092387
  0.01118269  0.01172405  0.01185166  0.01203863  0.01229206  0.01265977
  0.01331435  0.01345432  0.01370443  0.01492444  0.0144608   0.01518089
  0.0153529   0.01559927  0.01598613  0.01655041  0.01726829  0.01744677
  0.01776077  0.01821602  0.01880618  0.01976051  0.02003893  0.02041549
  0.02092035  0.02166537  0.02281439  0.02315291  0.0235877   0.02424854
  0.02514705  0.02653556  0.02697738  0.02769685  0.02834539  0.02927315
  0.03112914  0.03160141]
Entropy per position: 
[ 0.03949767  0.04012243  0.04113241  0.04117776  0.04167692  0.04219037
  0.04301572  0.04471238  0.04471667  0.04499437  0.04556222  0.0463665
  0.04800401  0.04828041  0.04867844  0.04943305  0.05118715  0.0521566
  0.05244198  0.05288458  0.05360887  0.05472104  0.05919461  0.05690787
  0.05753093  0.05825897  0.05930903  0.06147804  0.06183561  0.06262132
  0.06357791  0.06473293  0.0670871   0.06761297  0.06845338  0.06954349
  0.07081131  0.07343508  0.07404816  0.07494285  0.07614881  0.077885
  0.0809374   0.08158389  0.08273386  0.08824958  0.08617132  0.08939005
  0.09015139  0.09123698  0.09293017  0.09537533  0.0984454   0.09920179
  0.10052607  0.10243162  0.10487699  0.10877407  0.10989811  0.1114093
  0.11341936  0.11635289  0.12080359  0.12209833  0.12375061  0.12623925
  0.12958037  0.13465069  0.13624119  0.13880833  0.14109859  0.14433669
  0.15068468  0.15227331]
Number of Reads:  69230235
Readlength:  74
Genome Size:  346059004
Noise bits per base: 0.0799545688569
Noise Size (in bytes):  51201280.7194
FASTA Size (in bytes):  62376708
FASTA bits per base:  1.44199011796
Multinomial Size (in bytes):  33747872.8676
Total Size (in bytes):  147325861.587
Bits per base:  0.230060177776
Compressed Output Size (in bytes):  323169776
Compressed Output bits per base:  0.504653394302
