('FASTQfile: ', 'data/SRR959239/input.quality')
Read Length:  98
Error Probability: 
[ 0.00241259  0.00233089  0.00228458  0.00203196  0.00208284  0.00198172
  0.00211721  0.00213788  0.002181    0.00220236  0.00218515  0.00227754
  0.00266962  0.00233433  0.00245721  0.00237826  0.00255329  0.00253226
  0.00260837  0.00267443  0.00266253  0.00272022  0.00276704  0.00291524
  0.03192103  0.0048353   0.00374605  0.00338572  0.00352354  0.00394717
  0.00376378  0.00395006  0.00404311  0.00425095  0.00438724  0.00452601
  0.00460962  0.0045991   0.00554806  0.00506813  0.0051514   0.00535405
  0.00541368  0.00556799  0.00581512  0.00590655  0.00602124  0.00573739
  0.00697876  0.00719847  0.00756291  0.0078092   0.0078471   0.00799468
  0.00817789  0.00816188  0.00840956  0.00851137  0.00885889  0.00897462
  0.00925413  0.0095444   0.00972502  0.01000848  0.0101324   0.01085002
  0.01117721  0.0127429   0.01307106  0.01342602  0.01386944  0.014431
  0.01524512  0.01654735  0.01678055  0.01711976  0.01717051  0.01734235
  0.01749841  0.01794616  0.0181825   0.01870238  0.01881539  0.01910298
  0.01943711  0.01987376  0.0202951   0.02085444  0.0214611   0.02220107
  0.02337953  0.02393789  0.02488619  0.02600366  0.02718664  0.02860703
  0.03031608  0.03238737]
Entropy per position: 
[ 0.02063054  0.0200479   0.01971576  0.01787957  0.01825292  0.01750915
  0.01850405  0.01865472  0.01896803  0.01912284  0.01899818  0.01966516
  0.02243804  0.02007246  0.02094704  0.02038622  0.02162459  0.02147676
  0.02201071  0.02247153  0.02238864  0.02278955  0.0231136   0.02413179
  0.15334244  0.03648917  0.02965162  0.02729437  0.02820222  0.03094522
  0.02976627  0.03096367  0.03155697  0.03287113  0.03372489  0.03458783
  0.03510473  0.03503979  0.04076449  0.0379015   0.03840281  0.03961468
  0.03996915  0.04088205  0.04233117  0.04286344  0.04352815  0.04187709
  0.04895951  0.05017784  0.05217731  0.05351403  0.05371878  0.0545133
  0.05549413  0.05540864  0.05672588  0.05726422  0.05908865  0.05969174
  0.06113947  0.06262991  0.06355084  0.0649863   0.0656101   0.06918013
  0.07078457  0.07827534  0.07980852  0.08145336  0.08348888  0.08603701
  0.08967466  0.09536214  0.09636441  0.09781385  0.09802985  0.09875959
  0.09942015  0.1013041   0.10229188  0.10444887  0.10491494  0.10609648
  0.10746123  0.109232    0.11092727  0.11315797  0.11555241  0.11843884
  0.122961    0.12507274  0.12861534  0.13272141  0.13699077  0.14201627
  0.14792465  0.15489386]
Number of Reads:  5372832
Readlength:  98
Genome Size:  4641652
Noise bits per base: 0.060751017778
Noise Size (in bytes):  3998461.40129
FASTA Size (in bytes):  1113503
FASTA bits per base:  1.91914947523
Multinomial Size (in bytes):  1246992.56324
Total Size (in bytes):  6358956.96453
Bits per base:  0.0966154399983
Compressed Output Size (in bytes):  11587280
Compressed Output bits per base:  0.17605248185
